2023-11-30 10:05:13,114 [INFO] Activator:176 - 


2023-11-30 10:05:13,125 [INFO] Activator:177 - !SESSION log4j initialized
2023-11-30 10:05:22,818 [INFO] LogOutputStream:77 - [STDOUT_REDIRECT] 
2023-11-30 10:05:24,998 [INFO] ApplicationProperties:184 - Using Application install path: /opt/st/stm32cubeide_1.13.2/plugins/com.st.stm32cube.common.mx_6.9.2.202309101412
2023-11-30 10:05:25,061 [INFO] DbMcusXml:78 - Set database path to: /opt/st/stm32cubeide_1.13.2/plugins/com.st.stm32cube.common.mx_6.9.2.202309101412//db//mcu/
2023-11-30 10:05:25,062 [INFO] ApiDb:274 - Set plugin database path to: /opt/st/stm32cubeide_1.13.2/plugins/com.st.stm32cube.common.mx_6.9.2.202309101412//db//plugins/boardmanager/
2023-11-30 10:05:25,064 [WARN] ApiDb:259 - Overriding images path with different value:  => /opt/st/stm32cubeide_1.13.2/plugins/com.st.stm32cube.common.mx_6.9.2.202309101412//db//plugins/mcufinder/images/
2023-11-30 10:05:25,095 [INFO] ApiDb:250 - Set database path to: /home/mustafa/.stmcufinder/plugins/mcufinder//mcu/
2023-11-30 10:05:25,099 [INFO] DbMcusAds:125 - Set database path to: /home/mustafa/.stmcufinder/plugins/mcufinder//mcu/
2023-11-30 10:05:25,108 [INFO] CrossReferenceDbSqlite:203 - Set database path to: /home/mustafa/.stmcufinder/plugins/mcufinder//mcu/cs/
2023-11-30 10:05:25,499 [INFO] RulesReader:64 - Compatibility file has been processed (293 Rules)
2023-11-30 10:05:25,699 [INFO] DbMcusXml:78 - Set database path to: /opt/st/stm32cubeide_1.13.2/plugins/com.st.stm32cube.common.mx_6.9.2.202309101412//db//mcu/
2023-11-30 10:05:25,700 [INFO] ApiDb:274 - Set plugin database path to: /opt/st/stm32cubeide_1.13.2/plugins/com.st.stm32cube.common.mx_6.9.2.202309101412//db//plugins/boardmanager/
2023-11-30 10:05:25,701 [INFO] ApiDb:261 - Set plugin images path to: /opt/st/stm32cubeide_1.13.2/plugins/com.st.stm32cube.common.mx_6.9.2.202309101412//db//plugins/mcufinder/images/
2023-11-30 10:05:25,702 [WARN] DbFile:41 - Overriding database path with different value: /home/mustafa/.stmcufinder/plugins/mcufinder/ => /home/mustafa/.stmcufinder/plugins/mcufinder
2023-11-30 10:05:25,702 [INFO] ApiDb:250 - Set database path to: /home/mustafa/.stmcufinder/plugins/mcufinder//mcu/
2023-11-30 10:05:25,703 [WARN] DbFile:41 - Overriding database path with different value: /home/mustafa/.stmcufinder/plugins/mcufinder/ => /home/mustafa/.stmcufinder/plugins/mcufinder
2023-11-30 10:05:25,703 [INFO] DbMcusAds:125 - Set database path to: /home/mustafa/.stmcufinder/plugins/mcufinder//mcu/
2023-11-30 10:05:25,703 [WARN] DbFile:41 - Overriding database path with different value: /home/mustafa/.stmcufinder/plugins/mcufinder/ => /home/mustafa/.stmcufinder/plugins/mcufinder
2023-11-30 10:05:25,704 [WARN] DbFile:41 - Overriding database path with different value: /home/mustafa/.stmcufinder/plugins/mcufinder/ => /home/mustafa/.stmcufinder/plugins/mcufinder
2023-11-30 10:05:25,704 [INFO] CrossReferenceDbSqlite:203 - Set database path to: /home/mustafa/.stmcufinder/plugins/mcufinder//mcu/cs/
2023-11-30 10:05:25,907 [INFO] MainPanel:262 - HeapMemory: 268435456
2023-11-30 10:05:26,120 [INFO] DbMcusXml:78 - Set database path to: /opt/st/stm32cubeide_1.13.2/plugins/com.st.stm32cube.common.mx_6.9.2.202309101412//db//mcu/
2023-11-30 10:05:26,121 [INFO] ApiDb:274 - Set plugin database path to: /opt/st/stm32cubeide_1.13.2/plugins/com.st.stm32cube.common.mx_6.9.2.202309101412//db//plugins/boardmanager/
2023-11-30 10:05:26,121 [INFO] ApiDb:261 - Set plugin images path to: /opt/st/stm32cubeide_1.13.2/plugins/com.st.stm32cube.common.mx_6.9.2.202309101412//db//plugins/mcufinder/images/
2023-11-30 10:05:26,122 [WARN] DbFile:41 - Overriding database path with different value: /home/mustafa/.stmcufinder/plugins/mcufinder/ => /home/mustafa/.stmcufinder/plugins/mcufinder
2023-11-30 10:05:26,122 [INFO] ApiDb:250 - Set database path to: /home/mustafa/.stmcufinder/plugins/mcufinder//mcu/
2023-11-30 10:05:26,123 [WARN] DbFile:41 - Overriding database path with different value: /home/mustafa/.stmcufinder/plugins/mcufinder/ => /home/mustafa/.stmcufinder/plugins/mcufinder
2023-11-30 10:05:26,123 [INFO] DbMcusAds:125 - Set database path to: /home/mustafa/.stmcufinder/plugins/mcufinder//mcu/
2023-11-30 10:05:26,123 [WARN] DbFile:41 - Overriding database path with different value: /home/mustafa/.stmcufinder/plugins/mcufinder/ => /home/mustafa/.stmcufinder/plugins/mcufinder
2023-11-30 10:05:26,124 [WARN] DbFile:41 - Overriding database path with different value: /home/mustafa/.stmcufinder/plugins/mcufinder/ => /home/mustafa/.stmcufinder/plugins/mcufinder
2023-11-30 10:05:26,124 [INFO] CrossReferenceDbSqlite:203 - Set database path to: /home/mustafa/.stmcufinder/plugins/mcufinder//mcu/cs/
2023-11-30 10:05:26,161 [INFO] ApplicationProperties:184 - Using Application install path: /opt/st/stm32cubeide_1.13.2/plugins/com.st.stm32cube.common.mx_6.9.2.202309101412
2023-11-30 10:05:26,165 [INFO] PluginManage:196 - Search for loadable plugins [exclusion list=, ]
2023-11-30 10:05:26,168 [INFO] PluginManage:310 - Check plugin analytics
2023-11-30 10:05:26,638 [INFO] AnalyticsPlugin:253 - Accepted Software Licenses: 
2023-11-30 10:05:26,639 [INFO] AnalyticsPlugin:255 - Accepted CMSIS Pack Licenses: 
2023-11-30 10:05:26,639 [INFO] AnalyticsPlugin:257 - Accepted Firmware Licenses: 
2023-11-30 10:05:26,649 [INFO] PluginManage:359 - Loaded plugin analytics (category:tool,tabindex:-1)
2023-11-30 10:05:26,650 [INFO] PluginManage:310 - Check plugin cadmodel
2023-11-30 10:05:26,762 [INFO] CADModel:105 - Init CAD model plugin
2023-11-30 10:05:26,763 [INFO] PluginManage:359 - Loaded plugin cadmodel (category:power,tabindex:5)
2023-11-30 10:05:26,763 [INFO] PluginManage:310 - Check plugin clock
2023-11-30 10:05:26,787 [INFO] PluginManage:359 - Loaded plugin clock (category:base,tabindex:2)
2023-11-30 10:05:26,787 [INFO] PluginManage:310 - Check plugin ddr
2023-11-30 10:05:26,793 [INFO] PluginManage:359 - Loaded plugin ddr (category:tool,tabindex:6)
2023-11-30 10:05:26,794 [INFO] PluginManage:310 - Check plugin filemanager
2023-11-30 10:05:27,183 [INFO] PluginManage:359 - Loaded plugin filemanager (category:base,tabindex:10)
2023-11-30 10:05:27,183 [INFO] PluginManage:310 - Check plugin ipmanager
2023-11-30 10:05:27,197 [INFO] PluginManage:359 - Loaded plugin ipmanager (category:base,tabindex:5)
2023-11-30 10:05:27,197 [INFO] PluginManage:310 - Check plugin lpbam
2023-11-30 10:05:27,220 [INFO] PluginManage:359 - Loaded plugin lpbam (category:base,tabindex:0)
2023-11-30 10:05:27,221 [INFO] PluginManage:310 - Check plugin memorymap
2023-11-30 10:05:27,249 [INFO] PluginManage:359 - Loaded plugin memorymap (category:base,tabindex:4)
2023-11-30 10:05:27,250 [INFO] PluginManage:310 - Check plugin pinoutandconfiguration
2023-11-30 10:05:27,268 [INFO] PluginManage:359 - Loaded plugin pinoutandconfiguration (category:base,tabindex:1)
2023-11-30 10:05:27,268 [INFO] PluginManage:310 - Check plugin pinoutconfig
2023-11-30 10:05:27,493 [WARN] SupportedApi:132 - Cannot load RTOS API schema: s4s-elt-must-match.1: The content of 'definitions' must match (annotation?, (simpleType | complexType)?, (unique | key | keyref)*)). A problem was found starting at: attribute.
2023-11-30 10:05:27,811 [INFO] PluginManage:359 - Loaded plugin pinoutconfig (category:base,tabindex:0)
2023-11-30 10:05:27,811 [INFO] PluginManage:310 - Check plugin power
2023-11-30 10:05:27,835 [INFO] PluginManage:359 - Loaded plugin power (category:power,tabindex:4)
2023-11-30 10:05:27,835 [INFO] PluginManage:310 - Check plugin projectmanager
2023-11-30 10:05:27,878 [INFO] PluginManage:359 - Loaded plugin projectmanager (category:projectmanager,tabindex:3)
2023-11-30 10:05:27,879 [INFO] PluginManage:310 - Check plugin thirdparty
2023-11-30 10:05:28,229 [INFO] PluginManage:359 - Loaded plugin thirdparty (category:base,tabindex:-1)
2023-11-30 10:05:28,228 [WARN] IntegrityCheckThread:84 - waiting for thirdparty lock release [integrity check]
2023-11-30 10:05:28,229 [INFO] PluginManage:310 - Check plugin tools
2023-11-30 10:05:28,229 [INFO] IntegrityCheckThread:86 - entering critical section [integrity check]
2023-11-30 10:05:28,231 [INFO] ThirdPartyUpdaterWithRetryManager:70 - Updater plugin not ready yet. [1/15]
2023-11-30 10:05:28,235 [INFO] PluginManage:359 - Loaded plugin tools (category:base,tabindex:7)
2023-11-30 10:05:28,236 [INFO] PluginManage:310 - Check plugin tutovideos
2023-11-30 10:05:28,824 [INFO] PluginManage:359 - Loaded plugin tutovideos (category:base,tabindex:-1)
2023-11-30 10:05:28,825 [INFO] PluginManage:310 - Check plugin updater
2023-11-30 10:05:28,855 [INFO] PluginManage:359 - Loaded plugin updater (category:base,tabindex:12)
2023-11-30 10:05:28,856 [INFO] PluginManage:310 - Check plugin userauth
2023-11-30 10:05:28,872 [INFO] UserAuth:113 - Init User Auth plugin
2023-11-30 10:05:28,873 [INFO] PluginManage:359 - Loaded plugin userauth (category:base,tabindex:14)
2023-11-30 10:05:28,875 [INFO] PluginManage:283 - PluginManage : Loaded plugins [17]
2023-11-30 10:05:29,519 [INFO] PinOutPanel:1499 - setPackage(No Configuration,No Configuration)
2023-11-30 10:05:29,728 [INFO] CADModel:165 - CPN selected for project level
2023-11-30 10:05:29,728 [INFO] CADModel:114 - Register for checkConnection events
2023-11-30 10:05:29,757 [INFO] IPUIPlugin:80 - create IPUIPlugin
2023-11-30 10:05:29,758 [INFO] PluginManager:220 - loadIPPluginJar : add mdma
2023-11-30 10:05:29,772 [INFO] IPUIPlugin:80 - create IPUIPlugin
2023-11-30 10:05:29,772 [INFO] PluginManager:220 - loadIPPluginJar : add i2s
2023-11-30 10:05:29,777 [INFO] IPUIPlugin:80 - create IPUIPlugin
2023-11-30 10:05:29,777 [INFO] PluginManager:220 - loadIPPluginJar : add aes
2023-11-30 10:05:29,781 [INFO] IPUIPlugin:80 - create IPUIPlugin
2023-11-30 10:05:29,781 [INFO] PluginManager:220 - loadIPPluginJar : add ts
2023-11-30 10:05:29,785 [INFO] IPUIPlugin:80 - create IPUIPlugin
2023-11-30 10:05:29,785 [INFO] PluginManager:220 - loadIPPluginJar : add tim
2023-11-30 10:05:29,795 [INFO] IPUIPlugin:80 - create IPUIPlugin
2023-11-30 10:05:29,795 [INFO] PluginManager:220 - loadIPPluginJar : add gic
2023-11-30 10:05:29,803 [INFO] IPUIPlugin:80 - create IPUIPlugin
2023-11-30 10:05:29,803 [INFO] PluginManager:220 - loadIPPluginJar : add gpio
2023-11-30 10:05:29,806 [INFO] IPUIPlugin:80 - create IPUIPlugin
2023-11-30 10:05:29,807 [INFO] PluginManager:220 - loadIPPluginJar : add ucpd
2023-11-30 10:05:29,811 [INFO] IPUIPlugin:80 - create IPUIPlugin
2023-11-30 10:05:29,811 [INFO] PluginManager:220 - loadIPPluginJar : add gfxmmu
2023-11-30 10:05:29,816 [INFO] IPUIPlugin:80 - create IPUIPlugin
2023-11-30 10:05:29,816 [INFO] PluginManager:220 - loadIPPluginJar : add can
2023-11-30 10:05:29,820 [INFO] IPUIPlugin:80 - create IPUIPlugin
2023-11-30 10:05:29,820 [INFO] PluginManager:220 - loadIPPluginJar : add cryp
2023-11-30 10:05:29,832 [INFO] IPUIPlugin:80 - create IPUIPlugin
2023-11-30 10:05:29,832 [INFO] PluginManager:220 - loadIPPluginJar : add stm32_wpan
2023-11-30 10:05:29,835 [INFO] IPUIPlugin:80 - create IPUIPlugin
2023-11-30 10:05:29,835 [INFO] PluginManager:220 - loadIPPluginJar : add genericplugin
2023-11-30 10:05:29,839 [INFO] IPUIPlugin:80 - create IPUIPlugin
2023-11-30 10:05:29,840 [INFO] PluginManager:220 - loadIPPluginJar : add usart
2023-11-30 10:05:29,846 [INFO] IPUIPlugin:80 - create IPUIPlugin
2023-11-30 10:05:29,847 [INFO] PluginManager:220 - loadIPPluginJar : add nvic
2023-11-30 10:05:29,852 [INFO] IPUIPlugin:80 - create IPUIPlugin
2023-11-30 10:05:29,853 [INFO] PluginManager:220 - loadIPPluginJar : add touchsensing
2023-11-30 10:05:29,856 [INFO] IPUIPlugin:80 - create IPUIPlugin
2023-11-30 10:05:29,856 [INFO] PluginManager:220 - loadIPPluginJar : add spi
2023-11-30 10:05:29,870 [INFO] IPUIPlugin:80 - create IPUIPlugin
2023-11-30 10:05:29,870 [INFO] PluginManager:220 - loadIPPluginJar : add linkedlist
2023-11-30 10:05:29,875 [INFO] IPUIPlugin:80 - create IPUIPlugin
2023-11-30 10:05:29,875 [INFO] PluginManager:220 - loadIPPluginJar : add opamp
2023-11-30 10:05:29,880 [INFO] IPUIPlugin:80 - create IPUIPlugin
2023-11-30 10:05:29,880 [INFO] PluginManager:220 - loadIPPluginJar : add sai
2023-11-30 10:05:29,886 [INFO] IPUIPlugin:80 - create IPUIPlugin
2023-11-30 10:05:29,886 [INFO] PluginManager:220 - loadIPPluginJar : add ipddr
2023-11-30 10:05:29,891 [INFO] IPUIPlugin:80 - create IPUIPlugin
2023-11-30 10:05:29,891 [INFO] PluginManager:220 - loadIPPluginJar : add usbx
2023-11-30 10:05:29,894 [INFO] IPUIPlugin:80 - create IPUIPlugin
2023-11-30 10:05:29,894 [INFO] PluginManager:220 - loadIPPluginJar : add tsc
2023-11-30 10:05:29,898 [INFO] IPUIPlugin:80 - create IPUIPlugin
2023-11-30 10:05:29,898 [INFO] PluginManager:220 - loadIPPluginJar : add lorawan
2023-11-30 10:05:29,910 [INFO] IPUIPlugin:80 - create IPUIPlugin
2023-11-30 10:05:29,916 [INFO] PluginManager:220 - loadIPPluginJar : add plateformsettings
2023-11-30 10:05:29,928 [INFO] IPUIPlugin:80 - create IPUIPlugin
2023-11-30 10:05:29,929 [INFO] PluginManager:220 - loadIPPluginJar : add dma
2023-11-30 10:05:29,941 [INFO] IPUIPlugin:80 - create IPUIPlugin
2023-11-30 10:05:29,941 [INFO] PluginManager:220 - loadIPPluginJar : add adc
2023-11-30 10:05:29,943 [INFO] IPUIPlugin:80 - create IPUIPlugin
2023-11-30 10:05:29,944 [INFO] PluginManager:220 - loadIPPluginJar : add ltdc
2023-11-30 10:05:29,953 [INFO] IPUIPlugin:80 - create IPUIPlugin
2023-11-30 10:05:29,953 [INFO] PluginManager:220 - loadIPPluginJar : add fmc
2023-11-30 10:05:29,958 [INFO] IPUIPlugin:80 - create IPUIPlugin
2023-11-30 10:05:29,959 [INFO] PluginManager:220 - loadIPPluginJar : add i3c
2023-11-30 10:05:29,964 [INFO] IPUIPlugin:80 - create IPUIPlugin
2023-11-30 10:05:29,964 [INFO] PluginManager:220 - loadIPPluginJar : add i2c
2023-11-30 10:05:29,968 [INFO] IPUIPlugin:80 - create IPUIPlugin
2023-11-30 10:05:29,969 [INFO] PluginManager:220 - loadIPPluginJar : add hash
2023-11-30 10:05:29,972 [INFO] IPUIPlugin:80 - create IPUIPlugin
2023-11-30 10:05:29,972 [INFO] PluginManager:220 - loadIPPluginJar : add fatfs
2023-11-30 10:05:29,975 [INFO] IPUIPlugin:80 - create IPUIPlugin
2023-11-30 10:05:29,975 [INFO] PluginManager:220 - loadIPPluginJar : add comp
2023-11-30 10:05:29,980 [INFO] IPUIPlugin:80 - create IPUIPlugin
2023-11-30 10:05:29,980 [INFO] PluginManager:220 - loadIPPluginJar : add dfsdm
2023-11-30 10:05:29,987 [INFO] IPUIPlugin:80 - create IPUIPlugin
2023-11-30 10:05:29,987 [INFO] PluginManager:220 - loadIPPluginJar : add resmgrutility
2023-11-30 10:05:29,990 [INFO] IPUIPlugin:80 - create IPUIPlugin
2023-11-30 10:05:29,991 [INFO] PluginManager:220 - loadIPPluginJar : add quadspi
2023-11-30 10:05:29,997 [INFO] IPUIPlugin:80 - create IPUIPlugin
2023-11-30 10:05:29,997 [INFO] PluginManager:220 - loadIPPluginJar : add openamp
2023-11-30 10:05:30,003 [INFO] IPUIPlugin:80 - create IPUIPlugin
2023-11-30 10:05:30,003 [INFO] PluginManager:220 - loadIPPluginJar : add gtzc
2023-11-30 10:05:30,008 [INFO] IPUIPlugin:80 - create IPUIPlugin
2023-11-30 10:05:30,009 [INFO] PluginManager:220 - loadIPPluginJar : add dma3
2023-11-30 10:05:30,014 [INFO] IPUIPlugin:80 - create IPUIPlugin
2023-11-30 10:05:30,015 [INFO] PluginManager:220 - loadIPPluginJar : add pdm2pcm
2023-11-30 10:05:30,019 [INFO] IPUIPlugin:80 - create IPUIPlugin
2023-11-30 10:05:30,019 [INFO] PluginManager:220 - loadIPPluginJar : add tracer_emb
2023-11-30 10:05:30,032 [INFO] IPUIPlugin:80 - create IPUIPlugin
2023-11-30 10:05:30,032 [INFO] PluginManager:220 - loadIPPluginJar : add freertos
2023-11-30 10:05:30,180 [INFO] CADModel:165 - CPN selected for project level
2023-11-30 10:05:30,180 [INFO] CADModel:114 - Register for checkConnection events
2023-11-30 10:05:30,181 [FATAL] Updater:308 - Updater called before beeing initialized
2023-11-30 10:05:30,181 [ERROR] CADModel:125 - Updater not yet initialized, retry later 
2023-11-30 10:05:30,573 [INFO] CADModel:165 - CPN selected for project level
2023-11-30 10:05:30,573 [INFO] CADModel:114 - Register for checkConnection events
2023-11-30 10:05:30,573 [FATAL] Updater:308 - Updater called before beeing initialized
2023-11-30 10:05:30,574 [ERROR] CADModel:125 - Updater not yet initialized, retry later 
2023-11-30 10:05:30,584 [FATAL] Updater:308 - Updater called before beeing initialized
2023-11-30 10:05:30,794 [FATAL] Updater:308 - Updater called before beeing initialized
2023-11-30 10:05:30,808 [INFO] DbMcusAds:53 - JSON generation date=Tue Mar 07 10:50:55 EET 2023 (1678179055335)
2023-11-30 10:05:30,809 [FATAL] Updater:308 - Updater called before beeing initialized
2023-11-30 10:05:30,907 [WARN] DetailPanel:346 - Failed to get advertising image, set to default
2023-11-30 10:05:31,149 [FATAL] Updater:308 - Updater called before beeing initialized
2023-11-30 10:05:31,153 [FATAL] Updater:308 - Updater called before beeing initialized
2023-11-30 10:05:31,153 [FATAL] Updater:308 - Updater called before beeing initialized
2023-11-30 10:05:31,153 [WARN] DetailPanel:346 - Failed to get advertising image, set to default
2023-11-30 10:05:31,156 [FATAL] Updater:308 - Updater called before beeing initialized
2023-11-30 10:05:31,232 [INFO] ThirdPartyUpdaterWithRetryManager:70 - Updater plugin not ready yet. [2/15]
2023-11-30 10:05:31,240 [ERROR] Updater:1120 - MainUpdater not yet initialized. External WinMGr cannot be set.
2023-11-30 10:05:31,244 [INFO] Updater:1056 - Updater Version found : 6.9.2
2023-11-30 10:05:31,288 [INFO] ApplicationProperties:184 - Using Application install path: /opt/st/stm32cubeide_1.13.2/plugins/com.st.stm32cube.common.mx_6.9.2.202309101412
2023-11-30 10:05:31,963 [INFO] MainUpdater:2868 - connection check result : 10
2023-11-30 10:05:31,983 [INFO] MainUpdater:285 - Updater Check For Update Now.
2023-11-30 10:05:31,984 [INFO] MicroXplorer:498 - Change Database Version : DB.6.0.92
2023-11-30 10:05:32,006 [INFO] McuFinderGlobals:63 - Set McuFinder mode to 2 (CubeIDE integrated)
2023-11-30 10:05:32,006 [INFO] UserAuth:179 - activating auth plugin
2023-11-30 10:05:32,022 [INFO] UserAuth:393 - Internet connection configuration mode: 1
2023-11-30 10:05:32,098 [INFO] JxBrowserEngine:151 - Initiate JxBrowser Engine with user profile folder
2023-11-30 10:05:32,641 [INFO] CheckServerUpdateThread:120 - End of CheckServer Thread
2023-11-30 10:05:34,668 [WARN] PackLoader:240 - Cannot read IP mode file for STMicroelectronics.X-CUBE-SMBUS.2.1.0
2023-11-30 10:05:34,817 [WARN] PackLoader:240 - Cannot read IP mode file for STMicroelectronics.X-CUBE-AZRTOS-F7.1.1.0
2023-11-30 10:05:34,849 [WARN] PackLoader:240 - Cannot read IP mode file for STMicroelectronics.FP-SNS-MOTENV1.4.3.2
2023-11-30 10:05:34,867 [WARN] PackLoader:240 - Cannot read IP mode file for STMicroelectronics.FP-SNS-FLIGHT1.5.0.2
2023-11-30 10:05:34,890 [WARN] PackLoader:240 - Cannot read IP mode file for STMicroelectronics.X-CUBE-DISPLAY.3.0.0
2023-11-30 10:05:34,910 [INFO] WebApp:157 - Instantiating new browser for Auth
2023-11-30 10:05:34,920 [WARN] PackLoader:240 - Cannot read IP mode file for STMicroelectronics.X-CUBE-BLE1.7.0.0
2023-11-30 10:05:34,932 [WARN] PackLoader:240 - Cannot read IP mode file for emotas.I-CUBE-CANOPEN.1.3.0
2023-11-30 10:05:34,944 [WARN] PackLoader:240 - Cannot read IP mode file for STMicroelectronics.X-CUBE-TOUCHGFX.4.22.1
2023-11-30 10:05:34,961 [WARN] PackLoader:240 - Cannot read IP mode file for STMicroelectronics.FP-SNS-SMARTAG2.1.2.0
2023-11-30 10:05:35,019 [INFO] LogOutputStream:77 - [STDOUT_REDIRECT] 1 : Invalid condition id : UX_CORESTACK_Condition cause : null
2023-11-30 10:05:35,021 [INFO] LogOutputStream:77 - [STDOUT_REDIRECT] 1 : Invalid condition id : UX_CORESTACK_Condition cause : null
2023-11-30 10:05:35,022 [INFO] LogOutputStream:77 - [STDOUT_REDIRECT] 1 : Invalid condition id : UX_CORESTACK_Condition cause : null
2023-11-30 10:05:35,023 [INFO] LogOutputStream:77 - [STDOUT_REDIRECT] 1 : Invalid condition id : UX_CORESTACK_Condition cause : null
2023-11-30 10:05:35,023 [INFO] LogOutputStream:77 - [STDOUT_REDIRECT] 1 : Invalid condition id : UX_CORESTACK_Condition cause : null
2023-11-30 10:05:35,043 [WARN] PackLoader:240 - Cannot read IP mode file for STMicroelectronics.X-CUBE-AZRTOS-WL.2.0.0
2023-11-30 10:05:35,068 [WARN] PackLoader:240 - Cannot read IP mode file for WES.I-CUBE-Cesium.1.3.0
2023-11-30 10:05:35,079 [WARN] PackLoader:240 - Cannot read IP mode file for STMicroelectronics.X-CUBE-BLE2.3.3.0
2023-11-30 10:05:35,096 [WARN] PackLoader:240 - Cannot read IP mode file for STMicroelectronics.X-CUBE-ALGOBUILD.1.3.0
2023-11-30 10:05:35,189 [WARN] PackLoader:240 - Cannot read IP mode file for STMicroelectronics.X-CUBE-AZRTOS-G0.1.1.0
2023-11-30 10:05:35,219 [WARN] PackLoader:240 - Cannot read IP mode file for STMicroelectronics.X-CUBE-NFC4.3.0.0
2023-11-30 10:05:35,274 [WARN] PackLoader:240 - Cannot read IP mode file for STMicroelectronics.X-CUBE-BLEMGR.3.0.0
2023-11-30 10:05:35,298 [WARN] PackLoader:240 - Cannot read IP mode file for STMicroelectronics.FP-ATR-SIGFOX1.3.2.0
2023-11-30 10:05:35,437 [WARN] PackLoader:240 - Cannot read IP mode file for SEGGER.I-CUBE-embOS.1.3.1
2023-11-30 10:05:35,612 [WARN] PackLoader:240 - Cannot read IP mode file for STMicroelectronics.X-CUBE-GNSS1.6.0.0
2023-11-30 10:05:35,679 [WARN] PackLoader:240 - Cannot read IP mode file for STMicroelectronics.X-CUBE-AZRTOS-F4.1.1.0
2023-11-30 10:05:35,699 [WARN] PackLoader:240 - Cannot read IP mode file for wolfSSL.I-CUBE-wolfSSL.5.6.3
2023-11-30 10:05:35,793 [WARN] PackLoader:240 - Cannot read IP mode file for STMicroelectronics.X-CUBE-AZRTOS-L5.2.0.0
2023-11-30 10:05:36,104 [WARN] PackLoader:240 - Cannot read IP mode file for STMicroelectronics.X-CUBE-MEMS1.9.6.0
2023-11-30 10:05:37,179 [WARN] PackLoader:240 - Cannot read IP mode file for STMicroelectronics.X-CUBE-EEPRMA1.4.2.0
2023-11-30 10:05:37,196 [WARN] PackLoader:240 - Cannot read IP mode file for ITTIA_DB.I-CUBE-ITTIADB.8.8.0
2023-11-30 10:05:37,227 [WARN] PackLoader:240 - Cannot read IP mode file for STMicroelectronics.X-CUBE-BLEMGR.2.0.0
2023-11-30 10:05:37,305 [WARN] ConditionMgr:438 - getConditionDescription Invalid condition id : UX DEVICE CLASS RTOS Condition cause : null
2023-11-30 10:05:37,306 [WARN] ConditionMgr:438 - getConditionDescription Invalid condition id : UX DEVICE CLASS RTOS Condition cause : null
2023-11-30 10:05:37,319 [WARN] PackLoader:240 - Cannot read IP mode file for STMicroelectronics.X-CUBE-AZRTOS-H7.3.1.0
2023-11-30 10:05:37,323 [WARN] ConditionMgr:1039 - genDependencies : Invalid condition id : UX DEVICE CLASS RTOS Condition cause : null
2023-11-30 10:05:37,323 [WARN] ConditionMgr:1039 - genDependencies : Invalid condition id : UX DEVICE CLASS RTOS Condition cause : null
2023-11-30 10:05:37,326 [WARN] ConditionMgr:1039 - genDependencies : Invalid condition id : UX DEVICE CLASS RTOS Condition cause : null
2023-11-30 10:05:37,329 [WARN] ConditionMgr:1039 - genDependencies : Invalid condition id : UX DEVICE CLASS RTOS Condition cause : null
2023-11-30 10:05:37,330 [WARN] ConditionMgr:1039 - genDependencies : Invalid condition id : UX DEVICE CLASS RTOS Condition cause : null
2023-11-30 10:05:37,352 [WARN] PackLoader:240 - Cannot read IP mode file for STMicroelectronics.X-CUBE-NFC7.1.0.1
2023-11-30 10:05:37,377 [WARN] PackLoader:240 - Cannot read IP mode file for STMicroelectronics.X-CUBE-NFC6.3.0.0
2023-11-30 10:05:37,402 [WARN] PackLoader:240 - Cannot read IP mode file for STMicroelectronics.X-CUBE-EEPRMA1.4.1.0
2023-11-30 10:05:37,415 [WARN] PackLoader:240 - Cannot read IP mode file for STMicroelectronics.X-CUBE-AI.8.1.0
2023-11-30 10:05:37,418 [INFO] WebApp:753 - Register for checkConnection events
2023-11-30 10:05:37,419 [INFO] WebApp:390 - Apply proxy settings
2023-11-30 10:05:37,419 [INFO] WebApp:475 - Chromium requires no authentication
2023-11-30 10:05:37,437 [INFO] WebApp:418 - Direct internet connection detected
2023-11-30 10:05:37,488 [WARN] ConditionMgr:438 - getConditionDescription Invalid condition id : LAN8742 Phy interface Condition cause : null
2023-11-30 10:05:37,491 [WARN] PackLoader:240 - Cannot read IP mode file for STMicroelectronics.X-CUBE-AZRTOS-L4.2.0.0
2023-11-30 10:05:37,497 [WARN] ConditionMgr:1039 - genDependencies : Invalid condition id : LAN8742 Phy interface Condition cause : null
2023-11-30 10:05:37,498 [WARN] ConditionMgr:1039 - genDependencies : Invalid condition id : LAN8742 Phy interface Condition cause : null
2023-11-30 10:05:37,500 [WARN] ConditionMgr:1039 - genDependencies : Invalid condition id : LAN8742 Phy interface Condition cause : null
2023-11-30 10:05:37,525 [WARN] PackLoader:240 - Cannot read IP mode file for STMicroelectronics.X-CUBE-SFXS2LP1.4.0.0
2023-11-30 10:05:37,539 [WARN] PackLoader:240 - Cannot read IP mode file for STMicroelectronics.X-CUBE-ISPU.1.1.0
2023-11-30 10:05:37,586 [WARN] ConditionMgr:438 - getConditionDescription Invalid condition id : UX DEVICE CLASS RTOS Condition cause : null
2023-11-30 10:05:37,587 [WARN] ConditionMgr:438 - getConditionDescription Invalid condition id : UX DEVICE CLASS RTOS Condition cause : null
2023-11-30 10:05:37,596 [WARN] PackLoader:240 - Cannot read IP mode file for STMicroelectronics.X-CUBE-AZRTOS-WB.2.0.0
2023-11-30 10:05:37,598 [WARN] ConditionMgr:1039 - genDependencies : Invalid condition id : UX DEVICE CLASS RTOS Condition cause : null
2023-11-30 10:05:37,599 [WARN] ConditionMgr:1039 - genDependencies : Invalid condition id : UX DEVICE CLASS RTOS Condition cause : null
2023-11-30 10:05:37,601 [WARN] ConditionMgr:1039 - genDependencies : Invalid condition id : UX DEVICE CLASS RTOS Condition cause : null
2023-11-30 10:05:37,602 [WARN] ConditionMgr:1039 - genDependencies : Invalid condition id : UX DEVICE CLASS RTOS Condition cause : null
2023-11-30 10:05:37,602 [WARN] ConditionMgr:1039 - genDependencies : Invalid condition id : UX DEVICE CLASS RTOS Condition cause : null
2023-11-30 10:05:37,640 [WARN] PackLoader:240 - Cannot read IP mode file for STMicroelectronics.X-CUBE-SUBG2.5.0.0
2023-11-30 10:05:37,695 [WARN] PackLoader:240 - Cannot read IP mode file for STMicroelectronics.X-CUBE-TOF1.3.3.1
2023-11-30 10:05:37,821 [WARN] PackLoader:240 - Cannot read IP mode file for STMicroelectronics.X-CUBE-AZRTOS-G4.2.0.0
2023-11-30 10:05:37,863 [INFO] WebApp:188 - Starting web application
2023-11-30 10:05:37,864 [INFO] WebApp:520 - Web application path used /opt/st/stm32cubeide_1.13.2/plugins/com.st.stm32cube.common.mx_6.9.2.202309101412/db/plugins/mcufinder/reactClient1/index.html
2023-11-30 10:05:37,895 [WARN] PackLoader:240 - Cannot read IP mode file for Infineon.AIROC-Wi-Fi-Bluetooth-STM32.1.5.1
2023-11-30 10:05:37,935 [WARN] PackLoader:240 - Cannot read IP mode file for STMicroelectronics.FP-SNS-MOTENVWB1.1.3.0
2023-11-30 10:05:38,168 [WARN] PackLoader:240 - Cannot read IP mode file for STMicroelectronics.X-CUBE-MEMS1.10.0.0
2023-11-30 10:05:38,756 [WARN] PackLoader:240 - Cannot read IP mode file for STMicroelectronics.X-CUBE-FREERTOS.1.1.0
2023-11-30 10:05:38,774 [WARN] PackLoader:240 - Cannot read IP mode file for portGmbH.I-Cube-SoM-uGOAL.1.1.0
2023-11-30 10:05:38,784 [WARN] PackLoader:240 - Cannot read IP mode file for STMicroelectronics.X-CUBE-ALS.1.0.1
2023-11-30 10:05:38,793 [WARN] PackLoader:240 - Cannot read IP mode file for STMicroelectronics.FP-ATR-ASTRA1.2.0.0
2023-11-30 10:05:38,824 [WARN] PackLoader:240 - Cannot read IP mode file for STMicroelectronics.X-CUBE-TOF1.3.4.0
2023-11-30 10:05:38,867 [INFO] ThirdParty:978 - Integrity check success = true
2023-11-30 10:05:38,867 [INFO] IntegrityCheckThread:100 - exiting critical section [integrity check]
2023-11-30 10:05:38,868 [INFO] IntegrityCheckThread:103 - End integrity checks thread
2023-11-30 10:05:59,171 [ERROR] LogOutputStream:75 - [STDERR_REDIRECT] SLF4J: Failed to load class "org.slf4j.impl.StaticLoggerBinder".
2023-11-30 10:05:59,173 [ERROR] LogOutputStream:75 - [STDERR_REDIRECT] SLF4J: Defaulting to no-operation (NOP) logger implementation
2023-11-30 10:05:59,174 [ERROR] LogOutputStream:75 - [STDERR_REDIRECT] SLF4J: See http://www.slf4j.org/codes.html#StaticLoggerBinder for further details.
2023-11-30 10:07:29,866 [INFO] McuFinderGlobals:63 - Set McuFinder mode to 2 (CubeIDE integrated)
2023-11-30 10:07:29,874 [INFO] MainUpdater:2868 - connection check result : 10
2023-11-30 10:07:29,875 [INFO] MainUpdater:2868 - connection check result : 10
2023-11-30 10:07:29,935 [INFO] MicroXplorer:468 - Change Database Path : 
2023-11-30 10:07:29,936 [INFO] MicroXplorer:498 - Change Database Version : DB.6.0.92
2023-11-30 10:07:29,944 [WARN] ThirdParty:871 - waiting for thirdparty lock release [close project]
2023-11-30 10:07:29,944 [INFO] ThirdParty:873 - entering critical section [close project]
2023-11-30 10:07:29,947 [INFO] ThirdParty:883 - exiting critical section [close project]
2023-11-30 10:07:29,952 [INFO] PinOutPanel:1499 - setPackage(No Configuration,No Configuration)
2023-11-30 10:07:29,968 [INFO] UtilMem:75 - Begin LoadConfig() Used Memory: 813891264 Bytes (840957952)
2023-11-30 10:07:29,971 [INFO] MicroXplorer:468 - Change Database Path : 
2023-11-30 10:07:29,971 [INFO] MicroXplorer:498 - Change Database Version : DB.6.0.92
2023-11-30 10:07:29,971 [INFO] OpenFileManager:308 - Change cursor
2023-11-30 10:07:30,025 [INFO] Mcu:1946 - Initializing MCU STM32F103C(8-B)Tx STM32F103C8Tx STM32F103C8T6
2023-11-30 10:07:32,180 [INFO] Context:659 - Trying to add GPIOservice into a context  which must be forbidden
2023-11-30 10:07:34,128 [INFO] RtosManager:555 - Registered RTOS mode: class=CMSIS, group=RTOS, mode=CMSIS_V1, owner=FREERTOS
2023-11-30 10:07:34,128 [INFO] RtosManager:555 - Registered RTOS mode: class=CMSIS, group=RTOS2, mode=CMSIS_V2, owner=FREERTOS
2023-11-30 10:07:34,129 [INFO] RtosManager:555 - Registered RTOS mode: class=RTOS, group=Core, mode=CMSIS_V1, owner=FREERTOS
2023-11-30 10:07:34,129 [INFO] RtosManager:555 - Registered RTOS mode: class=RTOS, group=Core, mode=CMSIS_V2, owner=FREERTOS
2023-11-30 10:07:34,130 [WARN] ModelIntegratedComponent:184 - Missing modes for component STMicroelectronics:FreeRTOS:0.0.1:STMicroelectronics:RTOS:FreeRTOS:Core:::10.2.0:
2023-11-30 10:07:34,172 [WARN] ModelIntegratedComponent:63 - No mode defined for component null
2023-11-30 10:07:34,173 [WARN] ModelIntegratedComponent:63 - No mode defined for component null
2023-11-30 10:07:34,173 [WARN] ModelIntegratedComponent:63 - No mode defined for component null
2023-11-30 10:07:34,174 [WARN] ModelIntegratedComponent:63 - No mode defined for component null
2023-11-30 10:07:34,174 [WARN] ModelIntegratedComponent:63 - No mode defined for component null
2023-11-30 10:07:34,174 [WARN] ModelIntegratedComponent:63 - No mode defined for component null
2023-11-30 10:07:34,174 [WARN] ModelIntegratedComponent:63 - No mode defined for component null
2023-11-30 10:07:34,175 [WARN] ModelIntegratedComponent:63 - No mode defined for component null
2023-11-30 10:07:34,175 [WARN] ModelIntegratedComponent:63 - No mode defined for component null
2023-11-30 10:07:34,175 [WARN] ModelIntegratedComponent:63 - No mode defined for component null
2023-11-30 10:07:34,175 [WARN] ModelIntegratedComponent:63 - No mode defined for component null
2023-11-30 10:07:34,175 [WARN] ModelIntegratedComponent:63 - No mode defined for component null
2023-11-30 10:07:34,176 [WARN] ModelIntegratedComponent:63 - No mode defined for component null
2023-11-30 10:07:34,176 [WARN] ModelIntegratedComponent:63 - No mode defined for component null
2023-11-30 10:07:34,176 [WARN] ModelIntegratedComponent:63 - No mode defined for component null
2023-11-30 10:07:34,176 [WARN] ModelIntegratedComponent:63 - No mode defined for component null
2023-11-30 10:07:34,177 [WARN] ModelIntegratedComponent:63 - No mode defined for component null
2023-11-30 10:07:34,177 [WARN] ModelIntegratedComponent:63 - No mode defined for component null
2023-11-30 10:07:34,177 [WARN] ModelIntegratedComponent:63 - No mode defined for component null
2023-11-30 10:07:34,177 [WARN] ModelIntegratedComponent:63 - No mode defined for component null
2023-11-30 10:07:34,177 [WARN] ModelIntegratedComponent:63 - No mode defined for component null
2023-11-30 10:07:34,177 [WARN] ModelIntegratedComponent:63 - No mode defined for component null
2023-11-30 10:07:34,178 [WARN] ModelIntegratedComponent:63 - No mode defined for component null
2023-11-30 10:07:34,178 [WARN] ModelIntegratedComponent:63 - No mode defined for component null
2023-11-30 10:07:34,178 [WARN] ModelIntegratedComponent:63 - No mode defined for component null
2023-11-30 10:07:34,178 [WARN] ModelIntegratedComponent:63 - No mode defined for component null
2023-11-30 10:07:34,178 [WARN] ModelIntegratedComponent:63 - No mode defined for component null
2023-11-30 10:07:34,179 [WARN] ModelIntegratedComponent:63 - No mode defined for component null
2023-11-30 10:07:34,179 [WARN] ModelIntegratedComponent:63 - No mode defined for component null
2023-11-30 10:07:34,179 [WARN] ModelIntegratedComponent:63 - No mode defined for component null
2023-11-30 10:07:34,179 [WARN] ModelIntegratedComponent:63 - No mode defined for component null
2023-11-30 10:07:34,179 [WARN] ModelIntegratedComponent:63 - No mode defined for component null
2023-11-30 10:07:34,180 [WARN] ModelIntegratedComponent:63 - No mode defined for component null
2023-11-30 10:07:34,470 [INFO] ThirdPartyModel:298 - Start build external matchings
2023-11-30 10:07:36,630 [INFO] ThirdPartyModel:316 - End build external matchings
2023-11-30 10:07:36,702 [INFO] RtosManager:919 - Current active RTOS is FREERTOS [Cortex-M3NS]
2023-11-30 10:07:37,099 [INFO] UtilMem:75 - End LoadConfig() Used Memory: 664393072 Bytes (1027604480)
2023-11-30 10:07:37,433 [INFO] ApiDb:581 - Connected to CubeFinder SQLite database (/home/mustafa/.stmcufinder/plugins/mcufinder/mcu/cube-finder-db.db)
2023-11-30 10:07:37,590 [INFO] ApiDb:668 - CubeFinder database Data Model version=2.1
2023-11-30 10:07:37,590 [INFO] ApiDb:669 - CubeFinder database Configuration version=3.0.39
2023-11-30 10:07:37,591 [INFO] ApiDb:670 - CubeFinder database generation date=2023-11-06 (1699269565)
2023-11-30 10:07:37,592 [INFO] ApiDb:671 - CubeFinder database FW Pack versions=[FP-ATR-ASTRA1_V2.0.0, FP-SNS-FLIGHT1_V5.0.1, FP-SNS-FLIGHT1_V5.0.2, FP-SNS-MOTENV1_V4.3.1, FP-SNS-MOTENV1_V4.3.2, FP-SNS-MOTENVWB1_V1.3.0, FP-SNS-SMARTAG2_V1.2.0, STM32Cube_FW_C0_V1.1.0, STM32Cube_FW_F4_V1.28.0, STM32Cube_FW_F7_V1.17.0, STM32Cube_FW_G0_V1.6.1, STM32Cube_FW_G4_V1.5.1, STM32Cube_FW_H5_V0.5.1, STM32Cube_FW_H5_V1.1.1, STM32Cube_FW_H5_V1.2.0RC2, STM32Cube_FW_H7_V1.11.0, STM32Cube_FW_L0_V1.12.2, STM32Cube_FW_L5_V1.5.0, STM32Cube_FW_U5_V1.3.0RC4, STM32Cube_FW_U5_V1.4.0, STM32Cube_FW_WBA_V1.0.0RC1, STM32Cube_FW_WBA_V1.1.0RC1, STM32Cube_FW_WBA_V1.2.0, STM32Cube_FW_WBA_V1.2.0RC2, STM32Cube_FW_WB_V1.15.0RC1, STM32Cube_FW_WB_V1.16.0, STM32Cube_FW_WB_V1.16.0RC2, STM32Cube_FW_WB_V1.18.0, STM32Cube_FW_WL_V1.3.0, X-CUBE-ALGOBUILD_V1.3.0, X-CUBE-ALS_V1.0.1, X-CUBE-AZRTOS-F4_V1.1.0, X-CUBE-AZRTOS-F7_V1.1.0, X-CUBE-AZRTOS-G0_V1.1.0, X-CUBE-AZRTOS-G4_V2.0.0, X-CUBE-AZRTOS-H7_V3.1.0, X-CUBE-AZRTOS-L4_V1.0.0, X-CUBE-AZRTOS-L4_V2.0.0, X-CUBE-AZRTOS-L5_V1.1.0, X-CUBE-AZRTOS-WB_V2.0.0, X-CUBE-AZRTOS-WL_V2.0.0, X-CUBE-BLE1_V7.0.0, X-CUBE-BLE2_V3.3.0, X-CUBE-BLEMGR_V2.0.0, X-CUBE-EEPRMA1_V4.1.0, X-CUBE-EEPRMA1_V4.2.0, X-CUBE-FREERTOS_V1.1.0, X-CUBE-GNSS1_V6.0.0, X-CUBE-MEMS1_V10.0.0, X-CUBE-MEMS1_V9.1.0, X-CUBE-MEMS1_V9.4.0, X-CUBE-MEMS1_V9.6.0, X-CUBE-NFC4_V3.0.0, X-CUBE-NFC7_V1.0.1, X-CUBE-SFXS2LP1_V4.0.0, X-CUBE-SUBG2_V5.0.0, X-CUBE-TOF1_V3.3.1]
2023-11-30 10:07:44,212 [INFO] ApiDb:240 - Found 323 in-development CPN: [B-G473E-ZEST1S, B-WB1M-WPAN1, B-WL5M-SUBG1, NUCLEO-C031C6, NUCLEO-H503RB, NUCLEO-H563ZI, NUCLEO-U545RE-Q, NUCLEO-U5A5ZJ-Q, NUCLEO-WBA52CG, STEVAL-PROTEUS1, STEVAL-SMARTAG2, STEVAL-STWINBX1, STM320518-EVAL, STM32C0116-DK, STM32C011D6Y3TR, STM32C011D6Y6TR, STM32C011F4P3, STM32C011F4P6, STM32C011F4U3, STM32C011F4U6TR, STM32C011F6P3, STM32C011F6P6, STM32C011F6U3, STM32C011F6U6TR, STM32C011J4M3, STM32C011J4M6, STM32C011J6M3, STM32C011J6M6, STM32C0316-DK, STM32C031C4T3, STM32C031C4T6, STM32C031C4U3, STM32C031C4U6, STM32C031C6T3, STM32C031C6T6, STM32C031C6U3, STM32C031C6U6, STM32C031F4P3, STM32C031F4P6, STM32C031F6P3, STM32C031F6P6, STM32C031G4U3, STM32C031G4U6, STM32C031G6U3, STM32C031G6U6, STM32C031K4T3, STM32C031K4T6, STM32C031K4U3, STM32C031K4U6, STM32C031K6T3, STM32C031K6T6, STM32C031K6U3, STM32C031K6U6, STM32G071K8TXN, STM32G071K8UXN, STM32G081GBU6N, STM32G081KBT6N, STM32G081KBUXN, STM32G0B1CCT6N, STM32G0B1KCT6, STM32G0B1NEY6TR, STM32G0B1RCT6N, STM32G0C1CCT6, STM32G0C1CCT6N, STM32G0C1CCU6N, STM32G0C1CET6N, STM32G0C1CEU6N, STM32G0C1KCT6, STM32G0C1NEY6TR, STM32G0C1RCI6N, STM32G0C1RCT6N, STM32G0C1REI6N, STM32G0C1RET6N, STM32G0C1VCI6, STM32G0C1VEI6, STM32G471CCT6, STM32G471CCU6, STM32G471CET3, STM32G471CET6, STM32G471CEU3, STM32G471CEU6, STM32G471MCT6, STM32G471MET3, STM32G471MET6, STM32G471MEY6TR, STM32G471QCT6, STM32G471QET3, STM32G471RCT6, STM32G471RET3, STM32G471RET6, STM32G471VCH6, STM32G471VCI6, STM32G471VCT6, STM32G471VEH3, STM32G471VEH6, STM32G471VEI3, STM32G471VEI6, STM32G471VET3, STM32G471VET6, STM32G474CCT6, STM32H503CBT6, STM32H503CBU6, STM32H503EBY6TR, STM32H503KBU6, STM32H503RBT6, STM32H562AGI6, STM32H562AII6, STM32H562IGK6, STM32H562IGT6, STM32H562IIK6, STM32H562IIT6, STM32H562RGT6, STM32H562RGV6, STM32H562RIT6, STM32H562RIV6, STM32H562VGT6, STM32H562VIT6, STM32H562ZGT6, STM32H562ZIT6, STM32H563AGI6, STM32H563AII3Q, STM32H563AII6, STM32H563IGK6, STM32H563IGT6, STM32H563IIK3Q, STM32H563IIK6, STM32H563IIT3Q, STM32H563IIT6, STM32H563MIY3QTR, STM32H563RGT6, STM32H563RGV6, STM32H563RIT6, STM32H563RIV6, STM32H563VGT6, STM32H563VIT3Q, STM32H563VIT6, STM32H563ZGT6, STM32H563ZIT3Q, STM32H563ZIT6, STM32H573AII3Q, STM32H573AII6, STM32H573I-DK, STM32H573IIK3Q, STM32H573IIK6, STM32H573IIT3Q, STM32H573IIT6, STM32H573MIY3QTR, STM32H573RIT6, STM32H573RIV6, STM32H573VIT3Q, STM32H573VIT6, STM32H573ZIT3Q, STM32H573ZIT6, STM32L4R5QGI6STR, STM32MP131AAE3, STM32MP131AAF3, STM32MP131AAG3, STM32MP131CAE3, STM32MP131CAF3, STM32MP131CAG3, STM32MP131DAE7, STM32MP131DAF7, STM32MP131DAG7, STM32MP131FAE7, STM32MP131FAF7, STM32MP131FAG7, STM32MP133AAE3, STM32MP133AAF3, STM32MP133AAG3, STM32MP133CAE3, STM32MP133CAF3, STM32MP133CAG3, STM32MP133DAE7, STM32MP133DAF7, STM32MP133DAG7, STM32MP133FAE7, STM32MP133FAF7, STM32MP133FAG7, STM32MP135AAE3, STM32MP135AAF3, STM32MP135AAG3, STM32MP135CAE3, STM32MP135CAF3, STM32MP135CAG3, STM32MP135DAE7, STM32MP135DAF7, STM32MP135DAG7, STM32MP135F-DK, STM32MP135FAE7, STM32MP135FAF7, STM32MP135FAF7T, STM32MP135FAF7U, STM32MP135FAG7, STM32U535CBT6, STM32U535CBT6Q, STM32U535CBU6, STM32U535CBU6Q, STM32U535CCT6, STM32U535CCT6Q, STM32U535CCU6, STM32U535CCU6Q, STM32U535CET6, STM32U535CET6Q, STM32U535CEU6, STM32U535CEU6Q, STM32U535JEY6QTR, STM32U535NCY6QTR, STM32U535NEY6QTR, STM32U535RBI6, STM32U535RBI6Q, STM32U535RBT6, STM32U535RBT6Q, STM32U535RCI6, STM32U535RCI6Q, STM32U535RCT6, STM32U535RCT6Q, STM32U535REI6, STM32U535REI6Q, STM32U535RET6, STM32U535RET6Q, STM32U535VCI6, STM32U535VCI6Q, STM32U535VCT6, STM32U535VCT6Q, STM32U535VEI6, STM32U535VEI6Q, STM32U535VET6, STM32U535VET6Q, STM32U545CET6, STM32U545CET6Q, STM32U545CEU6, STM32U545CEU6Q, STM32U545JEY6QTR, STM32U545NEY6QTR, STM32U545REI6, STM32U545REI6Q, STM32U545RET6, STM32U545RET6Q, STM32U545VEI6, STM32U545VEI6Q, STM32U545VET6, STM32U545VET6Q, STM32U595AIH6, STM32U595AIH6Q, STM32U595AJH6, STM32U595AJH6Q, STM32U595QII6, STM32U595QII6Q, STM32U595QJI6, STM32U595QJI6Q, STM32U595RIT6, STM32U595RIT6Q, STM32U595RJT6, STM32U595RJT6Q, STM32U595VIT6, STM32U595VIT6Q, STM32U595VJT6, STM32U595VJT6Q, STM32U595ZIT6, STM32U595ZIT6Q, STM32U595ZIY6QTR, STM32U595ZJT6, STM32U595ZJT6Q, STM32U595ZJY6QTR, STM32U599BJY6QTR, STM32U599NIH6Q, STM32U599NJH6Q, STM32U599VIT6Q, STM32U599VJT6, STM32U599VJT6Q, STM32U599ZIT6Q, STM32U599ZIY6QTR, STM32U599ZJT6Q, STM32U599ZJY6QTR, STM32U5A5AJH6, STM32U5A5AJH6Q, STM32U5A5QJI6, STM32U5A5QJI6Q, STM32U5A5RJT6, STM32U5A5RJT6Q, STM32U5A5VJT6, STM32U5A5VJT6Q, STM32U5A5ZJT6, STM32U5A5ZJT6Q, STM32U5A5ZJY6QTR, STM32U5A9BJY6QTR, STM32U5A9J-DK, STM32U5A9NJH6Q, STM32U5A9VJT6Q, STM32U5A9ZJT6Q, STM32U5A9ZJY6QTR, STM32U5F7VIT6, STM32U5F7VIT6Q, STM32U5F7VJT6, STM32U5F7VJT6Q, STM32U5F9BJY6QTR, STM32U5F9NJH6Q, STM32U5F9VIT6Q, STM32U5F9VJT6Q, STM32U5F9ZIJ6QTR, STM32U5F9ZIT6Q, STM32U5F9ZJJ6QTR, STM32U5F9ZJT6Q, STM32U5G7VJT6, STM32U5G7VJT6Q, STM32U5G9BJY6QTR, STM32U5G9J-DK1, STM32U5G9J-DK2, STM32U5G9NJH6Q, STM32U5G9VJT6Q, STM32U5G9ZJJ6QTR, STM32U5G9ZJT6Q, STM32WB1MMCH6, STM32WBA52CEU6, STM32WBA52CEU6T, STM32WBA52CGU6, STM32WBA52CGU6T, STM32WBA52KEU6, STM32WBA52KEU6T, STM32WBA52KGU6, STM32WBA52KGU6T, STM32WL5MOCH6, STM32WL5MOCH6TR]
2023-11-30 10:07:44,225 [INFO] DbMcus:217 - Found 3882 MCUs, 3882 are supported
2023-11-30 10:07:44,226 [INFO] ApiDb:423 - Load user favorites file /home/mustafa/.stm32cubeide/favorites.mcus.txt: 0 item(s)
2023-11-30 10:07:44,227 [INFO] ApiDb:427 - User favorites MCUs=[]
2023-11-30 10:07:44,227 [INFO] DbMcus:223 - Set 0 / 0 favorites MCUs
2023-11-30 10:07:45,466 [WARN] ThirdParty:833 - waiting for thirdparty lock release [change project]
2023-11-30 10:07:45,466 [INFO] ThirdParty:835 - entering critical section [change project]
2023-11-30 10:07:45,467 [INFO] ThirdParty:1030 - CMSIS Pack Vendor :STMicroelectronics X-CUBE-ISPU 1.1.0
2023-11-30 10:07:45,468 [INFO] ThirdParty:1030 - CMSIS Pack Vendor :STMicroelectronics USBPD 4.1
2023-11-30 10:07:45,468 [INFO] ThirdParty:1030 - CMSIS Pack Vendor :STMicroelectronics X-CUBE-GNSS1 6.0.0
2023-11-30 10:07:45,468 [INFO] ThirdParty:1030 - CMSIS Pack Vendor :STMicroelectronics USB_HOST 2.0.0
2023-11-30 10:07:45,468 [INFO] ThirdParty:1030 - CMSIS Pack Vendor :STMicroelectronics X-CUBE-AZRTOS-F4 1.1.0
2023-11-30 10:07:45,469 [INFO] ThirdParty:1030 - CMSIS Pack Vendor :STMicroelectronics LIBJPEG 8.0.0
2023-11-30 10:07:45,469 [INFO] ThirdParty:1030 - CMSIS Pack Vendor :wolfSSL I-CUBE-wolfSSL 5.6.3
2023-11-30 10:07:45,469 [INFO] ThirdParty:1030 - CMSIS Pack Vendor :STMicroelectronics X-CUBE-SMBUS 2.1.0
2023-11-30 10:07:45,469 [INFO] ThirdParty:1030 - CMSIS Pack Vendor :STMicroelectronics USB_DEVICE 3.0.0
2023-11-30 10:07:45,470 [INFO] ThirdParty:1030 - CMSIS Pack Vendor :STMicroelectronics X-CUBE-AZRTOS-WB 2.0.0
2023-11-30 10:07:45,470 [INFO] ThirdParty:1030 - CMSIS Pack Vendor :STMicroelectronics X-CUBE-AZRTOS-F7 1.1.0
2023-11-30 10:07:45,470 [INFO] ThirdParty:1030 - CMSIS Pack Vendor :STMicroelectronics X-CUBE-AZRTOS-L5 2.0.0
2023-11-30 10:07:45,470 [INFO] ThirdParty:1030 - CMSIS Pack Vendor :STMicroelectronics USB_DEVICE 2.0.0
2023-11-30 10:07:45,471 [INFO] ThirdParty:1030 - CMSIS Pack Vendor :STMicroelectronics X-CUBE-MEMS1 9.6.0
2023-11-30 10:07:45,471 [INFO] ThirdParty:1030 - CMSIS Pack Vendor :STMicroelectronics X-CUBE-EEPRMA1 4.2.0
2023-11-30 10:07:45,471 [INFO] ThirdParty:1030 - CMSIS Pack Vendor :ITTIA_DB I-CUBE-ITTIADB 8.8.0
2023-11-30 10:07:45,471 [INFO] ThirdParty:1030 - CMSIS Pack Vendor :STMicroelectronics FP-SNS-MOTENV1 4.3.2
2023-11-30 10:07:45,472 [INFO] ThirdParty:1030 - CMSIS Pack Vendor :STMicroelectronics X-CUBE-ALGOBUILD 1.3.0
2023-11-30 10:07:45,472 [INFO] ThirdParty:1030 - CMSIS Pack Vendor :STMicroelectronics FreeRTOS 0.0.1
2023-11-30 10:07:45,472 [INFO] ThirdParty:1030 - CMSIS Pack Vendor :STMicroelectronics X-CUBE-AZRTOS-G0 1.1.0
2023-11-30 10:07:45,473 [INFO] ThirdParty:1030 - CMSIS Pack Vendor :STMicroelectronics X-CUBE-BLEMGR 2.0.0
2023-11-30 10:07:45,473 [INFO] ThirdParty:1030 - CMSIS Pack Vendor :STMicroelectronics X-CUBE-NFC4 3.0.0
2023-11-30 10:07:45,473 [INFO] ThirdParty:1030 - CMSIS Pack Vendor :STMicroelectronics X-CUBE-SUBG2 5.0.0
2023-11-30 10:07:45,473 [INFO] ThirdParty:1030 - CMSIS Pack Vendor :STMicroelectronics STM32_WPAN 1.0.0
2023-11-30 10:07:45,474 [INFO] ThirdParty:1030 - CMSIS Pack Vendor :STMicroelectronics lwIP 2.0.3
2023-11-30 10:07:45,474 [INFO] ThirdParty:1030 - CMSIS Pack Vendor :STMicroelectronics FP-SNS-FLIGHT1 5.0.2
2023-11-30 10:07:45,474 [INFO] ThirdParty:1030 - CMSIS Pack Vendor :STMicroelectronics USB_HOST 1.0.0
2023-11-30 10:07:45,474 [INFO] ThirdParty:1030 - CMSIS Pack Vendor :STMicroelectronics X-CUBE-TOF1 3.3.1
2023-11-30 10:07:45,475 [INFO] ThirdParty:1030 - CMSIS Pack Vendor :STMicroelectronics X-CUBE-AZRTOS-G4 2.0.0
2023-11-30 10:07:45,475 [INFO] ThirdParty:1030 - CMSIS Pack Vendor :STMicroelectronics PDM2PCM 3.1.0
2023-11-30 10:07:45,475 [INFO] ThirdParty:1030 - CMSIS Pack Vendor :STMicroelectronics X-CUBE-AZRTOS-H7 3.1.0
2023-11-30 10:07:45,476 [INFO] ThirdParty:1030 - CMSIS Pack Vendor :Infineon AIROC-Wi-Fi-Bluetooth-STM32 1.5.1
2023-11-30 10:07:45,476 [INFO] ThirdParty:1030 - CMSIS Pack Vendor :STMicroelectronics X-CUBE-BLEMGR 3.0.0
2023-11-30 10:07:45,476 [INFO] ThirdParty:1030 - CMSIS Pack Vendor :STMicroelectronics PDM2PCM 3.3.0
2023-11-30 10:07:45,476 [INFO] ThirdParty:1030 - CMSIS Pack Vendor :STMicroelectronics X-CUBE-DISPLAY 3.0.0
2023-11-30 10:07:45,477 [INFO] ThirdParty:1030 - CMSIS Pack Vendor :STMicroelectronics FP-SNS-MOTENVWB1 1.3.0
2023-11-30 10:07:45,477 [INFO] ThirdParty:1030 - CMSIS Pack Vendor :STMicroelectronics X-CUBE-BLE1 7.0.0
2023-11-30 10:07:45,477 [INFO] ThirdParty:1030 - CMSIS Pack Vendor :STMicroelectronics FP-ATR-SIGFOX1 3.2.0
2023-11-30 10:07:45,478 [INFO] ThirdParty:1030 - CMSIS Pack Vendor :STMicroelectronics HAL Drivers 0.0.0
2023-11-30 10:07:45,478 [INFO] ThirdParty:1030 - CMSIS Pack Vendor :STMicroelectronics MBEDTLS 2.16.2
2023-11-30 10:07:45,478 [INFO] ThirdParty:1030 - CMSIS Pack Vendor :emotas I-CUBE-CANOPEN 1.3.0
2023-11-30 10:07:45,479 [INFO] ThirdParty:1030 - CMSIS Pack Vendor :STMicroelectronics X-CUBE-MEMS1 10.0.0
2023-11-30 10:07:45,479 [INFO] ThirdParty:1030 - CMSIS Pack Vendor :STMicroelectronics X-CUBE-FREERTOS 1.1.0
2023-11-30 10:07:45,479 [INFO] ThirdParty:1030 - CMSIS Pack Vendor :STMicroelectronics X-CUBE-NFC7 1.0.1
2023-11-30 10:07:45,479 [INFO] ThirdParty:1030 - CMSIS Pack Vendor :STMicroelectronics MBEDTLS 2.14.1
2023-11-30 10:07:45,480 [INFO] ThirdParty:1030 - CMSIS Pack Vendor :STMicroelectronics X-CUBE-TOUCHGFX 4.22.1
2023-11-30 10:07:45,480 [INFO] ThirdParty:1030 - CMSIS Pack Vendor :STMicroelectronics X-CUBE-NFC6 3.0.0
2023-11-30 10:07:45,480 [INFO] ThirdParty:1030 - CMSIS Pack Vendor :STMicroelectronics X-CUBE-EEPRMA1 4.1.0
2023-11-30 10:07:45,481 [INFO] ThirdParty:1030 - CMSIS Pack Vendor :portGmbH I-Cube-SoM-uGOAL 1.1.0
2023-11-30 10:07:45,481 [INFO] ThirdParty:1030 - CMSIS Pack Vendor :STMicroelectronics X-CUBE-ALS 1.0.1
2023-11-30 10:07:45,481 [INFO] ThirdParty:1030 - CMSIS Pack Vendor :STMicroelectronics ThreadX 1.0.0
2023-11-30 10:07:45,482 [INFO] ThirdParty:1030 - CMSIS Pack Vendor :STMicroelectronics FP-SNS-SMARTAG2 1.2.0
2023-11-30 10:07:45,482 [INFO] ThirdParty:1030 - CMSIS Pack Vendor :STMicroelectronics X-CUBE-AZRTOS-WL 2.0.0
2023-11-30 10:07:45,482 [INFO] ThirdParty:1030 - CMSIS Pack Vendor :SEGGER I-CUBE-embOS 1.3.1
2023-11-30 10:07:45,482 [INFO] ThirdParty:1030 - CMSIS Pack Vendor :STMicroelectronics USB_DEVICE 1.0.0
2023-11-30 10:07:45,483 [INFO] ThirdParty:1030 - CMSIS Pack Vendor :STMicroelectronics X-CUBE-AI 8.1.0
2023-11-30 10:07:45,483 [INFO] ThirdParty:1030 - CMSIS Pack Vendor :STMicroelectronics X-CUBE-AZRTOS-L4 2.0.0
2023-11-30 10:07:45,483 [INFO] ThirdParty:1030 - CMSIS Pack Vendor :STMicroelectronics ThreadX 0.0.2
2023-11-30 10:07:45,483 [INFO] ThirdParty:1030 - CMSIS Pack Vendor :WES I-CUBE-Cesium 1.3.0
2023-11-30 10:07:45,484 [INFO] ThirdParty:1030 - CMSIS Pack Vendor :STMicroelectronics FP-ATR-ASTRA1 2.0.0
2023-11-30 10:07:45,484 [INFO] ThirdParty:1030 - CMSIS Pack Vendor :STMicroelectronics lwIP 2.1.2
2023-11-30 10:07:45,484 [INFO] ThirdParty:1030 - CMSIS Pack Vendor :STMicroelectronics X-CUBE-SFXS2LP1 4.0.0
2023-11-30 10:07:45,484 [INFO] ThirdParty:1030 - CMSIS Pack Vendor :STMicroelectronics X-CUBE-BLE2 3.3.0
2023-11-30 10:07:45,485 [INFO] ThirdParty:1030 - CMSIS Pack Vendor :STMicroelectronics X-CUBE-TOF1 3.4.0
2023-11-30 10:07:45,485 [INFO] ThirdParty:1030 - CMSIS Pack Vendor :STMicroelectronics PDM2PCM 3.2.0
2023-11-30 10:07:45,485 [INFO] ThirdParty:841 - exiting critical section [change project]
2023-11-30 10:07:46,504 [INFO] PinOutPanel:1499 - setPackage(No Configuration,No Configuration)
2023-11-30 10:07:46,507 [INFO] PinOutPanel:1499 - setPackage(STM32F103C8Tx,LQFP48)
2023-11-30 10:07:48,090 [INFO] UtilMem:75 - Before build in PCC Used Memory: 547900808 Bytes (1073741824)
2023-11-30 10:07:50,103 [INFO] UtilMem:75 - After build in PCC Used Memory: 636505424 Bytes (1073741824)
2023-11-30 10:07:50,304 [INFO] ApiDbMcu:507 - Load IP Config File for FREERTOS
2023-11-30 10:07:50,382 [INFO] IPUIPlugin:80 - create IPUIPlugin
2023-11-30 10:07:50,382 [INFO] IPUIPlugin:80 - create IPUIPlugin
2023-11-30 10:07:50,383 [INFO] IPUIPlugin:80 - create IPUIPlugin
2023-11-30 10:07:50,384 [INFO] IPUIPlugin:80 - create IPUIPlugin
2023-11-30 10:07:50,384 [INFO] IPUIPlugin:80 - create IPUIPlugin
2023-11-30 10:07:50,385 [INFO] IPUIPlugin:80 - create IPUIPlugin
2023-11-30 10:07:50,386 [INFO] IPUIPlugin:80 - create IPUIPlugin
2023-11-30 10:07:50,386 [INFO] IPUIPlugin:80 - create IPUIPlugin
2023-11-30 10:07:50,387 [INFO] IPUIPlugin:80 - create IPUIPlugin
2023-11-30 10:07:50,387 [INFO] IPUIPlugin:80 - create IPUIPlugin
2023-11-30 10:07:50,388 [INFO] IPUIPlugin:80 - create IPUIPlugin
2023-11-30 10:07:50,389 [INFO] IPUIPlugin:80 - create IPUIPlugin
2023-11-30 10:07:50,389 [INFO] IPUIPlugin:80 - create IPUIPlugin
2023-11-30 10:07:50,390 [INFO] IPUIPlugin:80 - create IPUIPlugin
2023-11-30 10:07:50,391 [INFO] IPUIPlugin:80 - create IPUIPlugin
2023-11-30 10:07:50,391 [INFO] IPUIPlugin:80 - create IPUIPlugin
2023-11-30 10:07:50,392 [INFO] IPUIPlugin:80 - create IPUIPlugin
2023-11-30 10:07:50,392 [INFO] IPUIPlugin:80 - create IPUIPlugin
2023-11-30 10:07:50,393 [INFO] IPUIPlugin:80 - create IPUIPlugin
2023-11-30 10:07:50,393 [INFO] IPUIPlugin:80 - create IPUIPlugin
2023-11-30 10:07:50,393 [INFO] IPUIPlugin:80 - create IPUIPlugin
2023-11-30 10:07:50,394 [INFO] IPUIPlugin:80 - create IPUIPlugin
2023-11-30 10:07:50,394 [INFO] IPUIPlugin:80 - create IPUIPlugin
2023-11-30 10:07:50,395 [INFO] IPUIPlugin:80 - create IPUIPlugin
2023-11-30 10:07:50,396 [INFO] IPUIPlugin:80 - create IPUIPlugin
2023-11-30 10:07:50,397 [INFO] IPUIPlugin:80 - create IPUIPlugin
2023-11-30 10:07:50,398 [INFO] IPUIPlugin:80 - create IPUIPlugin
2023-11-30 10:07:50,475 [WARN] FreeRTOS:1023 - Null or empty value: should not occur! (nothing added to the table)
2023-11-30 10:07:50,804 [INFO] CADModel:165 - CPN selected for project levelSTM32F103C8T6
2023-11-30 10:07:50,804 [INFO] CADModel:114 - Register for checkConnection events
2023-11-30 10:07:50,813 [INFO] RtosManager:697 - Active RTOS found at IOC load: FREERTOS [Cortex-M3NS]
2023-11-30 10:07:50,859 [INFO] OpenFileManager:328 - Restore cursor
2023-11-30 10:08:05,720 [ERROR] RtosPanel:558 - Can not restore the selected Tab for FREERTOS(A reason can be that the tab is no more available.)
2023-11-30 10:08:52,160 [INFO] TasksAndQueuesTab:757 - Dynamic
2023-11-30 10:08:52,161 [WARN] TasksAndQueuesTab:763 - 128 128
2023-11-30 10:08:52,162 [WARN] TasksAndQueuesTab:775 - max value is: 768.0
2023-11-30 10:08:52,162 [INFO] TasksAndQueuesTab:757 - Dynamic
2023-11-30 10:08:52,163 [WARN] TasksAndQueuesTab:763 - 128 128
2023-11-30 10:08:52,163 [WARN] TasksAndQueuesTab:775 - max value is: 768.0
2023-11-30 10:08:52,163 [INFO] TasksAndQueuesTab:757 - Dynamic
2023-11-30 10:08:52,163 [WARN] TasksAndQueuesTab:763 - 128 128
2023-11-30 10:08:52,163 [WARN] TasksAndQueuesTab:775 - max value is: 768.0
2023-11-30 10:08:52,164 [INFO] TasksAndQueuesTab:757 - Dynamic
2023-11-30 10:08:52,164 [WARN] TasksAndQueuesTab:763 - 128 128
2023-11-30 10:08:52,164 [WARN] TasksAndQueuesTab:775 - max value is: 768.0
2023-11-30 10:08:52,164 [INFO] TasksAndQueuesTab:757 - Dynamic
2023-11-30 10:08:52,164 [WARN] TasksAndQueuesTab:763 - 128 128
2023-11-30 10:08:52,164 [WARN] TasksAndQueuesTab:775 - max value is: 768.0
2023-11-30 10:08:59,458 [INFO] TasksAndQueuesTab:757 - Dynamic
2023-11-30 10:08:59,459 [WARN] TasksAndQueuesTab:763 - 128 128
2023-11-30 10:08:59,459 [WARN] TasksAndQueuesTab:775 - max value is: 768.0
2023-11-30 10:08:59,460 [INFO] TasksAndQueuesTab:757 - Dynamic
2023-11-30 10:08:59,460 [WARN] TasksAndQueuesTab:763 - 128 128
2023-11-30 10:08:59,460 [WARN] TasksAndQueuesTab:775 - max value is: 768.0
2023-11-30 10:08:59,461 [INFO] TasksAndQueuesTab:757 - Dynamic
2023-11-30 10:08:59,461 [WARN] TasksAndQueuesTab:763 - 128 128
2023-11-30 10:08:59,461 [WARN] TasksAndQueuesTab:775 - max value is: 768.0
2023-11-30 10:08:59,462 [INFO] TasksAndQueuesTab:757 - Dynamic
2023-11-30 10:08:59,462 [WARN] TasksAndQueuesTab:763 - 128 128
2023-11-30 10:08:59,462 [WARN] TasksAndQueuesTab:775 - max value is: 768.0
2023-11-30 10:09:08,946 [INFO] TasksAndQueuesTab:757 - Dynamic
2023-11-30 10:09:08,947 [WARN] TasksAndQueuesTab:763 - 128 128
2023-11-30 10:09:08,947 [WARN] TasksAndQueuesTab:775 - max value is: 768.0
2023-11-30 10:09:08,947 [INFO] TasksAndQueuesTab:757 - Dynamic
2023-11-30 10:09:08,948 [WARN] TasksAndQueuesTab:763 - 128 128
2023-11-30 10:09:08,948 [WARN] TasksAndQueuesTab:775 - max value is: 768.0
2023-11-30 10:09:08,948 [INFO] TasksAndQueuesTab:757 - Dynamic
2023-11-30 10:09:08,948 [WARN] TasksAndQueuesTab:763 - 128 128
2023-11-30 10:09:08,948 [WARN] TasksAndQueuesTab:775 - max value is: 768.0
2023-11-30 10:09:13,506 [INFO] TasksAndQueuesTab:757 - Dynamic
2023-11-30 10:09:13,506 [WARN] TasksAndQueuesTab:763 - 128 128
2023-11-30 10:09:13,507 [WARN] TasksAndQueuesTab:775 - max value is: 768.0
2023-11-30 10:09:13,507 [INFO] TasksAndQueuesTab:757 - Dynamic
2023-11-30 10:09:13,507 [WARN] TasksAndQueuesTab:763 - 128 128
2023-11-30 10:09:13,508 [WARN] TasksAndQueuesTab:775 - max value is: 768.0
2023-11-30 10:09:18,562 [INFO] TasksAndQueuesTab:757 - Dynamic
2023-11-30 10:09:18,562 [WARN] TasksAndQueuesTab:763 - 128 128
2023-11-30 10:09:18,563 [WARN] TasksAndQueuesTab:775 - max value is: 768.0
2023-11-30 10:09:21,418 [INFO] EditThreadDialog:704 - RAM SIZE (in KB): 20
2023-11-30 10:09:21,418 [INFO] EditThreadDialog:706 - RAM SIZE (in words): 5120
2023-11-30 10:09:25,927 [INFO] EditThreadDialog:704 - RAM SIZE (in KB): 20
2023-11-30 10:09:25,927 [INFO] EditThreadDialog:706 - RAM SIZE (in words): 5120
2023-11-30 10:09:33,482 [INFO] TasksAndQueuesTab:757 - Dynamic
2023-11-30 10:09:33,483 [WARN] TasksAndQueuesTab:763 - 128 128
2023-11-30 10:09:33,484 [WARN] TasksAndQueuesTab:775 - max value is: 768.0
2023-11-30 10:09:33,484 [INFO] TasksAndQueuesTab:757 - Dynamic
2023-11-30 10:09:33,484 [WARN] TasksAndQueuesTab:763 - 128 128
2023-11-30 10:09:33,484 [WARN] TasksAndQueuesTab:775 - max value is: 768.0
2023-11-30 10:09:35,012 [INFO] EditThreadDialog:704 - RAM SIZE (in KB): 20
2023-11-30 10:09:35,013 [INFO] EditThreadDialog:706 - RAM SIZE (in words): 5120
2023-11-30 10:09:36,997 [INFO] TasksAndQueuesTab:757 - Dynamic
2023-11-30 10:09:36,997 [WARN] TasksAndQueuesTab:763 - 128 128
2023-11-30 10:09:36,997 [WARN] TasksAndQueuesTab:775 - max value is: 768.0
2023-11-30 10:09:36,998 [INFO] TasksAndQueuesTab:757 - Dynamic
2023-11-30 10:09:36,998 [WARN] TasksAndQueuesTab:763 - 128 128
2023-11-30 10:09:36,998 [WARN] TasksAndQueuesTab:775 - max value is: 768.0
2023-11-30 10:09:36,998 [INFO] TasksAndQueuesTab:757 - Dynamic
2023-11-30 10:09:36,999 [WARN] TasksAndQueuesTab:763 - 128 128
2023-11-30 10:09:36,999 [WARN] TasksAndQueuesTab:775 - max value is: 768.0
2023-11-30 10:09:38,231 [INFO] UtilMem:75 - End SaveConfig() Used Memory: 679031824 Bytes (1073741824)
2023-11-30 10:11:35,977 [INFO] TasksAndQueuesTab:757 - Dynamic
2023-11-30 10:11:35,977 [WARN] TasksAndQueuesTab:763 - 128 128
2023-11-30 10:11:35,978 [WARN] TasksAndQueuesTab:775 - max value is: 768.0
2023-11-30 10:11:35,978 [INFO] TasksAndQueuesTab:757 - Dynamic
2023-11-30 10:11:35,979 [WARN] TasksAndQueuesTab:763 - 128 128
2023-11-30 10:11:35,979 [WARN] TasksAndQueuesTab:775 - max value is: 768.0
2023-11-30 10:11:35,980 [INFO] TasksAndQueuesTab:757 - Dynamic
2023-11-30 10:11:35,980 [WARN] TasksAndQueuesTab:763 - 128 128
2023-11-30 10:11:35,980 [WARN] TasksAndQueuesTab:775 - max value is: 768.0
2023-11-30 10:11:37,722 [INFO] EditThreadDialog:704 - RAM SIZE (in KB): 20
2023-11-30 10:11:37,722 [INFO] EditThreadDialog:706 - RAM SIZE (in words): 5120
2023-11-30 10:11:52,437 [INFO] TasksAndQueuesTab:757 - Dynamic
2023-11-30 10:11:52,437 [WARN] TasksAndQueuesTab:763 - 128 128
2023-11-30 10:11:52,438 [WARN] TasksAndQueuesTab:775 - max value is: 768.0
2023-11-30 10:11:52,438 [INFO] TasksAndQueuesTab:757 - Dynamic
2023-11-30 10:11:52,438 [WARN] TasksAndQueuesTab:763 - 128 128
2023-11-30 10:11:52,438 [WARN] TasksAndQueuesTab:775 - max value is: 768.0
2023-11-30 10:11:52,439 [INFO] TasksAndQueuesTab:757 - Dynamic
2023-11-30 10:11:52,439 [WARN] TasksAndQueuesTab:763 - 128 128
2023-11-30 10:11:52,439 [WARN] TasksAndQueuesTab:775 - max value is: 768.0
2023-11-30 10:11:54,681 [INFO] UtilMem:75 - End SaveConfig() Used Memory: 780964520 Bytes (1073741824)
2023-11-30 10:12:01,100 [INFO] EditThreadDialog:704 - RAM SIZE (in KB): 20
2023-11-30 10:12:01,100 [INFO] EditThreadDialog:706 - RAM SIZE (in words): 5120
2023-11-30 10:12:07,367 [INFO] EditThreadDialog:704 - RAM SIZE (in KB): 20
2023-11-30 10:12:07,367 [INFO] EditThreadDialog:706 - RAM SIZE (in words): 5120
2023-11-30 10:12:26,915 [INFO] TasksAndQueuesTab:757 - Dynamic
2023-11-30 10:12:26,915 [WARN] TasksAndQueuesTab:763 - 128 128
2023-11-30 10:12:26,915 [WARN] TasksAndQueuesTab:775 - max value is: 768.0
2023-11-30 10:12:26,916 [INFO] TasksAndQueuesTab:757 - Dynamic
2023-11-30 10:12:26,916 [WARN] TasksAndQueuesTab:763 - 128 128
2023-11-30 10:12:26,916 [WARN] TasksAndQueuesTab:775 - max value is: 768.0
2023-11-30 10:12:26,917 [INFO] TasksAndQueuesTab:757 - Dynamic
2023-11-30 10:12:26,917 [WARN] TasksAndQueuesTab:763 - 128 128
2023-11-30 10:12:26,917 [WARN] TasksAndQueuesTab:775 - max value is: 768.0
2023-11-30 10:12:28,716 [INFO] EditThreadDialog:704 - RAM SIZE (in KB): 20
2023-11-30 10:12:28,716 [INFO] EditThreadDialog:706 - RAM SIZE (in words): 5120
2023-11-30 10:12:35,849 [INFO] TasksAndQueuesTab:757 - Dynamic
2023-11-30 10:12:35,849 [WARN] TasksAndQueuesTab:763 - 128 128
2023-11-30 10:12:35,850 [WARN] TasksAndQueuesTab:775 - max value is: 768.0
2023-11-30 10:12:35,850 [INFO] TasksAndQueuesTab:757 - Dynamic
2023-11-30 10:12:35,850 [WARN] TasksAndQueuesTab:763 - 128 128
2023-11-30 10:12:35,850 [WARN] TasksAndQueuesTab:775 - max value is: 768.0
2023-11-30 10:12:35,851 [INFO] TasksAndQueuesTab:757 - Dynamic
2023-11-30 10:12:35,851 [WARN] TasksAndQueuesTab:763 - 128 128
2023-11-30 10:12:35,851 [WARN] TasksAndQueuesTab:775 - max value is: 768.0
2023-11-30 10:12:37,216 [INFO] EditThreadDialog:704 - RAM SIZE (in KB): 20
2023-11-30 10:12:37,216 [INFO] EditThreadDialog:706 - RAM SIZE (in words): 5120
2023-11-30 10:12:51,215 [INFO] EditThreadDialog:704 - RAM SIZE (in KB): 20
2023-11-30 10:12:51,215 [INFO] EditThreadDialog:706 - RAM SIZE (in words): 5120
2023-11-30 10:12:59,300 [INFO] TasksAndQueuesTab:757 - Dynamic
2023-11-30 10:12:59,301 [WARN] TasksAndQueuesTab:763 - 128 128
2023-11-30 10:12:59,301 [WARN] TasksAndQueuesTab:775 - max value is: 768.0
2023-11-30 10:12:59,301 [INFO] TasksAndQueuesTab:757 - Dynamic
2023-11-30 10:12:59,301 [WARN] TasksAndQueuesTab:763 - 128 128
2023-11-30 10:12:59,302 [WARN] TasksAndQueuesTab:775 - max value is: 768.0
2023-11-30 10:12:59,302 [INFO] TasksAndQueuesTab:757 - Dynamic
2023-11-30 10:12:59,302 [WARN] TasksAndQueuesTab:763 - 128 128
2023-11-30 10:12:59,302 [WARN] TasksAndQueuesTab:775 - max value is: 768.0
2023-11-30 10:13:08,252 [INFO] EditThreadDialog:704 - RAM SIZE (in KB): 20
2023-11-30 10:13:08,252 [INFO] EditThreadDialog:706 - RAM SIZE (in words): 5120
2023-11-30 10:13:28,409 [INFO] UtilMem:75 - End SaveConfig() Used Memory: 652285112 Bytes (1073741824)
2023-11-30 10:13:44,716 [INFO] EditThreadDialog:704 - RAM SIZE (in KB): 20
2023-11-30 10:13:44,716 [INFO] EditThreadDialog:706 - RAM SIZE (in words): 5120
2023-11-30 10:13:49,784 [INFO] EditThreadDialog:704 - RAM SIZE (in KB): 20
2023-11-30 10:13:49,785 [INFO] EditThreadDialog:706 - RAM SIZE (in words): 5120
2023-11-30 10:13:58,862 [INFO] TasksAndQueuesTab:757 - Dynamic
2023-11-30 10:13:58,862 [WARN] TasksAndQueuesTab:763 - 128 128
2023-11-30 10:13:58,863 [WARN] TasksAndQueuesTab:775 - max value is: 768.0
2023-11-30 10:13:58,863 [INFO] TasksAndQueuesTab:757 - Dynamic
2023-11-30 10:13:58,863 [WARN] TasksAndQueuesTab:763 - 128 128
2023-11-30 10:13:58,863 [WARN] TasksAndQueuesTab:775 - max value is: 768.0
2023-11-30 10:13:58,864 [INFO] TasksAndQueuesTab:757 - Dynamic
2023-11-30 10:13:58,864 [WARN] TasksAndQueuesTab:763 - 128 128
2023-11-30 10:13:58,864 [WARN] TasksAndQueuesTab:775 - max value is: 768.0
2023-11-30 10:14:00,085 [INFO] UtilMem:75 - End SaveConfig() Used Memory: 720135528 Bytes (1073741824)
2023-11-30 10:14:02,127 [INFO] UtilMem:75 - End SaveConfig() Used Memory: 739371952 Bytes (1073741824)
2023-11-30 10:14:03,483 [INFO] UtilMem:75 - End SaveConfig() Used Memory: 835318704 Bytes (1073741824)
2023-11-30 10:14:08,377 [INFO] BlockDiagram:2759 - set Specific Code input for plugin: NVIC
2023-11-30 10:14:08,377 [INFO] BlockDiagram:2759 - set Specific Code input for plugin: FREERTOS
2023-11-30 10:14:08,377 [INFO] BlockDiagram:2759 - set Specific Code input for plugin: SYS
2023-11-30 10:14:08,378 [INFO] BlockDiagram:2759 - set Specific Code input for plugin: GPIO
2023-11-30 10:14:08,378 [INFO] BlockDiagram:2759 - set Specific Code input for plugin: RCC
2023-11-30 10:14:08,380 [INFO] CodeGenerator:799 - code generatio: config db path: /opt/st/stm32cubeide_1.13.2/plugins/com.st.stm32cube.common.mx_6.9.2.202309101412//db/
2023-11-30 10:14:08,871 [INFO] CodeEngine:255 - oldGeneratedFile, /home/mustafa/STM32CubeIDE/workspace_1.13.2/FREERTOS/MXTmpFiles/license.tmp_save
2023-11-30 10:14:09,796 [INFO] CodeEngine:279 - Generated code: /home/mustafa/STM32CubeIDE/workspace_1.13.2/FREERTOS/MXTmpFiles/license.tmp
2023-11-30 10:14:09,979 [INFO] CodeEngine:255 - oldGeneratedFile, /home/mustafa/STM32CubeIDE/workspace_1.13.2/FREERTOS/Core/Src/gpio.c_save
2023-11-30 10:14:10,316 [INFO] CodeEngine:279 - Generated code: /home/mustafa/STM32CubeIDE/workspace_1.13.2/FREERTOS/Core/Src/gpio.c
2023-11-30 10:14:10,320 [INFO] CodeEngine:255 - oldGeneratedFile, /home/mustafa/STM32CubeIDE/workspace_1.13.2/FREERTOS/Core/Inc/gpio.h_save
2023-11-30 10:14:10,620 [INFO] CodeEngine:279 - Generated code: /home/mustafa/STM32CubeIDE/workspace_1.13.2/FREERTOS/Core/Inc/gpio.h
2023-11-30 10:14:10,788 [INFO] Middleware:1439 - No code input for Bsp Dependency
2023-11-30 10:14:10,798 [INFO] CodeEngine:255 - oldGeneratedFile, /home/mustafa/STM32CubeIDE/workspace_1.13.2/FREERTOS/MXTmpFiles/rtos_inc.tmp_save
2023-11-30 10:14:11,038 [INFO] CodeEngine:279 - Generated code: /home/mustafa/STM32CubeIDE/workspace_1.13.2/FREERTOS/MXTmpFiles/rtos_inc.tmp
2023-11-30 10:14:11,041 [INFO] CodeEngine:255 - oldGeneratedFile, /home/mustafa/STM32CubeIDE/workspace_1.13.2/FREERTOS/MXTmpFiles/rtos_kernelInit.tmp_save
2023-11-30 10:14:11,248 [INFO] CodeEngine:279 - Generated code: /home/mustafa/STM32CubeIDE/workspace_1.13.2/FREERTOS/MXTmpFiles/rtos_kernelInit.tmp
2023-11-30 10:14:11,252 [INFO] CodeEngine:255 - oldGeneratedFile, /home/mustafa/STM32CubeIDE/workspace_1.13.2/FREERTOS/MXTmpFiles/rtos_kernelStart.tmp_save
2023-11-30 10:14:11,451 [INFO] CodeEngine:279 - Generated code: /home/mustafa/STM32CubeIDE/workspace_1.13.2/FREERTOS/MXTmpFiles/rtos_kernelStart.tmp
2023-11-30 10:14:11,455 [INFO] CodeEngine:255 - oldGeneratedFile, /home/mustafa/STM32CubeIDE/workspace_1.13.2/FREERTOS/MXTmpFiles/rtos_typedefs.tmp_save
2023-11-30 10:14:11,670 [INFO] CodeEngine:279 - Generated code: /home/mustafa/STM32CubeIDE/workspace_1.13.2/FREERTOS/MXTmpFiles/rtos_typedefs.tmp
2023-11-30 10:14:11,673 [INFO] CodeEngine:255 - oldGeneratedFile, /home/mustafa/STM32CubeIDE/workspace_1.13.2/FREERTOS/MXTmpFiles/rtos_vars.tmp_save
2023-11-30 10:14:11,897 [INFO] CodeEngine:279 - Generated code: /home/mustafa/STM32CubeIDE/workspace_1.13.2/FREERTOS/MXTmpFiles/rtos_vars.tmp
2023-11-30 10:14:11,901 [INFO] CodeEngine:255 - oldGeneratedFile, /home/mustafa/STM32CubeIDE/workspace_1.13.2/FREERTOS/MXTmpFiles/rtos_pfp.tmp_save
2023-11-30 10:14:12,097 [INFO] CodeEngine:279 - Generated code: /home/mustafa/STM32CubeIDE/workspace_1.13.2/FREERTOS/MXTmpFiles/rtos_pfp.tmp
2023-11-30 10:14:12,100 [INFO] CodeEngine:255 - oldGeneratedFile, /home/mustafa/STM32CubeIDE/workspace_1.13.2/FREERTOS/MXTmpFiles/rtos_obj_creat.tmp_save
2023-11-30 10:14:12,363 [INFO] CodeEngine:279 - Generated code: /home/mustafa/STM32CubeIDE/workspace_1.13.2/FREERTOS/MXTmpFiles/rtos_obj_creat.tmp
2023-11-30 10:14:12,368 [INFO] CodeEngine:255 - oldGeneratedFile, /home/mustafa/STM32CubeIDE/workspace_1.13.2/FREERTOS/MXTmpFiles/rtos_default_thread.tmp_save
2023-11-30 10:14:12,543 [INFO] CodeEngine:279 - Generated code: /home/mustafa/STM32CubeIDE/workspace_1.13.2/FREERTOS/MXTmpFiles/rtos_default_thread.tmp
2023-11-30 10:14:12,546 [INFO] CodeEngine:255 - oldGeneratedFile, /home/mustafa/STM32CubeIDE/workspace_1.13.2/FREERTOS/MXTmpFiles/rtos_threads.tmp_save
2023-11-30 10:14:12,731 [INFO] CodeEngine:279 - Generated code: /home/mustafa/STM32CubeIDE/workspace_1.13.2/FREERTOS/MXTmpFiles/rtos_threads.tmp
2023-11-30 10:14:12,746 [INFO] Middleware:1439 - No code input for Bsp Dependency
2023-11-30 10:14:12,753 [INFO] CodeEngine:255 - oldGeneratedFile, /home/mustafa/STM32CubeIDE/workspace_1.13.2/FREERTOS/MXTmpFiles/rtos_inc.tmp_save
2023-11-30 10:14:13,028 [INFO] CodeEngine:279 - Generated code: /home/mustafa/STM32CubeIDE/workspace_1.13.2/FREERTOS/MXTmpFiles/rtos_inc.tmp
2023-11-30 10:14:13,031 [INFO] CodeEngine:255 - oldGeneratedFile, /home/mustafa/STM32CubeIDE/workspace_1.13.2/FREERTOS/MXTmpFiles/rtos_kernelInit.tmp_save
2023-11-30 10:14:13,210 [INFO] CodeEngine:279 - Generated code: /home/mustafa/STM32CubeIDE/workspace_1.13.2/FREERTOS/MXTmpFiles/rtos_kernelInit.tmp
2023-11-30 10:14:13,212 [INFO] CodeEngine:255 - oldGeneratedFile, /home/mustafa/STM32CubeIDE/workspace_1.13.2/FREERTOS/MXTmpFiles/rtos_kernelStart.tmp_save
2023-11-30 10:14:13,382 [INFO] CodeEngine:279 - Generated code: /home/mustafa/STM32CubeIDE/workspace_1.13.2/FREERTOS/MXTmpFiles/rtos_kernelStart.tmp
2023-11-30 10:14:13,384 [INFO] CodeEngine:255 - oldGeneratedFile, /home/mustafa/STM32CubeIDE/workspace_1.13.2/FREERTOS/MXTmpFiles/rtos_typedefs.tmp_save
2023-11-30 10:14:13,564 [INFO] CodeEngine:279 - Generated code: /home/mustafa/STM32CubeIDE/workspace_1.13.2/FREERTOS/MXTmpFiles/rtos_typedefs.tmp
2023-11-30 10:14:13,566 [INFO] CodeEngine:255 - oldGeneratedFile, /home/mustafa/STM32CubeIDE/workspace_1.13.2/FREERTOS/MXTmpFiles/rtos_vars.tmp_save
2023-11-30 10:14:13,749 [INFO] CodeEngine:279 - Generated code: /home/mustafa/STM32CubeIDE/workspace_1.13.2/FREERTOS/MXTmpFiles/rtos_vars.tmp
2023-11-30 10:14:13,752 [INFO] CodeEngine:255 - oldGeneratedFile, /home/mustafa/STM32CubeIDE/workspace_1.13.2/FREERTOS/MXTmpFiles/rtos_pfp.tmp_save
2023-11-30 10:14:13,926 [INFO] CodeEngine:279 - Generated code: /home/mustafa/STM32CubeIDE/workspace_1.13.2/FREERTOS/MXTmpFiles/rtos_pfp.tmp
2023-11-30 10:14:13,928 [INFO] CodeEngine:255 - oldGeneratedFile, /home/mustafa/STM32CubeIDE/workspace_1.13.2/FREERTOS/MXTmpFiles/rtos_obj_creat.tmp_save
2023-11-30 10:14:14,104 [INFO] CodeEngine:279 - Generated code: /home/mustafa/STM32CubeIDE/workspace_1.13.2/FREERTOS/MXTmpFiles/rtos_obj_creat.tmp
2023-11-30 10:14:14,106 [INFO] CodeEngine:255 - oldGeneratedFile, /home/mustafa/STM32CubeIDE/workspace_1.13.2/FREERTOS/MXTmpFiles/rtos_default_thread.tmp_save
2023-11-30 10:14:14,270 [INFO] CodeEngine:279 - Generated code: /home/mustafa/STM32CubeIDE/workspace_1.13.2/FREERTOS/MXTmpFiles/rtos_default_thread.tmp
2023-11-30 10:14:14,272 [INFO] CodeEngine:255 - oldGeneratedFile, /home/mustafa/STM32CubeIDE/workspace_1.13.2/FREERTOS/MXTmpFiles/rtos_threads.tmp_save
2023-11-30 10:14:14,458 [INFO] CodeEngine:279 - Generated code: /home/mustafa/STM32CubeIDE/workspace_1.13.2/FREERTOS/MXTmpFiles/rtos_threads.tmp
2023-11-30 10:14:14,461 [INFO] CodeEngine:255 - oldGeneratedFile, /home/mustafa/STM32CubeIDE/workspace_1.13.2/FREERTOS/Core/Inc/FreeRTOSConfig.h_save
2023-11-30 10:14:14,707 [INFO] CodeEngine:279 - Generated code: /home/mustafa/STM32CubeIDE/workspace_1.13.2/FREERTOS/Core/Inc/FreeRTOSConfig.h
2023-11-30 10:14:14,711 [INFO] CodeEngine:255 - oldGeneratedFile, /home/mustafa/STM32CubeIDE/workspace_1.13.2/FREERTOS/Core/Src/freertos.c_save
2023-11-30 10:14:14,937 [INFO] CodeEngine:279 - Generated code: /home/mustafa/STM32CubeIDE/workspace_1.13.2/FREERTOS/Core/Src/freertos.c
2023-11-30 10:14:14,944 [INFO] CodeEngine:255 - oldGeneratedFile, /home/mustafa/STM32CubeIDE/workspace_1.13.2/FREERTOS/Core/Src/stm32f1xx_it.c_save
2023-11-30 10:14:15,196 [INFO] CodeEngine:279 - Generated code: /home/mustafa/STM32CubeIDE/workspace_1.13.2/FREERTOS/Core/Src/stm32f1xx_it.c
2023-11-30 10:14:15,200 [INFO] CodeEngine:255 - oldGeneratedFile, /home/mustafa/STM32CubeIDE/workspace_1.13.2/FREERTOS/Core/Inc/stm32f1xx_it.h_save
2023-11-30 10:14:15,390 [INFO] CodeEngine:279 - Generated code: /home/mustafa/STM32CubeIDE/workspace_1.13.2/FREERTOS/Core/Inc/stm32f1xx_it.h
2023-11-30 10:14:15,399 [INFO] CodeEngine:255 - oldGeneratedFile, /home/mustafa/STM32CubeIDE/workspace_1.13.2/FREERTOS/Core/Src/stm32f1xx_hal_msp.c_save
2023-11-30 10:14:15,702 [INFO] CodeEngine:279 - Generated code: /home/mustafa/STM32CubeIDE/workspace_1.13.2/FREERTOS/Core/Src/stm32f1xx_hal_msp.c
2023-11-30 10:14:15,705 [INFO] CodeEngine:255 - oldGeneratedFile, /home/mustafa/STM32CubeIDE/workspace_1.13.2/FREERTOS/MXTmpFiles/system.tmp_save
2023-11-30 10:14:15,874 [INFO] CodeEngine:279 - Generated code: /home/mustafa/STM32CubeIDE/workspace_1.13.2/FREERTOS/MXTmpFiles/system.tmp
2023-11-30 10:14:15,878 [INFO] CodeEngine:255 - oldGeneratedFile, /home/mustafa/STM32CubeIDE/workspace_1.13.2/FREERTOS/Core/Src/stm32f1xx_hal_timebase_tim.c_save
2023-11-30 10:14:16,056 [INFO] CodeEngine:279 - Generated code: /home/mustafa/STM32CubeIDE/workspace_1.13.2/FREERTOS/Core/Src/stm32f1xx_hal_timebase_tim.c
2023-11-30 10:14:16,062 [INFO] CodeEngine:311 - oldGeneratedFile, /home/mustafa/STM32CubeIDE/workspace_1.13.2/FREERTOS/Core/Inc/stm32f1xx_hal_conf.h_save
2023-11-30 10:14:16,260 [INFO] CodeEngine:335 - Generated code: /home/mustafa/STM32CubeIDE/workspace_1.13.2/FREERTOS/Core/Inc/stm32f1xx_hal_conf.h
2023-11-30 10:14:16,323 [INFO] CodeEngine:255 - oldGeneratedFile, /home/mustafa/STM32CubeIDE/workspace_1.13.2/FREERTOS/Core/Inc/main.h_save
2023-11-30 10:14:16,561 [INFO] CodeEngine:279 - Generated code: /home/mustafa/STM32CubeIDE/workspace_1.13.2/FREERTOS/Core/Inc/main.h
2023-11-30 10:14:16,564 [INFO] CodeEngine:255 - oldGeneratedFile, /home/mustafa/STM32CubeIDE/workspace_1.13.2/FREERTOS/Core/Src/main.c_save
2023-11-30 10:14:16,894 [INFO] CodeEngine:279 - Generated code: /home/mustafa/STM32CubeIDE/workspace_1.13.2/FREERTOS/Core/Src/main.c
2023-11-30 10:14:18,933 [INFO] ProjectBuilder:3064 - Time for Copy HAL[1] : 117mS.
2023-11-30 10:14:18,948 [INFO] ProjectBuilder:4404 - Project Generator version: 4.1.0
2023-11-30 10:14:19,786 [INFO] ConfigFileManager:1457 - The Die is : DIE410
2023-11-30 10:14:19,817 [INFO] ApiDbMcu:507 - Load IP Config File for FATFS
2023-11-30 10:14:19,900 [INFO] ApiDbMcu:507 - Load IP Config File for USB_DEVICE
2023-11-30 10:14:22,063 [INFO] LogOutputStream:77 - [STDOUT_REDIRECT] 
2023-11-30 10:14:24,558 [INFO] ProjectBuilder:4626 - Time for Generating toolchain IDE Files: 5608mS.
2023-11-30 10:14:24,559 [INFO] ProjectBuilder:2935 - Time for Copy CMSIS : 1mS.
2023-11-30 10:14:24,561 [INFO] ProjectBuilder:2935 - Time for Copy CMSIS : 0mS.
