2023-11-11 08:20:45,270 [INFO] Activator:176 - 


2023-11-11 08:20:45,301 [INFO] Activator:177 - !SESSION log4j initialized
2023-11-11 08:20:50,416 [INFO] LogOutputStream:77 - [STDOUT_REDIRECT] 
2023-11-11 08:20:55,954 [INFO] ApplicationProperties:184 - Using Application install path: /opt/st/stm32cubeide_1.13.2/plugins/com.st.stm32cube.common.mx_6.9.2.202309101412
2023-11-11 08:20:56,072 [INFO] DbMcusXml:78 - Set database path to: /opt/st/stm32cubeide_1.13.2/plugins/com.st.stm32cube.common.mx_6.9.2.202309101412//db//mcu/
2023-11-11 08:20:56,079 [INFO] ApiDb:274 - Set plugin database path to: /opt/st/stm32cubeide_1.13.2/plugins/com.st.stm32cube.common.mx_6.9.2.202309101412//db//plugins/boardmanager/
2023-11-11 08:20:56,106 [WARN] ApiDb:259 - Overriding images path with different value:  => /opt/st/stm32cubeide_1.13.2/plugins/com.st.stm32cube.common.mx_6.9.2.202309101412//db//plugins/mcufinder/images/
2023-11-11 08:20:56,177 [INFO] ApiDb:250 - Set database path to: /home/mustafa/.stmcufinder/plugins/mcufinder//mcu/
2023-11-11 08:20:56,182 [INFO] DbMcusAds:125 - Set database path to: /home/mustafa/.stmcufinder/plugins/mcufinder//mcu/
2023-11-11 08:20:56,207 [INFO] CrossReferenceDbSqlite:203 - Set database path to: /home/mustafa/.stmcufinder/plugins/mcufinder//mcu/cs/
2023-11-11 08:20:56,920 [INFO] RulesReader:64 - Compatibility file has been processed (293 Rules)
2023-11-11 08:20:57,220 [INFO] DbMcusXml:78 - Set database path to: /opt/st/stm32cubeide_1.13.2/plugins/com.st.stm32cube.common.mx_6.9.2.202309101412//db//mcu/
2023-11-11 08:20:57,221 [INFO] ApiDb:274 - Set plugin database path to: /opt/st/stm32cubeide_1.13.2/plugins/com.st.stm32cube.common.mx_6.9.2.202309101412//db//plugins/boardmanager/
2023-11-11 08:20:57,222 [INFO] ApiDb:261 - Set plugin images path to: /opt/st/stm32cubeide_1.13.2/plugins/com.st.stm32cube.common.mx_6.9.2.202309101412//db//plugins/mcufinder/images/
2023-11-11 08:20:57,223 [WARN] DbFile:41 - Overriding database path with different value: /home/mustafa/.stmcufinder/plugins/mcufinder/ => /home/mustafa/.stmcufinder/plugins/mcufinder
2023-11-11 08:20:57,223 [INFO] ApiDb:250 - Set database path to: /home/mustafa/.stmcufinder/plugins/mcufinder//mcu/
2023-11-11 08:20:57,224 [WARN] DbFile:41 - Overriding database path with different value: /home/mustafa/.stmcufinder/plugins/mcufinder/ => /home/mustafa/.stmcufinder/plugins/mcufinder
2023-11-11 08:20:57,224 [INFO] DbMcusAds:125 - Set database path to: /home/mustafa/.stmcufinder/plugins/mcufinder//mcu/
2023-11-11 08:20:57,225 [WARN] DbFile:41 - Overriding database path with different value: /home/mustafa/.stmcufinder/plugins/mcufinder/ => /home/mustafa/.stmcufinder/plugins/mcufinder
2023-11-11 08:20:57,225 [WARN] DbFile:41 - Overriding database path with different value: /home/mustafa/.stmcufinder/plugins/mcufinder/ => /home/mustafa/.stmcufinder/plugins/mcufinder
2023-11-11 08:20:57,226 [INFO] CrossReferenceDbSqlite:203 - Set database path to: /home/mustafa/.stmcufinder/plugins/mcufinder//mcu/cs/
2023-11-11 08:20:57,406 [INFO] MainPanel:262 - HeapMemory: 268435456
2023-11-11 08:20:57,686 [INFO] DbMcusXml:78 - Set database path to: /opt/st/stm32cubeide_1.13.2/plugins/com.st.stm32cube.common.mx_6.9.2.202309101412//db//mcu/
2023-11-11 08:20:57,687 [INFO] ApiDb:274 - Set plugin database path to: /opt/st/stm32cubeide_1.13.2/plugins/com.st.stm32cube.common.mx_6.9.2.202309101412//db//plugins/boardmanager/
2023-11-11 08:20:57,687 [INFO] ApiDb:261 - Set plugin images path to: /opt/st/stm32cubeide_1.13.2/plugins/com.st.stm32cube.common.mx_6.9.2.202309101412//db//plugins/mcufinder/images/
2023-11-11 08:20:57,689 [WARN] DbFile:41 - Overriding database path with different value: /home/mustafa/.stmcufinder/plugins/mcufinder/ => /home/mustafa/.stmcufinder/plugins/mcufinder
2023-11-11 08:20:57,690 [INFO] ApiDb:250 - Set database path to: /home/mustafa/.stmcufinder/plugins/mcufinder//mcu/
2023-11-11 08:20:57,690 [WARN] DbFile:41 - Overriding database path with different value: /home/mustafa/.stmcufinder/plugins/mcufinder/ => /home/mustafa/.stmcufinder/plugins/mcufinder
2023-11-11 08:20:57,691 [INFO] DbMcusAds:125 - Set database path to: /home/mustafa/.stmcufinder/plugins/mcufinder//mcu/
2023-11-11 08:20:57,691 [WARN] DbFile:41 - Overriding database path with different value: /home/mustafa/.stmcufinder/plugins/mcufinder/ => /home/mustafa/.stmcufinder/plugins/mcufinder
2023-11-11 08:20:57,692 [WARN] DbFile:41 - Overriding database path with different value: /home/mustafa/.stmcufinder/plugins/mcufinder/ => /home/mustafa/.stmcufinder/plugins/mcufinder
2023-11-11 08:20:57,692 [INFO] CrossReferenceDbSqlite:203 - Set database path to: /home/mustafa/.stmcufinder/plugins/mcufinder//mcu/cs/
2023-11-11 08:20:57,741 [INFO] ApplicationProperties:184 - Using Application install path: /opt/st/stm32cubeide_1.13.2/plugins/com.st.stm32cube.common.mx_6.9.2.202309101412
2023-11-11 08:20:57,745 [INFO] PluginManage:196 - Search for loadable plugins [exclusion list=, ]
2023-11-11 08:20:57,749 [INFO] PluginManage:310 - Check plugin analytics
2023-11-11 08:20:58,308 [INFO] AnalyticsPlugin:253 - Accepted Software Licenses: 
2023-11-11 08:20:58,308 [INFO] AnalyticsPlugin:255 - Accepted CMSIS Pack Licenses: 
2023-11-11 08:20:58,309 [INFO] AnalyticsPlugin:257 - Accepted Firmware Licenses: 
2023-11-11 08:20:58,318 [INFO] PluginManage:359 - Loaded plugin analytics (category:tool,tabindex:-1)
2023-11-11 08:20:58,319 [INFO] PluginManage:310 - Check plugin cadmodel
2023-11-11 08:20:58,420 [INFO] CADModel:105 - Init CAD model plugin
2023-11-11 08:20:58,421 [INFO] PluginManage:359 - Loaded plugin cadmodel (category:power,tabindex:5)
2023-11-11 08:20:58,422 [INFO] PluginManage:310 - Check plugin clock
2023-11-11 08:20:58,444 [INFO] PluginManage:359 - Loaded plugin clock (category:base,tabindex:2)
2023-11-11 08:20:58,444 [INFO] PluginManage:310 - Check plugin ddr
2023-11-11 08:20:58,449 [INFO] PluginManage:359 - Loaded plugin ddr (category:tool,tabindex:6)
2023-11-11 08:20:58,449 [INFO] PluginManage:310 - Check plugin filemanager
2023-11-11 08:20:58,848 [INFO] PluginManage:359 - Loaded plugin filemanager (category:base,tabindex:10)
2023-11-11 08:20:58,849 [INFO] PluginManage:310 - Check plugin ipmanager
2023-11-11 08:20:58,874 [INFO] PluginManage:359 - Loaded plugin ipmanager (category:base,tabindex:5)
2023-11-11 08:20:58,875 [INFO] PluginManage:310 - Check plugin lpbam
2023-11-11 08:20:58,901 [INFO] PluginManage:359 - Loaded plugin lpbam (category:base,tabindex:0)
2023-11-11 08:20:58,901 [INFO] PluginManage:310 - Check plugin memorymap
2023-11-11 08:20:58,935 [INFO] PluginManage:359 - Loaded plugin memorymap (category:base,tabindex:4)
2023-11-11 08:20:58,936 [INFO] PluginManage:310 - Check plugin pinoutandconfiguration
2023-11-11 08:20:58,951 [INFO] PluginManage:359 - Loaded plugin pinoutandconfiguration (category:base,tabindex:1)
2023-11-11 08:20:58,952 [INFO] PluginManage:310 - Check plugin pinoutconfig
2023-11-11 08:20:59,145 [WARN] SupportedApi:132 - Cannot load RTOS API schema: s4s-elt-must-match.1: The content of 'definitions' must match (annotation?, (simpleType | complexType)?, (unique | key | keyref)*)). A problem was found starting at: attribute.
2023-11-11 08:20:59,443 [INFO] PluginManage:359 - Loaded plugin pinoutconfig (category:base,tabindex:0)
2023-11-11 08:20:59,444 [INFO] PluginManage:310 - Check plugin power
2023-11-11 08:20:59,467 [INFO] PluginManage:359 - Loaded plugin power (category:power,tabindex:4)
2023-11-11 08:20:59,468 [INFO] PluginManage:310 - Check plugin projectmanager
2023-11-11 08:20:59,506 [INFO] PluginManage:359 - Loaded plugin projectmanager (category:projectmanager,tabindex:3)
2023-11-11 08:20:59,507 [INFO] PluginManage:310 - Check plugin thirdparty
2023-11-11 08:20:59,877 [INFO] PluginManage:359 - Loaded plugin thirdparty (category:base,tabindex:-1)
2023-11-11 08:20:59,877 [INFO] PluginManage:310 - Check plugin tools
2023-11-11 08:20:59,877 [WARN] IntegrityCheckThread:84 - waiting for thirdparty lock release [integrity check]
2023-11-11 08:20:59,878 [INFO] IntegrityCheckThread:86 - entering critical section [integrity check]
2023-11-11 08:20:59,879 [INFO] ThirdPartyUpdaterWithRetryManager:70 - Updater plugin not ready yet. [1/15]
2023-11-11 08:20:59,884 [INFO] PluginManage:359 - Loaded plugin tools (category:base,tabindex:7)
2023-11-11 08:20:59,884 [INFO] PluginManage:310 - Check plugin tutovideos
2023-11-11 08:21:00,463 [INFO] PluginManage:359 - Loaded plugin tutovideos (category:base,tabindex:-1)
2023-11-11 08:21:00,464 [INFO] PluginManage:310 - Check plugin updater
2023-11-11 08:21:00,509 [INFO] PluginManage:359 - Loaded plugin updater (category:base,tabindex:12)
2023-11-11 08:21:00,509 [INFO] PluginManage:310 - Check plugin userauth
2023-11-11 08:21:00,524 [INFO] UserAuth:113 - Init User Auth plugin
2023-11-11 08:21:00,528 [INFO] PluginManage:359 - Loaded plugin userauth (category:base,tabindex:14)
2023-11-11 08:21:00,530 [INFO] PluginManage:283 - PluginManage : Loaded plugins [17]
2023-11-11 08:21:01,220 [INFO] PinOutPanel:1499 - setPackage(No Configuration,No Configuration)
2023-11-11 08:21:01,738 [INFO] CADModel:165 - CPN selected for project level
2023-11-11 08:21:01,739 [INFO] CADModel:114 - Register for checkConnection events
2023-11-11 08:21:01,804 [INFO] IPUIPlugin:80 - create IPUIPlugin
2023-11-11 08:21:01,806 [INFO] PluginManager:220 - loadIPPluginJar : add mdma
2023-11-11 08:21:01,870 [INFO] IPUIPlugin:80 - create IPUIPlugin
2023-11-11 08:21:01,871 [INFO] PluginManager:220 - loadIPPluginJar : add i2s
2023-11-11 08:21:01,882 [INFO] IPUIPlugin:80 - create IPUIPlugin
2023-11-11 08:21:01,883 [INFO] PluginManager:220 - loadIPPluginJar : add aes
2023-11-11 08:21:01,889 [INFO] IPUIPlugin:80 - create IPUIPlugin
2023-11-11 08:21:01,890 [INFO] PluginManager:220 - loadIPPluginJar : add ts
2023-11-11 08:21:01,898 [INFO] IPUIPlugin:80 - create IPUIPlugin
2023-11-11 08:21:01,898 [INFO] PluginManager:220 - loadIPPluginJar : add tim
2023-11-11 08:21:01,916 [INFO] IPUIPlugin:80 - create IPUIPlugin
2023-11-11 08:21:01,917 [INFO] PluginManager:220 - loadIPPluginJar : add gic
2023-11-11 08:21:01,940 [INFO] IPUIPlugin:80 - create IPUIPlugin
2023-11-11 08:21:01,942 [INFO] PluginManager:220 - loadIPPluginJar : add gpio
2023-11-11 08:21:01,948 [INFO] IPUIPlugin:80 - create IPUIPlugin
2023-11-11 08:21:01,949 [INFO] PluginManager:220 - loadIPPluginJar : add ucpd
2023-11-11 08:21:01,967 [INFO] IPUIPlugin:80 - create IPUIPlugin
2023-11-11 08:21:01,967 [INFO] PluginManager:220 - loadIPPluginJar : add gfxmmu
2023-11-11 08:21:01,979 [INFO] IPUIPlugin:80 - create IPUIPlugin
2023-11-11 08:21:01,987 [INFO] PluginManager:220 - loadIPPluginJar : add can
2023-11-11 08:21:01,995 [INFO] IPUIPlugin:80 - create IPUIPlugin
2023-11-11 08:21:01,996 [INFO] PluginManager:220 - loadIPPluginJar : add cryp
2023-11-11 08:21:02,038 [INFO] IPUIPlugin:80 - create IPUIPlugin
2023-11-11 08:21:02,038 [INFO] PluginManager:220 - loadIPPluginJar : add stm32_wpan
2023-11-11 08:21:02,043 [INFO] IPUIPlugin:80 - create IPUIPlugin
2023-11-11 08:21:02,043 [INFO] PluginManager:220 - loadIPPluginJar : add genericplugin
2023-11-11 08:21:02,056 [INFO] IPUIPlugin:80 - create IPUIPlugin
2023-11-11 08:21:02,057 [INFO] PluginManager:220 - loadIPPluginJar : add usart
2023-11-11 08:21:02,087 [INFO] IPUIPlugin:80 - create IPUIPlugin
2023-11-11 08:21:02,088 [INFO] PluginManager:220 - loadIPPluginJar : add nvic
2023-11-11 08:21:02,102 [INFO] IPUIPlugin:80 - create IPUIPlugin
2023-11-11 08:21:02,103 [INFO] PluginManager:220 - loadIPPluginJar : add touchsensing
2023-11-11 08:21:02,109 [INFO] IPUIPlugin:80 - create IPUIPlugin
2023-11-11 08:21:02,110 [INFO] PluginManager:220 - loadIPPluginJar : add spi
2023-11-11 08:21:02,132 [INFO] IPUIPlugin:80 - create IPUIPlugin
2023-11-11 08:21:02,133 [INFO] PluginManager:220 - loadIPPluginJar : add linkedlist
2023-11-11 08:21:02,142 [INFO] IPUIPlugin:80 - create IPUIPlugin
2023-11-11 08:21:02,142 [INFO] PluginManager:220 - loadIPPluginJar : add opamp
2023-11-11 08:21:02,160 [INFO] IPUIPlugin:80 - create IPUIPlugin
2023-11-11 08:21:02,161 [INFO] PluginManager:220 - loadIPPluginJar : add sai
2023-11-11 08:21:02,175 [INFO] IPUIPlugin:80 - create IPUIPlugin
2023-11-11 08:21:02,176 [INFO] PluginManager:220 - loadIPPluginJar : add ipddr
2023-11-11 08:21:02,187 [INFO] IPUIPlugin:80 - create IPUIPlugin
2023-11-11 08:21:02,189 [INFO] PluginManager:220 - loadIPPluginJar : add usbx
2023-11-11 08:21:02,203 [INFO] IPUIPlugin:80 - create IPUIPlugin
2023-11-11 08:21:02,204 [INFO] PluginManager:220 - loadIPPluginJar : add tsc
2023-11-11 08:21:02,232 [INFO] IPUIPlugin:80 - create IPUIPlugin
2023-11-11 08:21:02,236 [INFO] PluginManager:220 - loadIPPluginJar : add lorawan
2023-11-11 08:21:02,282 [INFO] IPUIPlugin:80 - create IPUIPlugin
2023-11-11 08:21:02,299 [INFO] PluginManager:220 - loadIPPluginJar : add plateformsettings
2023-11-11 08:21:02,328 [INFO] IPUIPlugin:80 - create IPUIPlugin
2023-11-11 08:21:02,328 [INFO] PluginManager:220 - loadIPPluginJar : add dma
2023-11-11 08:21:02,346 [INFO] IPUIPlugin:80 - create IPUIPlugin
2023-11-11 08:21:02,348 [INFO] PluginManager:220 - loadIPPluginJar : add adc
2023-11-11 08:21:02,355 [INFO] IPUIPlugin:80 - create IPUIPlugin
2023-11-11 08:21:02,358 [INFO] PluginManager:220 - loadIPPluginJar : add ltdc
2023-11-11 08:21:02,375 [INFO] IPUIPlugin:80 - create IPUIPlugin
2023-11-11 08:21:02,376 [INFO] PluginManager:220 - loadIPPluginJar : add fmc
2023-11-11 08:21:02,385 [INFO] IPUIPlugin:80 - create IPUIPlugin
2023-11-11 08:21:02,385 [INFO] PluginManager:220 - loadIPPluginJar : add i3c
2023-11-11 08:21:02,396 [INFO] IPUIPlugin:80 - create IPUIPlugin
2023-11-11 08:21:02,396 [INFO] PluginManager:220 - loadIPPluginJar : add i2c
2023-11-11 08:21:02,403 [INFO] IPUIPlugin:80 - create IPUIPlugin
2023-11-11 08:21:02,404 [INFO] PluginManager:220 - loadIPPluginJar : add hash
2023-11-11 08:21:02,410 [INFO] IPUIPlugin:80 - create IPUIPlugin
2023-11-11 08:21:02,410 [INFO] PluginManager:220 - loadIPPluginJar : add fatfs
2023-11-11 08:21:02,428 [INFO] IPUIPlugin:80 - create IPUIPlugin
2023-11-11 08:21:02,429 [INFO] PluginManager:220 - loadIPPluginJar : add comp
2023-11-11 08:21:02,438 [INFO] IPUIPlugin:80 - create IPUIPlugin
2023-11-11 08:21:02,439 [INFO] PluginManager:220 - loadIPPluginJar : add dfsdm
2023-11-11 08:21:02,455 [INFO] IPUIPlugin:80 - create IPUIPlugin
2023-11-11 08:21:02,456 [INFO] PluginManager:220 - loadIPPluginJar : add resmgrutility
2023-11-11 08:21:02,494 [INFO] IPUIPlugin:80 - create IPUIPlugin
2023-11-11 08:21:02,494 [INFO] PluginManager:220 - loadIPPluginJar : add quadspi
2023-11-11 08:21:02,505 [INFO] IPUIPlugin:80 - create IPUIPlugin
2023-11-11 08:21:02,506 [INFO] PluginManager:220 - loadIPPluginJar : add openamp
2023-11-11 08:21:02,516 [INFO] IPUIPlugin:80 - create IPUIPlugin
2023-11-11 08:21:02,516 [INFO] PluginManager:220 - loadIPPluginJar : add gtzc
2023-11-11 08:21:02,528 [INFO] IPUIPlugin:80 - create IPUIPlugin
2023-11-11 08:21:02,528 [INFO] PluginManager:220 - loadIPPluginJar : add dma3
2023-11-11 08:21:02,536 [INFO] IPUIPlugin:80 - create IPUIPlugin
2023-11-11 08:21:02,536 [INFO] PluginManager:220 - loadIPPluginJar : add pdm2pcm
2023-11-11 08:21:02,542 [INFO] IPUIPlugin:80 - create IPUIPlugin
2023-11-11 08:21:02,543 [INFO] PluginManager:220 - loadIPPluginJar : add tracer_emb
2023-11-11 08:21:02,560 [INFO] IPUIPlugin:80 - create IPUIPlugin
2023-11-11 08:21:02,561 [INFO] PluginManager:220 - loadIPPluginJar : add freertos
2023-11-11 08:21:02,789 [INFO] CADModel:165 - CPN selected for project level
2023-11-11 08:21:02,790 [INFO] CADModel:114 - Register for checkConnection events
2023-11-11 08:21:02,791 [FATAL] Updater:308 - Updater called before beeing initialized
2023-11-11 08:21:02,791 [ERROR] CADModel:125 - Updater not yet initialized, retry later 
2023-11-11 08:21:02,880 [INFO] ThirdPartyUpdaterWithRetryManager:70 - Updater plugin not ready yet. [2/15]
2023-11-11 08:21:03,596 [INFO] CADModel:165 - CPN selected for project level
2023-11-11 08:21:03,596 [INFO] CADModel:114 - Register for checkConnection events
2023-11-11 08:21:03,597 [FATAL] Updater:308 - Updater called before beeing initialized
2023-11-11 08:21:03,597 [ERROR] CADModel:125 - Updater not yet initialized, retry later 
2023-11-11 08:21:03,609 [FATAL] Updater:308 - Updater called before beeing initialized
2023-11-11 08:21:03,990 [FATAL] Updater:308 - Updater called before beeing initialized
2023-11-11 08:21:04,035 [INFO] DbMcusAds:53 - JSON generation date=Tue Mar 07 10:50:55 EET 2023 (1678179055335)
2023-11-11 08:21:04,036 [FATAL] Updater:308 - Updater called before beeing initialized
2023-11-11 08:21:04,296 [WARN] DetailPanel:346 - Failed to get advertising image, set to default
2023-11-11 08:21:04,810 [FATAL] Updater:308 - Updater called before beeing initialized
2023-11-11 08:21:04,826 [FATAL] Updater:308 - Updater called before beeing initialized
2023-11-11 08:21:04,826 [FATAL] Updater:308 - Updater called before beeing initialized
2023-11-11 08:21:04,827 [WARN] DetailPanel:346 - Failed to get advertising image, set to default
2023-11-11 08:21:04,834 [FATAL] Updater:308 - Updater called before beeing initialized
2023-11-11 08:21:05,042 [ERROR] Updater:1120 - MainUpdater not yet initialized. External WinMGr cannot be set.
2023-11-11 08:21:05,049 [INFO] Updater:1056 - Updater Version found : 6.9.2
2023-11-11 08:21:05,120 [INFO] ApplicationProperties:184 - Using Application install path: /opt/st/stm32cubeide_1.13.2/plugins/com.st.stm32cube.common.mx_6.9.2.202309101412
2023-11-11 08:21:05,881 [FATAL] Updater:308 - Updater called before beeing initialized
2023-11-11 08:21:05,883 [ERROR] IntegrityCheckThread:130 - Cannot retrieve database content from updater: error 21
2023-11-11 08:21:05,884 [INFO] ThirdParty:978 - Integrity check success = false
2023-11-11 08:21:05,884 [INFO] IntegrityCheckThread:100 - exiting critical section [integrity check]
2023-11-11 08:21:05,884 [INFO] IntegrityCheckThread:103 - End integrity checks thread
2023-11-11 08:21:06,128 [INFO] MainUpdater:2868 - connection check result : 10
2023-11-11 08:21:06,146 [INFO] MainUpdater:285 - Updater Check For Update Now.
2023-11-11 08:21:06,147 [INFO] MicroXplorer:498 - Change Database Version : DB.6.0.92
2023-11-11 08:21:06,173 [INFO] McuFinderGlobals:63 - Set McuFinder mode to 2 (CubeIDE integrated)
2023-11-11 08:21:06,173 [INFO] UserAuth:179 - activating auth plugin
2023-11-11 08:21:06,240 [INFO] UserAuth:393 - Internet connection configuration mode: 1
2023-11-11 08:21:06,337 [INFO] JxBrowserEngine:151 - Initiate JxBrowser Engine with user profile folder
2023-11-11 08:21:06,940 [INFO] CheckServerUpdateThread:120 - End of CheckServer Thread
2023-11-11 08:21:10,872 [INFO] WebApp:157 - Instantiating new browser for Auth
2023-11-11 08:21:14,011 [INFO] WebApp:753 - Register for checkConnection events
2023-11-11 08:21:14,011 [INFO] WebApp:390 - Apply proxy settings
2023-11-11 08:21:14,012 [INFO] WebApp:475 - Chromium requires no authentication
2023-11-11 08:21:14,031 [INFO] WebApp:418 - Direct internet connection detected
2023-11-11 08:21:14,638 [INFO] WebApp:188 - Starting web application
2023-11-11 08:21:14,639 [INFO] WebApp:520 - Web application path used /opt/st/stm32cubeide_1.13.2/plugins/com.st.stm32cube.common.mx_6.9.2.202309101412/db/plugins/mcufinder/reactClient1/index.html
2023-11-11 08:21:36,000 [ERROR] LogOutputStream:75 - [STDERR_REDIRECT] SLF4J: Failed to load class "org.slf4j.impl.StaticLoggerBinder".
2023-11-11 08:21:36,011 [ERROR] LogOutputStream:75 - [STDERR_REDIRECT] SLF4J: Defaulting to no-operation (NOP) logger implementation
2023-11-11 08:21:36,013 [ERROR] LogOutputStream:75 - [STDERR_REDIRECT] SLF4J: See http://www.slf4j.org/codes.html#StaticLoggerBinder for further details.
2023-11-11 11:25:38,925 [INFO] Activator:176 - 


2023-11-11 11:25:38,928 [INFO] Activator:177 - !SESSION log4j initialized
2023-11-11 11:25:44,766 [INFO] LogOutputStream:77 - [STDOUT_REDIRECT] 
2023-11-11 11:25:46,299 [INFO] ApplicationProperties:184 - Using Application install path: /opt/st/stm32cubeide_1.13.2/plugins/com.st.stm32cube.common.mx_6.9.2.202309101412
2023-11-11 11:25:46,328 [INFO] DbMcusXml:78 - Set database path to: /opt/st/stm32cubeide_1.13.2/plugins/com.st.stm32cube.common.mx_6.9.2.202309101412//db//mcu/
2023-11-11 11:25:46,329 [INFO] ApiDb:274 - Set plugin database path to: /opt/st/stm32cubeide_1.13.2/plugins/com.st.stm32cube.common.mx_6.9.2.202309101412//db//plugins/boardmanager/
2023-11-11 11:25:46,329 [WARN] ApiDb:259 - Overriding images path with different value:  => /opt/st/stm32cubeide_1.13.2/plugins/com.st.stm32cube.common.mx_6.9.2.202309101412//db//plugins/mcufinder/images/
2023-11-11 11:25:46,356 [INFO] ApiDb:250 - Set database path to: /home/mustafa/.stmcufinder/plugins/mcufinder//mcu/
2023-11-11 11:25:46,358 [INFO] DbMcusAds:125 - Set database path to: /home/mustafa/.stmcufinder/plugins/mcufinder//mcu/
2023-11-11 11:25:46,362 [INFO] CrossReferenceDbSqlite:203 - Set database path to: /home/mustafa/.stmcufinder/plugins/mcufinder//mcu/cs/
2023-11-11 11:25:46,541 [INFO] RulesReader:64 - Compatibility file has been processed (293 Rules)
2023-11-11 11:25:46,608 [INFO] DbMcusXml:78 - Set database path to: /opt/st/stm32cubeide_1.13.2/plugins/com.st.stm32cube.common.mx_6.9.2.202309101412//db//mcu/
2023-11-11 11:25:46,608 [INFO] ApiDb:274 - Set plugin database path to: /opt/st/stm32cubeide_1.13.2/plugins/com.st.stm32cube.common.mx_6.9.2.202309101412//db//plugins/boardmanager/
2023-11-11 11:25:46,608 [INFO] ApiDb:261 - Set plugin images path to: /opt/st/stm32cubeide_1.13.2/plugins/com.st.stm32cube.common.mx_6.9.2.202309101412//db//plugins/mcufinder/images/
2023-11-11 11:25:46,608 [WARN] DbFile:41 - Overriding database path with different value: /home/mustafa/.stmcufinder/plugins/mcufinder/ => /home/mustafa/.stmcufinder/plugins/mcufinder
2023-11-11 11:25:46,609 [INFO] ApiDb:250 - Set database path to: /home/mustafa/.stmcufinder/plugins/mcufinder//mcu/
2023-11-11 11:25:46,609 [WARN] DbFile:41 - Overriding database path with different value: /home/mustafa/.stmcufinder/plugins/mcufinder/ => /home/mustafa/.stmcufinder/plugins/mcufinder
2023-11-11 11:25:46,609 [INFO] DbMcusAds:125 - Set database path to: /home/mustafa/.stmcufinder/plugins/mcufinder//mcu/
2023-11-11 11:25:46,609 [WARN] DbFile:41 - Overriding database path with different value: /home/mustafa/.stmcufinder/plugins/mcufinder/ => /home/mustafa/.stmcufinder/plugins/mcufinder
2023-11-11 11:25:46,609 [WARN] DbFile:41 - Overriding database path with different value: /home/mustafa/.stmcufinder/plugins/mcufinder/ => /home/mustafa/.stmcufinder/plugins/mcufinder
2023-11-11 11:25:46,609 [INFO] CrossReferenceDbSqlite:203 - Set database path to: /home/mustafa/.stmcufinder/plugins/mcufinder//mcu/cs/
2023-11-11 11:25:46,700 [INFO] MainPanel:262 - HeapMemory: 268435456
2023-11-11 11:25:46,794 [INFO] DbMcusXml:78 - Set database path to: /opt/st/stm32cubeide_1.13.2/plugins/com.st.stm32cube.common.mx_6.9.2.202309101412//db//mcu/
2023-11-11 11:25:46,795 [INFO] ApiDb:274 - Set plugin database path to: /opt/st/stm32cubeide_1.13.2/plugins/com.st.stm32cube.common.mx_6.9.2.202309101412//db//plugins/boardmanager/
2023-11-11 11:25:46,795 [INFO] ApiDb:261 - Set plugin images path to: /opt/st/stm32cubeide_1.13.2/plugins/com.st.stm32cube.common.mx_6.9.2.202309101412//db//plugins/mcufinder/images/
2023-11-11 11:25:46,797 [WARN] DbFile:41 - Overriding database path with different value: /home/mustafa/.stmcufinder/plugins/mcufinder/ => /home/mustafa/.stmcufinder/plugins/mcufinder
2023-11-11 11:25:46,797 [INFO] ApiDb:250 - Set database path to: /home/mustafa/.stmcufinder/plugins/mcufinder//mcu/
2023-11-11 11:25:46,797 [WARN] DbFile:41 - Overriding database path with different value: /home/mustafa/.stmcufinder/plugins/mcufinder/ => /home/mustafa/.stmcufinder/plugins/mcufinder
2023-11-11 11:25:46,798 [INFO] DbMcusAds:125 - Set database path to: /home/mustafa/.stmcufinder/plugins/mcufinder//mcu/
2023-11-11 11:25:46,798 [WARN] DbFile:41 - Overriding database path with different value: /home/mustafa/.stmcufinder/plugins/mcufinder/ => /home/mustafa/.stmcufinder/plugins/mcufinder
2023-11-11 11:25:46,798 [WARN] DbFile:41 - Overriding database path with different value: /home/mustafa/.stmcufinder/plugins/mcufinder/ => /home/mustafa/.stmcufinder/plugins/mcufinder
2023-11-11 11:25:46,798 [INFO] CrossReferenceDbSqlite:203 - Set database path to: /home/mustafa/.stmcufinder/plugins/mcufinder//mcu/cs/
2023-11-11 11:25:46,819 [INFO] ApplicationProperties:184 - Using Application install path: /opt/st/stm32cubeide_1.13.2/plugins/com.st.stm32cube.common.mx_6.9.2.202309101412
2023-11-11 11:25:46,821 [INFO] PluginManage:196 - Search for loadable plugins [exclusion list=, ]
2023-11-11 11:25:46,823 [INFO] PluginManage:310 - Check plugin analytics
2023-11-11 11:25:47,054 [INFO] AnalyticsPlugin:253 - Accepted Software Licenses: 
2023-11-11 11:25:47,054 [INFO] AnalyticsPlugin:255 - Accepted CMSIS Pack Licenses: 
2023-11-11 11:25:47,054 [INFO] AnalyticsPlugin:257 - Accepted Firmware Licenses: 
2023-11-11 11:25:47,058 [INFO] PluginManage:359 - Loaded plugin analytics (category:tool,tabindex:-1)
2023-11-11 11:25:47,059 [INFO] PluginManage:310 - Check plugin cadmodel
2023-11-11 11:25:47,113 [INFO] CADModel:105 - Init CAD model plugin
2023-11-11 11:25:47,114 [INFO] PluginManage:359 - Loaded plugin cadmodel (category:power,tabindex:5)
2023-11-11 11:25:47,114 [INFO] PluginManage:310 - Check plugin clock
2023-11-11 11:25:47,124 [INFO] PluginManage:359 - Loaded plugin clock (category:base,tabindex:2)
2023-11-11 11:25:47,124 [INFO] PluginManage:310 - Check plugin ddr
2023-11-11 11:25:47,126 [INFO] PluginManage:359 - Loaded plugin ddr (category:tool,tabindex:6)
2023-11-11 11:25:47,127 [INFO] PluginManage:310 - Check plugin filemanager
2023-11-11 11:25:47,310 [INFO] PluginManage:359 - Loaded plugin filemanager (category:base,tabindex:10)
2023-11-11 11:25:47,311 [INFO] PluginManage:310 - Check plugin ipmanager
2023-11-11 11:25:47,318 [INFO] PluginManage:359 - Loaded plugin ipmanager (category:base,tabindex:5)
2023-11-11 11:25:47,318 [INFO] PluginManage:310 - Check plugin lpbam
2023-11-11 11:25:47,341 [INFO] PluginManage:359 - Loaded plugin lpbam (category:base,tabindex:0)
2023-11-11 11:25:47,342 [INFO] PluginManage:310 - Check plugin memorymap
2023-11-11 11:25:47,364 [INFO] PluginManage:359 - Loaded plugin memorymap (category:base,tabindex:4)
2023-11-11 11:25:47,364 [INFO] PluginManage:310 - Check plugin pinoutandconfiguration
2023-11-11 11:25:47,379 [INFO] PluginManage:359 - Loaded plugin pinoutandconfiguration (category:base,tabindex:1)
2023-11-11 11:25:47,379 [INFO] PluginManage:310 - Check plugin pinoutconfig
2023-11-11 11:25:47,541 [WARN] SupportedApi:132 - Cannot load RTOS API schema: s4s-elt-must-match.1: The content of 'definitions' must match (annotation?, (simpleType | complexType)?, (unique | key | keyref)*)). A problem was found starting at: attribute.
2023-11-11 11:25:47,779 [INFO] PluginManage:359 - Loaded plugin pinoutconfig (category:base,tabindex:0)
2023-11-11 11:25:47,779 [INFO] PluginManage:310 - Check plugin power
2023-11-11 11:25:47,788 [INFO] PluginManage:359 - Loaded plugin power (category:power,tabindex:4)
2023-11-11 11:25:47,788 [INFO] PluginManage:310 - Check plugin projectmanager
2023-11-11 11:25:47,805 [INFO] PluginManage:359 - Loaded plugin projectmanager (category:projectmanager,tabindex:3)
2023-11-11 11:25:47,806 [INFO] PluginManage:310 - Check plugin thirdparty
2023-11-11 11:25:47,959 [INFO] PluginManage:359 - Loaded plugin thirdparty (category:base,tabindex:-1)
2023-11-11 11:25:47,958 [WARN] IntegrityCheckThread:84 - waiting for thirdparty lock release [integrity check]
2023-11-11 11:25:47,959 [INFO] PluginManage:310 - Check plugin tools
2023-11-11 11:25:47,959 [INFO] IntegrityCheckThread:86 - entering critical section [integrity check]
2023-11-11 11:25:47,959 [INFO] ThirdPartyUpdaterWithRetryManager:70 - Updater plugin not ready yet. [1/15]
2023-11-11 11:25:47,961 [INFO] PluginManage:359 - Loaded plugin tools (category:base,tabindex:7)
2023-11-11 11:25:47,961 [INFO] PluginManage:310 - Check plugin tutovideos
2023-11-11 11:25:48,136 [INFO] PluginManage:359 - Loaded plugin tutovideos (category:base,tabindex:-1)
2023-11-11 11:25:48,136 [INFO] PluginManage:310 - Check plugin updater
2023-11-11 11:25:48,145 [INFO] PluginManage:359 - Loaded plugin updater (category:base,tabindex:12)
2023-11-11 11:25:48,145 [INFO] PluginManage:310 - Check plugin userauth
2023-11-11 11:25:48,149 [INFO] UserAuth:113 - Init User Auth plugin
2023-11-11 11:25:48,149 [INFO] PluginManage:359 - Loaded plugin userauth (category:base,tabindex:14)
2023-11-11 11:25:48,149 [INFO] PluginManage:283 - PluginManage : Loaded plugins [17]
2023-11-11 11:25:48,330 [INFO] PinOutPanel:1499 - setPackage(No Configuration,No Configuration)
2023-11-11 11:25:48,444 [INFO] CADModel:165 - CPN selected for project level
2023-11-11 11:25:48,444 [INFO] CADModel:114 - Register for checkConnection events
2023-11-11 11:25:48,460 [INFO] IPUIPlugin:80 - create IPUIPlugin
2023-11-11 11:25:48,461 [INFO] PluginManager:220 - loadIPPluginJar : add mdma
2023-11-11 11:25:48,471 [INFO] IPUIPlugin:80 - create IPUIPlugin
2023-11-11 11:25:48,471 [INFO] PluginManager:220 - loadIPPluginJar : add i2s
2023-11-11 11:25:48,473 [INFO] IPUIPlugin:80 - create IPUIPlugin
2023-11-11 11:25:48,474 [INFO] PluginManager:220 - loadIPPluginJar : add aes
2023-11-11 11:25:48,476 [INFO] IPUIPlugin:80 - create IPUIPlugin
2023-11-11 11:25:48,476 [INFO] PluginManager:220 - loadIPPluginJar : add ts
2023-11-11 11:25:48,479 [INFO] IPUIPlugin:80 - create IPUIPlugin
2023-11-11 11:25:48,479 [INFO] PluginManager:220 - loadIPPluginJar : add tim
2023-11-11 11:25:48,489 [INFO] IPUIPlugin:80 - create IPUIPlugin
2023-11-11 11:25:48,490 [INFO] PluginManager:220 - loadIPPluginJar : add gic
2023-11-11 11:25:48,496 [INFO] IPUIPlugin:80 - create IPUIPlugin
2023-11-11 11:25:48,497 [INFO] PluginManager:220 - loadIPPluginJar : add gpio
2023-11-11 11:25:48,499 [INFO] IPUIPlugin:80 - create IPUIPlugin
2023-11-11 11:25:48,499 [INFO] PluginManager:220 - loadIPPluginJar : add ucpd
2023-11-11 11:25:48,501 [INFO] IPUIPlugin:80 - create IPUIPlugin
2023-11-11 11:25:48,501 [INFO] PluginManager:220 - loadIPPluginJar : add gfxmmu
2023-11-11 11:25:48,504 [INFO] IPUIPlugin:80 - create IPUIPlugin
2023-11-11 11:25:48,504 [INFO] PluginManager:220 - loadIPPluginJar : add can
2023-11-11 11:25:48,507 [INFO] IPUIPlugin:80 - create IPUIPlugin
2023-11-11 11:25:48,507 [INFO] PluginManager:220 - loadIPPluginJar : add cryp
2023-11-11 11:25:48,513 [INFO] IPUIPlugin:80 - create IPUIPlugin
2023-11-11 11:25:48,514 [INFO] PluginManager:220 - loadIPPluginJar : add stm32_wpan
2023-11-11 11:25:48,515 [INFO] IPUIPlugin:80 - create IPUIPlugin
2023-11-11 11:25:48,515 [INFO] PluginManager:220 - loadIPPluginJar : add genericplugin
2023-11-11 11:25:48,518 [INFO] IPUIPlugin:80 - create IPUIPlugin
2023-11-11 11:25:48,518 [INFO] PluginManager:220 - loadIPPluginJar : add usart
2023-11-11 11:25:48,523 [INFO] IPUIPlugin:80 - create IPUIPlugin
2023-11-11 11:25:48,523 [INFO] PluginManager:220 - loadIPPluginJar : add nvic
2023-11-11 11:25:48,527 [INFO] IPUIPlugin:80 - create IPUIPlugin
2023-11-11 11:25:48,528 [INFO] PluginManager:220 - loadIPPluginJar : add touchsensing
2023-11-11 11:25:48,530 [INFO] IPUIPlugin:80 - create IPUIPlugin
2023-11-11 11:25:48,531 [INFO] PluginManager:220 - loadIPPluginJar : add spi
2023-11-11 11:25:48,540 [INFO] IPUIPlugin:80 - create IPUIPlugin
2023-11-11 11:25:48,540 [INFO] PluginManager:220 - loadIPPluginJar : add linkedlist
2023-11-11 11:25:48,543 [INFO] IPUIPlugin:80 - create IPUIPlugin
2023-11-11 11:25:48,543 [INFO] PluginManager:220 - loadIPPluginJar : add opamp
2023-11-11 11:25:48,547 [INFO] IPUIPlugin:80 - create IPUIPlugin
2023-11-11 11:25:48,547 [INFO] PluginManager:220 - loadIPPluginJar : add sai
2023-11-11 11:25:48,551 [INFO] IPUIPlugin:80 - create IPUIPlugin
2023-11-11 11:25:48,552 [INFO] PluginManager:220 - loadIPPluginJar : add ipddr
2023-11-11 11:25:48,559 [INFO] IPUIPlugin:80 - create IPUIPlugin
2023-11-11 11:25:48,560 [INFO] PluginManager:220 - loadIPPluginJar : add usbx
2023-11-11 11:25:48,564 [INFO] IPUIPlugin:80 - create IPUIPlugin
2023-11-11 11:25:48,564 [INFO] PluginManager:220 - loadIPPluginJar : add tsc
2023-11-11 11:25:48,567 [INFO] IPUIPlugin:80 - create IPUIPlugin
2023-11-11 11:25:48,567 [INFO] PluginManager:220 - loadIPPluginJar : add lorawan
2023-11-11 11:25:48,574 [INFO] IPUIPlugin:80 - create IPUIPlugin
2023-11-11 11:25:48,578 [INFO] PluginManager:220 - loadIPPluginJar : add plateformsettings
2023-11-11 11:25:48,587 [INFO] IPUIPlugin:80 - create IPUIPlugin
2023-11-11 11:25:48,588 [INFO] PluginManager:220 - loadIPPluginJar : add dma
2023-11-11 11:25:48,595 [INFO] IPUIPlugin:80 - create IPUIPlugin
2023-11-11 11:25:48,595 [INFO] PluginManager:220 - loadIPPluginJar : add adc
2023-11-11 11:25:48,597 [INFO] IPUIPlugin:80 - create IPUIPlugin
2023-11-11 11:25:48,597 [INFO] PluginManager:220 - loadIPPluginJar : add ltdc
2023-11-11 11:25:48,601 [INFO] IPUIPlugin:80 - create IPUIPlugin
2023-11-11 11:25:48,601 [INFO] PluginManager:220 - loadIPPluginJar : add fmc
2023-11-11 11:25:48,604 [INFO] IPUIPlugin:80 - create IPUIPlugin
2023-11-11 11:25:48,605 [INFO] PluginManager:220 - loadIPPluginJar : add i3c
2023-11-11 11:25:48,608 [INFO] IPUIPlugin:80 - create IPUIPlugin
2023-11-11 11:25:48,608 [INFO] PluginManager:220 - loadIPPluginJar : add i2c
2023-11-11 11:25:48,613 [INFO] IPUIPlugin:80 - create IPUIPlugin
2023-11-11 11:25:48,614 [INFO] PluginManager:220 - loadIPPluginJar : add hash
2023-11-11 11:25:48,619 [INFO] IPUIPlugin:80 - create IPUIPlugin
2023-11-11 11:25:48,619 [INFO] PluginManager:220 - loadIPPluginJar : add fatfs
2023-11-11 11:25:48,622 [INFO] IPUIPlugin:80 - create IPUIPlugin
2023-11-11 11:25:48,622 [INFO] PluginManager:220 - loadIPPluginJar : add comp
2023-11-11 11:25:48,625 [INFO] IPUIPlugin:80 - create IPUIPlugin
2023-11-11 11:25:48,625 [INFO] PluginManager:220 - loadIPPluginJar : add dfsdm
2023-11-11 11:25:48,629 [INFO] IPUIPlugin:80 - create IPUIPlugin
2023-11-11 11:25:48,629 [INFO] PluginManager:220 - loadIPPluginJar : add resmgrutility
2023-11-11 11:25:48,631 [INFO] IPUIPlugin:80 - create IPUIPlugin
2023-11-11 11:25:48,631 [INFO] PluginManager:220 - loadIPPluginJar : add quadspi
2023-11-11 11:25:48,634 [INFO] IPUIPlugin:80 - create IPUIPlugin
2023-11-11 11:25:48,634 [INFO] PluginManager:220 - loadIPPluginJar : add openamp
2023-11-11 11:25:48,637 [INFO] IPUIPlugin:80 - create IPUIPlugin
2023-11-11 11:25:48,637 [INFO] PluginManager:220 - loadIPPluginJar : add gtzc
2023-11-11 11:25:48,639 [INFO] IPUIPlugin:80 - create IPUIPlugin
2023-11-11 11:25:48,640 [INFO] PluginManager:220 - loadIPPluginJar : add dma3
2023-11-11 11:25:48,642 [INFO] IPUIPlugin:80 - create IPUIPlugin
2023-11-11 11:25:48,642 [INFO] PluginManager:220 - loadIPPluginJar : add pdm2pcm
2023-11-11 11:25:48,644 [INFO] IPUIPlugin:80 - create IPUIPlugin
2023-11-11 11:25:48,644 [INFO] PluginManager:220 - loadIPPluginJar : add tracer_emb
2023-11-11 11:25:48,650 [INFO] IPUIPlugin:80 - create IPUIPlugin
2023-11-11 11:25:48,650 [INFO] PluginManager:220 - loadIPPluginJar : add freertos
2023-11-11 11:25:48,755 [INFO] CADModel:165 - CPN selected for project level
2023-11-11 11:25:48,755 [INFO] CADModel:114 - Register for checkConnection events
2023-11-11 11:25:48,756 [FATAL] Updater:308 - Updater called before beeing initialized
2023-11-11 11:25:48,757 [ERROR] CADModel:125 - Updater not yet initialized, retry later 
2023-11-11 11:25:48,949 [INFO] CADModel:165 - CPN selected for project level
2023-11-11 11:25:48,949 [INFO] CADModel:114 - Register for checkConnection events
2023-11-11 11:25:48,950 [FATAL] Updater:308 - Updater called before beeing initialized
2023-11-11 11:25:48,950 [ERROR] CADModel:125 - Updater not yet initialized, retry later 
2023-11-11 11:25:48,954 [FATAL] Updater:308 - Updater called before beeing initialized
2023-11-11 11:25:49,032 [FATAL] Updater:308 - Updater called before beeing initialized
2023-11-11 11:25:49,037 [INFO] DbMcusAds:53 - JSON generation date=Tue Mar 07 10:50:55 EET 2023 (1678179055335)
2023-11-11 11:25:49,037 [FATAL] Updater:308 - Updater called before beeing initialized
2023-11-11 11:25:49,079 [WARN] DetailPanel:346 - Failed to get advertising image, set to default
2023-11-11 11:25:49,168 [FATAL] Updater:308 - Updater called before beeing initialized
2023-11-11 11:25:49,170 [FATAL] Updater:308 - Updater called before beeing initialized
2023-11-11 11:25:49,170 [FATAL] Updater:308 - Updater called before beeing initialized
2023-11-11 11:25:49,170 [WARN] DetailPanel:346 - Failed to get advertising image, set to default
2023-11-11 11:25:49,171 [FATAL] Updater:308 - Updater called before beeing initialized
2023-11-11 11:25:49,202 [ERROR] Updater:1120 - MainUpdater not yet initialized. External WinMGr cannot be set.
2023-11-11 11:25:49,204 [INFO] Updater:1056 - Updater Version found : 6.9.2
2023-11-11 11:25:49,231 [INFO] ApplicationProperties:184 - Using Application install path: /opt/st/stm32cubeide_1.13.2/plugins/com.st.stm32cube.common.mx_6.9.2.202309101412
2023-11-11 11:25:49,450 [INFO] MainUpdater:2868 - connection check result : 10
2023-11-11 11:25:49,451 [INFO] MainUpdater:285 - Updater Check For Update Now.
2023-11-11 11:25:49,451 [INFO] MicroXplorer:498 - Change Database Version : DB.6.0.92
2023-11-11 11:25:49,459 [INFO] McuFinderGlobals:63 - Set McuFinder mode to 2 (CubeIDE integrated)
2023-11-11 11:25:49,477 [INFO] UserAuth:179 - activating auth plugin
2023-11-11 11:25:49,481 [INFO] UserAuth:393 - Internet connection configuration mode: 1
2023-11-11 11:25:49,508 [INFO] JxBrowserEngine:151 - Initiate JxBrowser Engine with user profile folder
2023-11-11 11:25:49,683 [INFO] CheckServerUpdateThread:120 - End of CheckServer Thread
2023-11-11 11:25:50,341 [INFO] WebApp:157 - Instantiating new browser for Auth
2023-11-11 11:25:50,942 [INFO] WebApp:753 - Register for checkConnection events
2023-11-11 11:25:50,943 [INFO] WebApp:390 - Apply proxy settings
2023-11-11 11:25:50,943 [INFO] WebApp:475 - Chromium requires no authentication
2023-11-11 11:25:50,949 [INFO] WebApp:418 - Direct internet connection detected
2023-11-11 11:25:51,087 [WARN] PackLoader:240 - Cannot read IP mode file for STMicroelectronics.X-CUBE-SMBUS.2.1.0
2023-11-11 11:25:51,110 [INFO] WebApp:188 - Starting web application
2023-11-11 11:25:51,111 [INFO] WebApp:520 - Web application path used /opt/st/stm32cubeide_1.13.2/plugins/com.st.stm32cube.common.mx_6.9.2.202309101412/db/plugins/mcufinder/reactClient1/index.html
2023-11-11 11:25:51,133 [WARN] PackLoader:240 - Cannot read IP mode file for STMicroelectronics.X-CUBE-AZRTOS-F7.1.1.0
2023-11-11 11:25:51,148 [WARN] PackLoader:240 - Cannot read IP mode file for STMicroelectronics.FP-SNS-MOTENV1.4.3.2
2023-11-11 11:25:51,160 [WARN] PackLoader:240 - Cannot read IP mode file for STMicroelectronics.FP-SNS-FLIGHT1.5.0.2
2023-11-11 11:25:51,172 [WARN] PackLoader:240 - Cannot read IP mode file for STMicroelectronics.X-CUBE-DISPLAY.3.0.0
2023-11-11 11:25:51,190 [WARN] PackLoader:240 - Cannot read IP mode file for STMicroelectronics.X-CUBE-BLE1.7.0.0
2023-11-11 11:25:51,199 [WARN] PackLoader:240 - Cannot read IP mode file for emotas.I-CUBE-CANOPEN.1.3.0
2023-11-11 11:25:51,208 [WARN] PackLoader:240 - Cannot read IP mode file for STMicroelectronics.X-CUBE-TOUCHGFX.4.22.1
2023-11-11 11:25:51,215 [WARN] PackLoader:240 - Cannot read IP mode file for STMicroelectronics.FP-SNS-SMARTAG2.1.2.0
2023-11-11 11:25:51,235 [INFO] LogOutputStream:77 - [STDOUT_REDIRECT] 1 : Invalid condition id : UX_CORESTACK_Condition cause : null
2023-11-11 11:25:51,236 [INFO] LogOutputStream:77 - [STDOUT_REDIRECT] 1 : Invalid condition id : UX_CORESTACK_Condition cause : null
2023-11-11 11:25:51,237 [INFO] LogOutputStream:77 - [STDOUT_REDIRECT] 1 : Invalid condition id : UX_CORESTACK_Condition cause : null
2023-11-11 11:25:51,237 [INFO] LogOutputStream:77 - [STDOUT_REDIRECT] 1 : Invalid condition id : UX_CORESTACK_Condition cause : null
2023-11-11 11:25:51,238 [INFO] LogOutputStream:77 - [STDOUT_REDIRECT] 1 : Invalid condition id : UX_CORESTACK_Condition cause : null
2023-11-11 11:25:51,246 [WARN] PackLoader:240 - Cannot read IP mode file for STMicroelectronics.X-CUBE-AZRTOS-WL.2.0.0
2023-11-11 11:25:51,262 [WARN] PackLoader:240 - Cannot read IP mode file for WES.I-CUBE-Cesium.1.3.0
2023-11-11 11:25:51,268 [WARN] PackLoader:240 - Cannot read IP mode file for STMicroelectronics.X-CUBE-BLE2.3.3.0
2023-11-11 11:25:51,278 [WARN] PackLoader:240 - Cannot read IP mode file for STMicroelectronics.X-CUBE-ALGOBUILD.1.3.0
2023-11-11 11:25:51,330 [WARN] PackLoader:240 - Cannot read IP mode file for STMicroelectronics.X-CUBE-AZRTOS-G0.1.1.0
2023-11-11 11:25:51,342 [WARN] PackLoader:240 - Cannot read IP mode file for STMicroelectronics.X-CUBE-NFC4.3.0.0
2023-11-11 11:25:51,367 [WARN] PackLoader:240 - Cannot read IP mode file for STMicroelectronics.X-CUBE-BLEMGR.3.0.0
2023-11-11 11:25:51,381 [WARN] PackLoader:240 - Cannot read IP mode file for STMicroelectronics.FP-ATR-SIGFOX1.3.2.0
2023-11-11 11:25:51,436 [WARN] PackLoader:240 - Cannot read IP mode file for SEGGER.I-CUBE-embOS.1.3.1
2023-11-11 11:25:51,551 [WARN] PackLoader:240 - Cannot read IP mode file for STMicroelectronics.X-CUBE-GNSS1.6.0.0
2023-11-11 11:25:51,578 [WARN] PackLoader:240 - Cannot read IP mode file for STMicroelectronics.X-CUBE-AZRTOS-F4.1.1.0
2023-11-11 11:25:51,590 [WARN] PackLoader:240 - Cannot read IP mode file for wolfSSL.I-CUBE-wolfSSL.5.6.3
2023-11-11 11:25:51,616 [WARN] PackLoader:240 - Cannot read IP mode file for STMicroelectronics.X-CUBE-AZRTOS-L5.2.0.0
2023-11-11 11:25:51,672 [WARN] PackLoader:240 - Cannot read IP mode file for STMicroelectronics.X-CUBE-MEMS1.9.6.0
2023-11-11 11:25:51,933 [WARN] PackLoader:240 - Cannot read IP mode file for STMicroelectronics.X-CUBE-EEPRMA1.4.2.0
2023-11-11 11:25:51,938 [WARN] PackLoader:240 - Cannot read IP mode file for ITTIA_DB.I-CUBE-ITTIADB.8.8.0
2023-11-11 11:25:51,945 [WARN] PackLoader:240 - Cannot read IP mode file for STMicroelectronics.X-CUBE-BLEMGR.2.0.0
2023-11-11 11:25:51,972 [WARN] ConditionMgr:438 - getConditionDescription Invalid condition id : UX DEVICE CLASS RTOS Condition cause : null
2023-11-11 11:25:51,972 [WARN] ConditionMgr:438 - getConditionDescription Invalid condition id : UX DEVICE CLASS RTOS Condition cause : null
2023-11-11 11:25:51,977 [WARN] PackLoader:240 - Cannot read IP mode file for STMicroelectronics.X-CUBE-AZRTOS-H7.3.1.0
2023-11-11 11:25:51,979 [WARN] ConditionMgr:1039 - genDependencies : Invalid condition id : UX DEVICE CLASS RTOS Condition cause : null
2023-11-11 11:25:51,979 [WARN] ConditionMgr:1039 - genDependencies : Invalid condition id : UX DEVICE CLASS RTOS Condition cause : null
2023-11-11 11:25:51,980 [WARN] ConditionMgr:1039 - genDependencies : Invalid condition id : UX DEVICE CLASS RTOS Condition cause : null
2023-11-11 11:25:51,980 [WARN] ConditionMgr:1039 - genDependencies : Invalid condition id : UX DEVICE CLASS RTOS Condition cause : null
2023-11-11 11:25:51,981 [WARN] ConditionMgr:1039 - genDependencies : Invalid condition id : UX DEVICE CLASS RTOS Condition cause : null
2023-11-11 11:25:51,989 [WARN] PackLoader:240 - Cannot read IP mode file for STMicroelectronics.X-CUBE-NFC7.1.0.1
2023-11-11 11:25:51,998 [WARN] PackLoader:240 - Cannot read IP mode file for STMicroelectronics.X-CUBE-NFC6.3.0.0
2023-11-11 11:25:52,004 [WARN] PackLoader:240 - Cannot read IP mode file for STMicroelectronics.X-CUBE-EEPRMA1.4.1.0
2023-11-11 11:25:52,007 [WARN] PackLoader:240 - Cannot read IP mode file for STMicroelectronics.X-CUBE-AI.8.1.0
2023-11-11 11:25:52,023 [WARN] ConditionMgr:438 - getConditionDescription Invalid condition id : LAN8742 Phy interface Condition cause : null
2023-11-11 11:25:52,024 [WARN] PackLoader:240 - Cannot read IP mode file for STMicroelectronics.X-CUBE-AZRTOS-L4.2.0.0
2023-11-11 11:25:52,025 [WARN] ConditionMgr:1039 - genDependencies : Invalid condition id : LAN8742 Phy interface Condition cause : null
2023-11-11 11:25:52,026 [WARN] ConditionMgr:1039 - genDependencies : Invalid condition id : LAN8742 Phy interface Condition cause : null
2023-11-11 11:25:52,027 [WARN] ConditionMgr:1039 - genDependencies : Invalid condition id : LAN8742 Phy interface Condition cause : null
2023-11-11 11:25:52,034 [WARN] PackLoader:240 - Cannot read IP mode file for STMicroelectronics.X-CUBE-SFXS2LP1.4.0.0
2023-11-11 11:25:52,043 [WARN] PackLoader:240 - Cannot read IP mode file for STMicroelectronics.X-CUBE-ISPU.1.1.0
2023-11-11 11:25:52,059 [WARN] ConditionMgr:438 - getConditionDescription Invalid condition id : UX DEVICE CLASS RTOS Condition cause : null
2023-11-11 11:25:52,059 [WARN] ConditionMgr:438 - getConditionDescription Invalid condition id : UX DEVICE CLASS RTOS Condition cause : null
2023-11-11 11:25:52,070 [WARN] PackLoader:240 - Cannot read IP mode file for STMicroelectronics.X-CUBE-AZRTOS-WB.2.0.0
2023-11-11 11:25:52,071 [WARN] ConditionMgr:1039 - genDependencies : Invalid condition id : UX DEVICE CLASS RTOS Condition cause : null
2023-11-11 11:25:52,071 [WARN] ConditionMgr:1039 - genDependencies : Invalid condition id : UX DEVICE CLASS RTOS Condition cause : null
2023-11-11 11:25:52,072 [WARN] ConditionMgr:1039 - genDependencies : Invalid condition id : UX DEVICE CLASS RTOS Condition cause : null
2023-11-11 11:25:52,072 [WARN] ConditionMgr:1039 - genDependencies : Invalid condition id : UX DEVICE CLASS RTOS Condition cause : null
2023-11-11 11:25:52,072 [WARN] ConditionMgr:1039 - genDependencies : Invalid condition id : UX DEVICE CLASS RTOS Condition cause : null
2023-11-11 11:25:52,085 [WARN] PackLoader:240 - Cannot read IP mode file for STMicroelectronics.X-CUBE-SUBG2.5.0.0
2023-11-11 11:25:52,104 [WARN] PackLoader:240 - Cannot read IP mode file for STMicroelectronics.X-CUBE-TOF1.3.3.1
2023-11-11 11:25:52,134 [WARN] PackLoader:240 - Cannot read IP mode file for STMicroelectronics.X-CUBE-AZRTOS-G4.2.0.0
2023-11-11 11:25:52,158 [WARN] PackLoader:240 - Cannot read IP mode file for Infineon.AIROC-Wi-Fi-Bluetooth-STM32.1.5.1
2023-11-11 11:25:52,164 [WARN] PackLoader:240 - Cannot read IP mode file for STMicroelectronics.FP-SNS-MOTENVWB1.1.3.0
2023-11-11 11:25:52,237 [WARN] PackLoader:240 - Cannot read IP mode file for STMicroelectronics.X-CUBE-MEMS1.10.0.0
2023-11-11 11:25:52,453 [WARN] PackLoader:240 - Cannot read IP mode file for STMicroelectronics.X-CUBE-FREERTOS.1.1.0
2023-11-11 11:25:52,456 [WARN] PackLoader:240 - Cannot read IP mode file for portGmbH.I-Cube-SoM-uGOAL.1.1.0
2023-11-11 11:25:52,460 [WARN] PackLoader:240 - Cannot read IP mode file for STMicroelectronics.X-CUBE-ALS.1.0.1
2023-11-11 11:25:52,464 [WARN] PackLoader:240 - Cannot read IP mode file for STMicroelectronics.FP-ATR-ASTRA1.2.0.0
2023-11-11 11:25:52,465 [INFO] ThirdParty:978 - Integrity check success = true
2023-11-11 11:25:52,466 [INFO] IntegrityCheckThread:100 - exiting critical section [integrity check]
2023-11-11 11:25:52,466 [INFO] IntegrityCheckThread:103 - End integrity checks thread
2023-11-11 11:26:11,815 [ERROR] LogOutputStream:75 - [STDERR_REDIRECT] SLF4J: Failed to load class "org.slf4j.impl.StaticLoggerBinder".
2023-11-11 11:26:11,816 [ERROR] LogOutputStream:75 - [STDERR_REDIRECT] SLF4J: Defaulting to no-operation (NOP) logger implementation
2023-11-11 11:26:11,816 [ERROR] LogOutputStream:75 - [STDERR_REDIRECT] SLF4J: See http://www.slf4j.org/codes.html#StaticLoggerBinder for further details.
2023-11-11 14:44:38,887 [ERROR] LogOutputStream:75 - [STDERR_REDIRECT] 
2023-11-11 14:44:44,032 [INFO] Activator:176 - 


2023-11-11 14:44:44,034 [INFO] Activator:177 - !SESSION log4j initialized
2023-11-11 14:44:48,154 [INFO] LogOutputStream:77 - [STDOUT_REDIRECT] 
2023-11-11 14:44:49,178 [INFO] ApplicationProperties:184 - Using Application install path: /opt/st/stm32cubeide_1.13.2/plugins/com.st.stm32cube.common.mx_6.9.2.202309101412
2023-11-11 14:44:49,206 [INFO] DbMcusXml:78 - Set database path to: /opt/st/stm32cubeide_1.13.2/plugins/com.st.stm32cube.common.mx_6.9.2.202309101412//db//mcu/
2023-11-11 14:44:49,207 [INFO] ApiDb:274 - Set plugin database path to: /opt/st/stm32cubeide_1.13.2/plugins/com.st.stm32cube.common.mx_6.9.2.202309101412//db//plugins/boardmanager/
2023-11-11 14:44:49,208 [WARN] ApiDb:259 - Overriding images path with different value:  => /opt/st/stm32cubeide_1.13.2/plugins/com.st.stm32cube.common.mx_6.9.2.202309101412//db//plugins/mcufinder/images/
2023-11-11 14:44:49,221 [INFO] ApiDb:250 - Set database path to: /home/mustafa/.stmcufinder/plugins/mcufinder//mcu/
2023-11-11 14:44:49,223 [INFO] DbMcusAds:125 - Set database path to: /home/mustafa/.stmcufinder/plugins/mcufinder//mcu/
2023-11-11 14:44:49,227 [INFO] CrossReferenceDbSqlite:203 - Set database path to: /home/mustafa/.stmcufinder/plugins/mcufinder//mcu/cs/
2023-11-11 14:44:49,382 [INFO] RulesReader:64 - Compatibility file has been processed (293 Rules)
2023-11-11 14:44:49,440 [INFO] DbMcusXml:78 - Set database path to: /opt/st/stm32cubeide_1.13.2/plugins/com.st.stm32cube.common.mx_6.9.2.202309101412//db//mcu/
2023-11-11 14:44:49,440 [INFO] ApiDb:274 - Set plugin database path to: /opt/st/stm32cubeide_1.13.2/plugins/com.st.stm32cube.common.mx_6.9.2.202309101412//db//plugins/boardmanager/
2023-11-11 14:44:49,440 [INFO] ApiDb:261 - Set plugin images path to: /opt/st/stm32cubeide_1.13.2/plugins/com.st.stm32cube.common.mx_6.9.2.202309101412//db//plugins/mcufinder/images/
2023-11-11 14:44:49,440 [WARN] DbFile:41 - Overriding database path with different value: /home/mustafa/.stmcufinder/plugins/mcufinder/ => /home/mustafa/.stmcufinder/plugins/mcufinder
2023-11-11 14:44:49,441 [INFO] ApiDb:250 - Set database path to: /home/mustafa/.stmcufinder/plugins/mcufinder//mcu/
2023-11-11 14:44:49,441 [WARN] DbFile:41 - Overriding database path with different value: /home/mustafa/.stmcufinder/plugins/mcufinder/ => /home/mustafa/.stmcufinder/plugins/mcufinder
2023-11-11 14:44:49,441 [INFO] DbMcusAds:125 - Set database path to: /home/mustafa/.stmcufinder/plugins/mcufinder//mcu/
2023-11-11 14:44:49,441 [WARN] DbFile:41 - Overriding database path with different value: /home/mustafa/.stmcufinder/plugins/mcufinder/ => /home/mustafa/.stmcufinder/plugins/mcufinder
2023-11-11 14:44:49,441 [WARN] DbFile:41 - Overriding database path with different value: /home/mustafa/.stmcufinder/plugins/mcufinder/ => /home/mustafa/.stmcufinder/plugins/mcufinder
2023-11-11 14:44:49,441 [INFO] CrossReferenceDbSqlite:203 - Set database path to: /home/mustafa/.stmcufinder/plugins/mcufinder//mcu/cs/
2023-11-11 14:44:49,504 [INFO] MainPanel:262 - HeapMemory: 268435456
2023-11-11 14:44:49,588 [INFO] DbMcusXml:78 - Set database path to: /opt/st/stm32cubeide_1.13.2/plugins/com.st.stm32cube.common.mx_6.9.2.202309101412//db//mcu/
2023-11-11 14:44:49,588 [INFO] ApiDb:274 - Set plugin database path to: /opt/st/stm32cubeide_1.13.2/plugins/com.st.stm32cube.common.mx_6.9.2.202309101412//db//plugins/boardmanager/
2023-11-11 14:44:49,588 [INFO] ApiDb:261 - Set plugin images path to: /opt/st/stm32cubeide_1.13.2/plugins/com.st.stm32cube.common.mx_6.9.2.202309101412//db//plugins/mcufinder/images/
2023-11-11 14:44:49,589 [WARN] DbFile:41 - Overriding database path with different value: /home/mustafa/.stmcufinder/plugins/mcufinder/ => /home/mustafa/.stmcufinder/plugins/mcufinder
2023-11-11 14:44:49,589 [INFO] ApiDb:250 - Set database path to: /home/mustafa/.stmcufinder/plugins/mcufinder//mcu/
2023-11-11 14:44:49,589 [WARN] DbFile:41 - Overriding database path with different value: /home/mustafa/.stmcufinder/plugins/mcufinder/ => /home/mustafa/.stmcufinder/plugins/mcufinder
2023-11-11 14:44:49,589 [INFO] DbMcusAds:125 - Set database path to: /home/mustafa/.stmcufinder/plugins/mcufinder//mcu/
2023-11-11 14:44:49,589 [WARN] DbFile:41 - Overriding database path with different value: /home/mustafa/.stmcufinder/plugins/mcufinder/ => /home/mustafa/.stmcufinder/plugins/mcufinder
2023-11-11 14:44:49,589 [WARN] DbFile:41 - Overriding database path with different value: /home/mustafa/.stmcufinder/plugins/mcufinder/ => /home/mustafa/.stmcufinder/plugins/mcufinder
2023-11-11 14:44:49,589 [INFO] CrossReferenceDbSqlite:203 - Set database path to: /home/mustafa/.stmcufinder/plugins/mcufinder//mcu/cs/
2023-11-11 14:44:49,606 [INFO] ApplicationProperties:184 - Using Application install path: /opt/st/stm32cubeide_1.13.2/plugins/com.st.stm32cube.common.mx_6.9.2.202309101412
2023-11-11 14:44:49,607 [INFO] PluginManage:196 - Search for loadable plugins [exclusion list=, ]
2023-11-11 14:44:49,608 [INFO] PluginManage:310 - Check plugin analytics
2023-11-11 14:44:49,776 [INFO] AnalyticsPlugin:253 - Accepted Software Licenses: 
2023-11-11 14:44:49,776 [INFO] AnalyticsPlugin:255 - Accepted CMSIS Pack Licenses: 
2023-11-11 14:44:49,776 [INFO] AnalyticsPlugin:257 - Accepted Firmware Licenses: 
2023-11-11 14:44:49,779 [INFO] PluginManage:359 - Loaded plugin analytics (category:tool,tabindex:-1)
2023-11-11 14:44:49,779 [INFO] PluginManage:310 - Check plugin cadmodel
2023-11-11 14:44:49,815 [INFO] CADModel:105 - Init CAD model plugin
2023-11-11 14:44:49,815 [INFO] PluginManage:359 - Loaded plugin cadmodel (category:power,tabindex:5)
2023-11-11 14:44:49,815 [INFO] PluginManage:310 - Check plugin clock
2023-11-11 14:44:49,824 [INFO] PluginManage:359 - Loaded plugin clock (category:base,tabindex:2)
2023-11-11 14:44:49,824 [INFO] PluginManage:310 - Check plugin ddr
2023-11-11 14:44:49,826 [INFO] PluginManage:359 - Loaded plugin ddr (category:tool,tabindex:6)
2023-11-11 14:44:49,826 [INFO] PluginManage:310 - Check plugin filemanager
2023-11-11 14:44:49,927 [INFO] PluginManage:359 - Loaded plugin filemanager (category:base,tabindex:10)
2023-11-11 14:44:49,927 [INFO] PluginManage:310 - Check plugin ipmanager
2023-11-11 14:44:49,932 [INFO] PluginManage:359 - Loaded plugin ipmanager (category:base,tabindex:5)
2023-11-11 14:44:49,932 [INFO] PluginManage:310 - Check plugin lpbam
2023-11-11 14:44:49,940 [INFO] PluginManage:359 - Loaded plugin lpbam (category:base,tabindex:0)
2023-11-11 14:44:49,940 [INFO] PluginManage:310 - Check plugin memorymap
2023-11-11 14:44:49,950 [INFO] PluginManage:359 - Loaded plugin memorymap (category:base,tabindex:4)
2023-11-11 14:44:49,950 [INFO] PluginManage:310 - Check plugin pinoutandconfiguration
2023-11-11 14:44:49,956 [INFO] PluginManage:359 - Loaded plugin pinoutandconfiguration (category:base,tabindex:1)
2023-11-11 14:44:49,957 [INFO] PluginManage:310 - Check plugin pinoutconfig
2023-11-11 14:44:50,021 [WARN] SupportedApi:132 - Cannot load RTOS API schema: s4s-elt-must-match.1: The content of 'definitions' must match (annotation?, (simpleType | complexType)?, (unique | key | keyref)*)). A problem was found starting at: attribute.
2023-11-11 14:44:50,119 [INFO] PluginManage:359 - Loaded plugin pinoutconfig (category:base,tabindex:0)
2023-11-11 14:44:50,119 [INFO] PluginManage:310 - Check plugin power
2023-11-11 14:44:50,126 [INFO] PluginManage:359 - Loaded plugin power (category:power,tabindex:4)
2023-11-11 14:44:50,126 [INFO] PluginManage:310 - Check plugin projectmanager
2023-11-11 14:44:50,137 [INFO] PluginManage:359 - Loaded plugin projectmanager (category:projectmanager,tabindex:3)
2023-11-11 14:44:50,137 [INFO] PluginManage:310 - Check plugin thirdparty
2023-11-11 14:44:50,232 [INFO] PluginManage:359 - Loaded plugin thirdparty (category:base,tabindex:-1)
2023-11-11 14:44:50,232 [WARN] IntegrityCheckThread:84 - waiting for thirdparty lock release [integrity check]
2023-11-11 14:44:50,233 [INFO] PluginManage:310 - Check plugin tools
2023-11-11 14:44:50,233 [INFO] IntegrityCheckThread:86 - entering critical section [integrity check]
2023-11-11 14:44:50,233 [INFO] ThirdPartyUpdaterWithRetryManager:70 - Updater plugin not ready yet. [1/15]
2023-11-11 14:44:50,234 [INFO] PluginManage:359 - Loaded plugin tools (category:base,tabindex:7)
2023-11-11 14:44:50,235 [INFO] PluginManage:310 - Check plugin tutovideos
2023-11-11 14:44:50,365 [INFO] PluginManage:359 - Loaded plugin tutovideos (category:base,tabindex:-1)
2023-11-11 14:44:50,365 [INFO] PluginManage:310 - Check plugin updater
2023-11-11 14:44:50,373 [INFO] PluginManage:359 - Loaded plugin updater (category:base,tabindex:12)
2023-11-11 14:44:50,373 [INFO] PluginManage:310 - Check plugin userauth
2023-11-11 14:44:50,377 [INFO] UserAuth:113 - Init User Auth plugin
2023-11-11 14:44:50,377 [INFO] PluginManage:359 - Loaded plugin userauth (category:base,tabindex:14)
2023-11-11 14:44:50,378 [INFO] PluginManage:283 - PluginManage : Loaded plugins [17]
2023-11-11 14:44:50,540 [INFO] PinOutPanel:1499 - setPackage(No Configuration,No Configuration)
2023-11-11 14:44:50,616 [INFO] CADModel:165 - CPN selected for project level
2023-11-11 14:44:50,616 [INFO] CADModel:114 - Register for checkConnection events
2023-11-11 14:44:50,627 [INFO] IPUIPlugin:80 - create IPUIPlugin
2023-11-11 14:44:50,628 [INFO] PluginManager:220 - loadIPPluginJar : add mdma
2023-11-11 14:44:50,633 [INFO] IPUIPlugin:80 - create IPUIPlugin
2023-11-11 14:44:50,633 [INFO] PluginManager:220 - loadIPPluginJar : add i2s
2023-11-11 14:44:50,635 [INFO] IPUIPlugin:80 - create IPUIPlugin
2023-11-11 14:44:50,635 [INFO] PluginManager:220 - loadIPPluginJar : add aes
2023-11-11 14:44:50,637 [INFO] IPUIPlugin:80 - create IPUIPlugin
2023-11-11 14:44:50,637 [INFO] PluginManager:220 - loadIPPluginJar : add ts
2023-11-11 14:44:50,639 [INFO] IPUIPlugin:80 - create IPUIPlugin
2023-11-11 14:44:50,639 [INFO] PluginManager:220 - loadIPPluginJar : add tim
2023-11-11 14:44:50,643 [INFO] IPUIPlugin:80 - create IPUIPlugin
2023-11-11 14:44:50,643 [INFO] PluginManager:220 - loadIPPluginJar : add gic
2023-11-11 14:44:50,647 [INFO] IPUIPlugin:80 - create IPUIPlugin
2023-11-11 14:44:50,647 [INFO] PluginManager:220 - loadIPPluginJar : add gpio
2023-11-11 14:44:50,648 [INFO] IPUIPlugin:80 - create IPUIPlugin
2023-11-11 14:44:50,648 [INFO] PluginManager:220 - loadIPPluginJar : add ucpd
2023-11-11 14:44:50,649 [INFO] IPUIPlugin:80 - create IPUIPlugin
2023-11-11 14:44:50,650 [INFO] PluginManager:220 - loadIPPluginJar : add gfxmmu
2023-11-11 14:44:50,651 [INFO] IPUIPlugin:80 - create IPUIPlugin
2023-11-11 14:44:50,651 [INFO] PluginManager:220 - loadIPPluginJar : add can
2023-11-11 14:44:50,653 [INFO] IPUIPlugin:80 - create IPUIPlugin
2023-11-11 14:44:50,653 [INFO] PluginManager:220 - loadIPPluginJar : add cryp
2023-11-11 14:44:50,657 [INFO] IPUIPlugin:80 - create IPUIPlugin
2023-11-11 14:44:50,658 [INFO] PluginManager:220 - loadIPPluginJar : add stm32_wpan
2023-11-11 14:44:50,658 [INFO] IPUIPlugin:80 - create IPUIPlugin
2023-11-11 14:44:50,659 [INFO] PluginManager:220 - loadIPPluginJar : add genericplugin
2023-11-11 14:44:50,660 [INFO] IPUIPlugin:80 - create IPUIPlugin
2023-11-11 14:44:50,660 [INFO] PluginManager:220 - loadIPPluginJar : add usart
2023-11-11 14:44:50,663 [INFO] IPUIPlugin:80 - create IPUIPlugin
2023-11-11 14:44:50,663 [INFO] PluginManager:220 - loadIPPluginJar : add nvic
2023-11-11 14:44:50,666 [INFO] IPUIPlugin:80 - create IPUIPlugin
2023-11-11 14:44:50,666 [INFO] PluginManager:220 - loadIPPluginJar : add touchsensing
2023-11-11 14:44:50,667 [INFO] IPUIPlugin:80 - create IPUIPlugin
2023-11-11 14:44:50,667 [INFO] PluginManager:220 - loadIPPluginJar : add spi
2023-11-11 14:44:50,673 [INFO] IPUIPlugin:80 - create IPUIPlugin
2023-11-11 14:44:50,673 [INFO] PluginManager:220 - loadIPPluginJar : add linkedlist
2023-11-11 14:44:50,674 [INFO] IPUIPlugin:80 - create IPUIPlugin
2023-11-11 14:44:50,675 [INFO] PluginManager:220 - loadIPPluginJar : add opamp
2023-11-11 14:44:50,677 [INFO] IPUIPlugin:80 - create IPUIPlugin
2023-11-11 14:44:50,677 [INFO] PluginManager:220 - loadIPPluginJar : add sai
2023-11-11 14:44:50,679 [INFO] IPUIPlugin:80 - create IPUIPlugin
2023-11-11 14:44:50,680 [INFO] PluginManager:220 - loadIPPluginJar : add ipddr
2023-11-11 14:44:50,682 [INFO] IPUIPlugin:80 - create IPUIPlugin
2023-11-11 14:44:50,682 [INFO] PluginManager:220 - loadIPPluginJar : add usbx
2023-11-11 14:44:50,683 [INFO] IPUIPlugin:80 - create IPUIPlugin
2023-11-11 14:44:50,683 [INFO] PluginManager:220 - loadIPPluginJar : add tsc
2023-11-11 14:44:50,685 [INFO] IPUIPlugin:80 - create IPUIPlugin
2023-11-11 14:44:50,685 [INFO] PluginManager:220 - loadIPPluginJar : add lorawan
2023-11-11 14:44:50,690 [INFO] IPUIPlugin:80 - create IPUIPlugin
2023-11-11 14:44:50,692 [INFO] PluginManager:220 - loadIPPluginJar : add plateformsettings
2023-11-11 14:44:50,698 [INFO] IPUIPlugin:80 - create IPUIPlugin
2023-11-11 14:44:50,698 [INFO] PluginManager:220 - loadIPPluginJar : add dma
2023-11-11 14:44:50,702 [INFO] IPUIPlugin:80 - create IPUIPlugin
2023-11-11 14:44:50,702 [INFO] PluginManager:220 - loadIPPluginJar : add adc
2023-11-11 14:44:50,703 [INFO] IPUIPlugin:80 - create IPUIPlugin
2023-11-11 14:44:50,703 [INFO] PluginManager:220 - loadIPPluginJar : add ltdc
2023-11-11 14:44:50,707 [INFO] IPUIPlugin:80 - create IPUIPlugin
2023-11-11 14:44:50,707 [INFO] PluginManager:220 - loadIPPluginJar : add fmc
2023-11-11 14:44:50,709 [INFO] IPUIPlugin:80 - create IPUIPlugin
2023-11-11 14:44:50,709 [INFO] PluginManager:220 - loadIPPluginJar : add i3c
2023-11-11 14:44:50,711 [INFO] IPUIPlugin:80 - create IPUIPlugin
2023-11-11 14:44:50,711 [INFO] PluginManager:220 - loadIPPluginJar : add i2c
2023-11-11 14:44:50,713 [INFO] IPUIPlugin:80 - create IPUIPlugin
2023-11-11 14:44:50,713 [INFO] PluginManager:220 - loadIPPluginJar : add hash
2023-11-11 14:44:50,714 [INFO] IPUIPlugin:80 - create IPUIPlugin
2023-11-11 14:44:50,714 [INFO] PluginManager:220 - loadIPPluginJar : add fatfs
2023-11-11 14:44:50,715 [INFO] IPUIPlugin:80 - create IPUIPlugin
2023-11-11 14:44:50,715 [INFO] PluginManager:220 - loadIPPluginJar : add comp
2023-11-11 14:44:50,716 [INFO] IPUIPlugin:80 - create IPUIPlugin
2023-11-11 14:44:50,716 [INFO] PluginManager:220 - loadIPPluginJar : add dfsdm
2023-11-11 14:44:50,719 [INFO] IPUIPlugin:80 - create IPUIPlugin
2023-11-11 14:44:50,719 [INFO] PluginManager:220 - loadIPPluginJar : add resmgrutility
2023-11-11 14:44:50,720 [INFO] IPUIPlugin:80 - create IPUIPlugin
2023-11-11 14:44:50,720 [INFO] PluginManager:220 - loadIPPluginJar : add quadspi
2023-11-11 14:44:50,722 [INFO] IPUIPlugin:80 - create IPUIPlugin
2023-11-11 14:44:50,722 [INFO] PluginManager:220 - loadIPPluginJar : add openamp
2023-11-11 14:44:50,724 [INFO] IPUIPlugin:80 - create IPUIPlugin
2023-11-11 14:44:50,724 [INFO] PluginManager:220 - loadIPPluginJar : add gtzc
2023-11-11 14:44:50,726 [INFO] IPUIPlugin:80 - create IPUIPlugin
2023-11-11 14:44:50,726 [INFO] PluginManager:220 - loadIPPluginJar : add dma3
2023-11-11 14:44:50,728 [INFO] IPUIPlugin:80 - create IPUIPlugin
2023-11-11 14:44:50,728 [INFO] PluginManager:220 - loadIPPluginJar : add pdm2pcm
2023-11-11 14:44:50,729 [INFO] IPUIPlugin:80 - create IPUIPlugin
2023-11-11 14:44:50,729 [INFO] PluginManager:220 - loadIPPluginJar : add tracer_emb
2023-11-11 14:44:50,733 [INFO] IPUIPlugin:80 - create IPUIPlugin
2023-11-11 14:44:50,733 [INFO] PluginManager:220 - loadIPPluginJar : add freertos
2023-11-11 14:44:50,834 [INFO] CADModel:165 - CPN selected for project level
2023-11-11 14:44:50,835 [INFO] CADModel:114 - Register for checkConnection events
2023-11-11 14:44:50,835 [FATAL] Updater:308 - Updater called before beeing initialized
2023-11-11 14:44:50,836 [ERROR] CADModel:125 - Updater not yet initialized, retry later 
2023-11-11 14:44:51,049 [INFO] CADModel:165 - CPN selected for project level
2023-11-11 14:44:51,049 [INFO] CADModel:114 - Register for checkConnection events
2023-11-11 14:44:51,049 [FATAL] Updater:308 - Updater called before beeing initialized
2023-11-11 14:44:51,049 [ERROR] CADModel:125 - Updater not yet initialized, retry later 
2023-11-11 14:44:51,054 [FATAL] Updater:308 - Updater called before beeing initialized
2023-11-11 14:44:51,140 [FATAL] Updater:308 - Updater called before beeing initialized
2023-11-11 14:44:51,148 [INFO] DbMcusAds:53 - JSON generation date=Tue Mar 07 10:50:55 EET 2023 (1678179055335)
2023-11-11 14:44:51,148 [FATAL] Updater:308 - Updater called before beeing initialized
2023-11-11 14:44:51,187 [WARN] DetailPanel:346 - Failed to get advertising image, set to default
2023-11-11 14:44:51,277 [FATAL] Updater:308 - Updater called before beeing initialized
2023-11-11 14:44:51,279 [FATAL] Updater:308 - Updater called before beeing initialized
2023-11-11 14:44:51,279 [FATAL] Updater:308 - Updater called before beeing initialized
2023-11-11 14:44:51,279 [WARN] DetailPanel:346 - Failed to get advertising image, set to default
2023-11-11 14:44:51,279 [FATAL] Updater:308 - Updater called before beeing initialized
2023-11-11 14:44:51,310 [ERROR] Updater:1120 - MainUpdater not yet initialized. External WinMGr cannot be set.
2023-11-11 14:44:51,312 [INFO] Updater:1056 - Updater Version found : 6.9.2
2023-11-11 14:44:51,333 [INFO] ApplicationProperties:184 - Using Application install path: /opt/st/stm32cubeide_1.13.2/plugins/com.st.stm32cube.common.mx_6.9.2.202309101412
2023-11-11 14:44:51,619 [INFO] MainUpdater:2868 - connection check result : 10
2023-11-11 14:44:51,620 [INFO] MainUpdater:285 - Updater Check For Update Now.
2023-11-11 14:44:51,620 [INFO] MicroXplorer:498 - Change Database Version : DB.6.0.92
2023-11-11 14:44:51,627 [INFO] McuFinderGlobals:63 - Set McuFinder mode to 2 (CubeIDE integrated)
2023-11-11 14:44:51,628 [INFO] UserAuth:179 - activating auth plugin
2023-11-11 14:44:51,633 [INFO] UserAuth:393 - Internet connection configuration mode: 1
2023-11-11 14:44:51,649 [INFO] JxBrowserEngine:151 - Initiate JxBrowser Engine with user profile folder
2023-11-11 14:44:51,801 [INFO] CheckServerUpdateThread:120 - End of CheckServer Thread
2023-11-11 14:44:52,320 [INFO] WebApp:157 - Instantiating new browser for Auth
2023-11-11 14:44:52,805 [INFO] WebApp:753 - Register for checkConnection events
2023-11-11 14:44:52,806 [INFO] WebApp:390 - Apply proxy settings
2023-11-11 14:44:52,806 [INFO] WebApp:475 - Chromium requires no authentication
2023-11-11 14:44:52,811 [INFO] WebApp:418 - Direct internet connection detected
2023-11-11 14:44:52,923 [INFO] WebApp:188 - Starting web application
2023-11-11 14:44:52,923 [INFO] WebApp:520 - Web application path used /opt/st/stm32cubeide_1.13.2/plugins/com.st.stm32cube.common.mx_6.9.2.202309101412/db/plugins/mcufinder/reactClient1/index.html
2023-11-11 14:44:53,412 [WARN] PackLoader:240 - Cannot read IP mode file for STMicroelectronics.X-CUBE-SMBUS.2.1.0
2023-11-11 14:44:53,476 [WARN] PackLoader:240 - Cannot read IP mode file for STMicroelectronics.X-CUBE-AZRTOS-F7.1.1.0
2023-11-11 14:44:53,489 [WARN] PackLoader:240 - Cannot read IP mode file for STMicroelectronics.FP-SNS-MOTENV1.4.3.2
2023-11-11 14:44:53,497 [WARN] PackLoader:240 - Cannot read IP mode file for STMicroelectronics.FP-SNS-FLIGHT1.5.0.2
2023-11-11 14:44:53,508 [WARN] PackLoader:240 - Cannot read IP mode file for STMicroelectronics.X-CUBE-DISPLAY.3.0.0
2023-11-11 14:44:53,520 [WARN] PackLoader:240 - Cannot read IP mode file for STMicroelectronics.X-CUBE-BLE1.7.0.0
2023-11-11 14:44:53,526 [WARN] PackLoader:240 - Cannot read IP mode file for emotas.I-CUBE-CANOPEN.1.3.0
2023-11-11 14:44:53,530 [WARN] PackLoader:240 - Cannot read IP mode file for STMicroelectronics.X-CUBE-TOUCHGFX.4.22.1
2023-11-11 14:44:53,534 [WARN] PackLoader:240 - Cannot read IP mode file for STMicroelectronics.FP-SNS-SMARTAG2.1.2.0
2023-11-11 14:44:53,546 [INFO] LogOutputStream:77 - [STDOUT_REDIRECT] 1 : Invalid condition id : UX_CORESTACK_Condition cause : null
2023-11-11 14:44:53,547 [INFO] LogOutputStream:77 - [STDOUT_REDIRECT] 1 : Invalid condition id : UX_CORESTACK_Condition cause : null
2023-11-11 14:44:53,547 [INFO] LogOutputStream:77 - [STDOUT_REDIRECT] 1 : Invalid condition id : UX_CORESTACK_Condition cause : null
2023-11-11 14:44:53,547 [INFO] LogOutputStream:77 - [STDOUT_REDIRECT] 1 : Invalid condition id : UX_CORESTACK_Condition cause : null
2023-11-11 14:44:53,547 [INFO] LogOutputStream:77 - [STDOUT_REDIRECT] 1 : Invalid condition id : UX_CORESTACK_Condition cause : null
2023-11-11 14:44:53,551 [WARN] PackLoader:240 - Cannot read IP mode file for STMicroelectronics.X-CUBE-AZRTOS-WL.2.0.0
2023-11-11 14:44:53,559 [WARN] PackLoader:240 - Cannot read IP mode file for WES.I-CUBE-Cesium.1.3.0
2023-11-11 14:44:53,564 [WARN] PackLoader:240 - Cannot read IP mode file for STMicroelectronics.X-CUBE-BLE2.3.3.0
2023-11-11 14:44:53,570 [WARN] PackLoader:240 - Cannot read IP mode file for STMicroelectronics.X-CUBE-ALGOBUILD.1.3.0
2023-11-11 14:44:53,590 [WARN] PackLoader:240 - Cannot read IP mode file for STMicroelectronics.X-CUBE-AZRTOS-G0.1.1.0
2023-11-11 14:44:53,598 [WARN] PackLoader:240 - Cannot read IP mode file for STMicroelectronics.X-CUBE-NFC4.3.0.0
2023-11-11 14:44:53,609 [WARN] PackLoader:240 - Cannot read IP mode file for STMicroelectronics.X-CUBE-BLEMGR.3.0.0
2023-11-11 14:44:53,614 [WARN] PackLoader:240 - Cannot read IP mode file for STMicroelectronics.FP-ATR-SIGFOX1.3.2.0
2023-11-11 14:44:53,646 [WARN] PackLoader:240 - Cannot read IP mode file for SEGGER.I-CUBE-embOS.1.3.1
2023-11-11 14:44:53,686 [WARN] PackLoader:240 - Cannot read IP mode file for STMicroelectronics.X-CUBE-GNSS1.6.0.0
2023-11-11 14:44:53,703 [WARN] PackLoader:240 - Cannot read IP mode file for STMicroelectronics.X-CUBE-AZRTOS-F4.1.1.0
2023-11-11 14:44:53,708 [WARN] PackLoader:240 - Cannot read IP mode file for wolfSSL.I-CUBE-wolfSSL.5.6.3
2023-11-11 14:44:53,729 [WARN] PackLoader:240 - Cannot read IP mode file for STMicroelectronics.X-CUBE-AZRTOS-L5.2.0.0
2023-11-11 14:44:53,777 [WARN] PackLoader:240 - Cannot read IP mode file for STMicroelectronics.X-CUBE-MEMS1.9.6.0
2023-11-11 14:44:53,925 [WARN] PackLoader:240 - Cannot read IP mode file for STMicroelectronics.X-CUBE-EEPRMA1.4.2.0
2023-11-11 14:44:53,928 [WARN] PackLoader:240 - Cannot read IP mode file for ITTIA_DB.I-CUBE-ITTIADB.8.8.0
2023-11-11 14:44:53,934 [WARN] PackLoader:240 - Cannot read IP mode file for STMicroelectronics.X-CUBE-BLEMGR.2.0.0
2023-11-11 14:44:53,948 [WARN] ConditionMgr:438 - getConditionDescription Invalid condition id : UX DEVICE CLASS RTOS Condition cause : null
2023-11-11 14:44:53,948 [WARN] ConditionMgr:438 - getConditionDescription Invalid condition id : UX DEVICE CLASS RTOS Condition cause : null
2023-11-11 14:44:53,950 [WARN] PackLoader:240 - Cannot read IP mode file for STMicroelectronics.X-CUBE-AZRTOS-H7.3.1.0
2023-11-11 14:44:53,951 [WARN] ConditionMgr:1039 - genDependencies : Invalid condition id : UX DEVICE CLASS RTOS Condition cause : null
2023-11-11 14:44:53,951 [WARN] ConditionMgr:1039 - genDependencies : Invalid condition id : UX DEVICE CLASS RTOS Condition cause : null
2023-11-11 14:44:53,952 [WARN] ConditionMgr:1039 - genDependencies : Invalid condition id : UX DEVICE CLASS RTOS Condition cause : null
2023-11-11 14:44:53,952 [WARN] ConditionMgr:1039 - genDependencies : Invalid condition id : UX DEVICE CLASS RTOS Condition cause : null
2023-11-11 14:44:53,952 [WARN] ConditionMgr:1039 - genDependencies : Invalid condition id : UX DEVICE CLASS RTOS Condition cause : null
2023-11-11 14:44:53,957 [WARN] PackLoader:240 - Cannot read IP mode file for STMicroelectronics.X-CUBE-NFC7.1.0.1
2023-11-11 14:44:53,966 [WARN] PackLoader:240 - Cannot read IP mode file for STMicroelectronics.X-CUBE-NFC6.3.0.0
2023-11-11 14:44:53,971 [WARN] PackLoader:240 - Cannot read IP mode file for STMicroelectronics.X-CUBE-EEPRMA1.4.1.0
2023-11-11 14:44:53,974 [WARN] PackLoader:240 - Cannot read IP mode file for STMicroelectronics.X-CUBE-AI.8.1.0
2023-11-11 14:44:53,986 [WARN] ConditionMgr:438 - getConditionDescription Invalid condition id : LAN8742 Phy interface Condition cause : null
2023-11-11 14:44:53,987 [WARN] PackLoader:240 - Cannot read IP mode file for STMicroelectronics.X-CUBE-AZRTOS-L4.2.0.0
2023-11-11 14:44:53,988 [WARN] ConditionMgr:1039 - genDependencies : Invalid condition id : LAN8742 Phy interface Condition cause : null
2023-11-11 14:44:53,988 [WARN] ConditionMgr:1039 - genDependencies : Invalid condition id : LAN8742 Phy interface Condition cause : null
2023-11-11 14:44:53,988 [WARN] ConditionMgr:1039 - genDependencies : Invalid condition id : LAN8742 Phy interface Condition cause : null
2023-11-11 14:44:53,993 [WARN] PackLoader:240 - Cannot read IP mode file for STMicroelectronics.X-CUBE-SFXS2LP1.4.0.0
2023-11-11 14:44:53,997 [WARN] PackLoader:240 - Cannot read IP mode file for STMicroelectronics.X-CUBE-ISPU.1.1.0
2023-11-11 14:44:54,005 [WARN] ConditionMgr:438 - getConditionDescription Invalid condition id : UX DEVICE CLASS RTOS Condition cause : null
2023-11-11 14:44:54,005 [WARN] ConditionMgr:438 - getConditionDescription Invalid condition id : UX DEVICE CLASS RTOS Condition cause : null
2023-11-11 14:44:54,007 [WARN] PackLoader:240 - Cannot read IP mode file for STMicroelectronics.X-CUBE-AZRTOS-WB.2.0.0
2023-11-11 14:44:54,008 [WARN] ConditionMgr:1039 - genDependencies : Invalid condition id : UX DEVICE CLASS RTOS Condition cause : null
2023-11-11 14:44:54,008 [WARN] ConditionMgr:1039 - genDependencies : Invalid condition id : UX DEVICE CLASS RTOS Condition cause : null
2023-11-11 14:44:54,008 [WARN] ConditionMgr:1039 - genDependencies : Invalid condition id : UX DEVICE CLASS RTOS Condition cause : null
2023-11-11 14:44:54,008 [WARN] ConditionMgr:1039 - genDependencies : Invalid condition id : UX DEVICE CLASS RTOS Condition cause : null
2023-11-11 14:44:54,008 [WARN] ConditionMgr:1039 - genDependencies : Invalid condition id : UX DEVICE CLASS RTOS Condition cause : null
2023-11-11 14:44:54,016 [WARN] PackLoader:240 - Cannot read IP mode file for STMicroelectronics.X-CUBE-SUBG2.5.0.0
2023-11-11 14:44:54,026 [WARN] PackLoader:240 - Cannot read IP mode file for STMicroelectronics.X-CUBE-TOF1.3.3.1
2023-11-11 14:44:54,044 [WARN] PackLoader:240 - Cannot read IP mode file for STMicroelectronics.X-CUBE-AZRTOS-G4.2.0.0
2023-11-11 14:44:54,055 [WARN] PackLoader:240 - Cannot read IP mode file for Infineon.AIROC-Wi-Fi-Bluetooth-STM32.1.5.1
2023-11-11 14:44:54,061 [WARN] PackLoader:240 - Cannot read IP mode file for STMicroelectronics.FP-SNS-MOTENVWB1.1.3.0
2023-11-11 14:44:54,099 [WARN] PackLoader:240 - Cannot read IP mode file for STMicroelectronics.X-CUBE-MEMS1.10.0.0
2023-11-11 14:44:54,228 [WARN] PackLoader:240 - Cannot read IP mode file for STMicroelectronics.X-CUBE-FREERTOS.1.1.0
2023-11-11 14:44:54,231 [WARN] PackLoader:240 - Cannot read IP mode file for portGmbH.I-Cube-SoM-uGOAL.1.1.0
2023-11-11 14:44:54,234 [WARN] PackLoader:240 - Cannot read IP mode file for STMicroelectronics.X-CUBE-ALS.1.0.1
2023-11-11 14:44:54,237 [WARN] PackLoader:240 - Cannot read IP mode file for STMicroelectronics.FP-ATR-ASTRA1.2.0.0
2023-11-11 14:44:54,238 [INFO] ThirdParty:978 - Integrity check success = true
2023-11-11 14:44:54,239 [INFO] IntegrityCheckThread:100 - exiting critical section [integrity check]
2023-11-11 14:44:54,239 [INFO] IntegrityCheckThread:103 - End integrity checks thread
2023-11-11 14:45:13,269 [ERROR] LogOutputStream:75 - [STDERR_REDIRECT] SLF4J: Failed to load class "org.slf4j.impl.StaticLoggerBinder".
2023-11-11 14:45:13,269 [ERROR] LogOutputStream:75 - [STDERR_REDIRECT] SLF4J: Defaulting to no-operation (NOP) logger implementation
2023-11-11 14:45:13,269 [ERROR] LogOutputStream:75 - [STDERR_REDIRECT] SLF4J: See http://www.slf4j.org/codes.html#StaticLoggerBinder for further details.
2023-11-11 18:32:55,246 [ERROR] ConfigurationRetriever:142 - IOException on connection: sw-center.st.com
2023-11-11 18:32:55,247 [ERROR] ConfigurationRetriever:142 - IOException on connection: sw-center.st.com
2023-11-11 18:32:55,247 [ERROR] ConfigurationRetriever:142 - IOException on connection: sw-center.st.com
