2023-11-13 18:59:20,691 [INFO] Activator:176 - 


2023-11-13 18:59:20,712 [INFO] Activator:177 - !SESSION log4j initialized
2023-11-13 18:59:34,257 [INFO] LogOutputStream:77 - [STDOUT_REDIRECT] 
2023-11-13 18:59:41,880 [INFO] ApplicationProperties:184 - Using Application install path: /opt/st/stm32cubeide_1.13.2/plugins/com.st.stm32cube.common.mx_6.9.2.202309101412
2023-11-13 18:59:41,935 [INFO] DbMcusXml:78 - Set database path to: /opt/st/stm32cubeide_1.13.2/plugins/com.st.stm32cube.common.mx_6.9.2.202309101412//db//mcu/
2023-11-13 18:59:41,936 [INFO] ApiDb:274 - Set plugin database path to: /opt/st/stm32cubeide_1.13.2/plugins/com.st.stm32cube.common.mx_6.9.2.202309101412//db//plugins/boardmanager/
2023-11-13 18:59:41,938 [WARN] ApiDb:259 - Overriding images path with different value:  => /opt/st/stm32cubeide_1.13.2/plugins/com.st.stm32cube.common.mx_6.9.2.202309101412//db//plugins/mcufinder/images/
2023-11-13 18:59:41,966 [INFO] ApiDb:250 - Set database path to: /home/mustafa/.stmcufinder/plugins/mcufinder//mcu/
2023-11-13 18:59:41,970 [INFO] DbMcusAds:125 - Set database path to: /home/mustafa/.stmcufinder/plugins/mcufinder//mcu/
2023-11-13 18:59:41,980 [INFO] CrossReferenceDbSqlite:203 - Set database path to: /home/mustafa/.stmcufinder/plugins/mcufinder//mcu/cs/
2023-11-13 18:59:42,369 [INFO] RulesReader:64 - Compatibility file has been processed (293 Rules)
2023-11-13 18:59:42,548 [INFO] DbMcusXml:78 - Set database path to: /opt/st/stm32cubeide_1.13.2/plugins/com.st.stm32cube.common.mx_6.9.2.202309101412//db//mcu/
2023-11-13 18:59:42,549 [INFO] ApiDb:274 - Set plugin database path to: /opt/st/stm32cubeide_1.13.2/plugins/com.st.stm32cube.common.mx_6.9.2.202309101412//db//plugins/boardmanager/
2023-11-13 18:59:42,549 [INFO] ApiDb:261 - Set plugin images path to: /opt/st/stm32cubeide_1.13.2/plugins/com.st.stm32cube.common.mx_6.9.2.202309101412//db//plugins/mcufinder/images/
2023-11-13 18:59:42,550 [WARN] DbFile:41 - Overriding database path with different value: /home/mustafa/.stmcufinder/plugins/mcufinder/ => /home/mustafa/.stmcufinder/plugins/mcufinder
2023-11-13 18:59:42,550 [INFO] ApiDb:250 - Set database path to: /home/mustafa/.stmcufinder/plugins/mcufinder//mcu/
2023-11-13 18:59:42,550 [WARN] DbFile:41 - Overriding database path with different value: /home/mustafa/.stmcufinder/plugins/mcufinder/ => /home/mustafa/.stmcufinder/plugins/mcufinder
2023-11-13 18:59:42,551 [INFO] DbMcusAds:125 - Set database path to: /home/mustafa/.stmcufinder/plugins/mcufinder//mcu/
2023-11-13 18:59:42,551 [WARN] DbFile:41 - Overriding database path with different value: /home/mustafa/.stmcufinder/plugins/mcufinder/ => /home/mustafa/.stmcufinder/plugins/mcufinder
2023-11-13 18:59:42,552 [WARN] DbFile:41 - Overriding database path with different value: /home/mustafa/.stmcufinder/plugins/mcufinder/ => /home/mustafa/.stmcufinder/plugins/mcufinder
2023-11-13 18:59:42,552 [INFO] CrossReferenceDbSqlite:203 - Set database path to: /home/mustafa/.stmcufinder/plugins/mcufinder//mcu/cs/
2023-11-13 18:59:42,739 [INFO] MainPanel:262 - HeapMemory: 268435456
2023-11-13 18:59:42,983 [INFO] DbMcusXml:78 - Set database path to: /opt/st/stm32cubeide_1.13.2/plugins/com.st.stm32cube.common.mx_6.9.2.202309101412//db//mcu/
2023-11-13 18:59:42,984 [INFO] ApiDb:274 - Set plugin database path to: /opt/st/stm32cubeide_1.13.2/plugins/com.st.stm32cube.common.mx_6.9.2.202309101412//db//plugins/boardmanager/
2023-11-13 18:59:42,984 [INFO] ApiDb:261 - Set plugin images path to: /opt/st/stm32cubeide_1.13.2/plugins/com.st.stm32cube.common.mx_6.9.2.202309101412//db//plugins/mcufinder/images/
2023-11-13 18:59:42,985 [WARN] DbFile:41 - Overriding database path with different value: /home/mustafa/.stmcufinder/plugins/mcufinder/ => /home/mustafa/.stmcufinder/plugins/mcufinder
2023-11-13 18:59:42,986 [INFO] ApiDb:250 - Set database path to: /home/mustafa/.stmcufinder/plugins/mcufinder//mcu/
2023-11-13 18:59:42,986 [WARN] DbFile:41 - Overriding database path with different value: /home/mustafa/.stmcufinder/plugins/mcufinder/ => /home/mustafa/.stmcufinder/plugins/mcufinder
2023-11-13 18:59:42,986 [INFO] DbMcusAds:125 - Set database path to: /home/mustafa/.stmcufinder/plugins/mcufinder//mcu/
2023-11-13 18:59:42,987 [WARN] DbFile:41 - Overriding database path with different value: /home/mustafa/.stmcufinder/plugins/mcufinder/ => /home/mustafa/.stmcufinder/plugins/mcufinder
2023-11-13 18:59:42,987 [WARN] DbFile:41 - Overriding database path with different value: /home/mustafa/.stmcufinder/plugins/mcufinder/ => /home/mustafa/.stmcufinder/plugins/mcufinder
2023-11-13 18:59:42,988 [INFO] CrossReferenceDbSqlite:203 - Set database path to: /home/mustafa/.stmcufinder/plugins/mcufinder//mcu/cs/
2023-11-13 18:59:43,030 [INFO] ApplicationProperties:184 - Using Application install path: /opt/st/stm32cubeide_1.13.2/plugins/com.st.stm32cube.common.mx_6.9.2.202309101412
2023-11-13 18:59:43,034 [INFO] PluginManage:196 - Search for loadable plugins [exclusion list=, ]
2023-11-13 18:59:43,038 [INFO] PluginManage:310 - Check plugin analytics
2023-11-13 18:59:43,528 [INFO] AnalyticsPlugin:253 - Accepted Software Licenses: 
2023-11-13 18:59:43,529 [INFO] AnalyticsPlugin:255 - Accepted CMSIS Pack Licenses: 
2023-11-13 18:59:43,530 [INFO] AnalyticsPlugin:257 - Accepted Firmware Licenses: 
2023-11-13 18:59:43,540 [INFO] PluginManage:359 - Loaded plugin analytics (category:tool,tabindex:-1)
2023-11-13 18:59:43,541 [INFO] PluginManage:310 - Check plugin cadmodel
2023-11-13 18:59:43,653 [INFO] CADModel:105 - Init CAD model plugin
2023-11-13 18:59:43,654 [INFO] PluginManage:359 - Loaded plugin cadmodel (category:power,tabindex:5)
2023-11-13 18:59:43,654 [INFO] PluginManage:310 - Check plugin clock
2023-11-13 18:59:43,683 [INFO] PluginManage:359 - Loaded plugin clock (category:base,tabindex:2)
2023-11-13 18:59:43,684 [INFO] PluginManage:310 - Check plugin ddr
2023-11-13 18:59:43,693 [INFO] PluginManage:359 - Loaded plugin ddr (category:tool,tabindex:6)
2023-11-13 18:59:43,695 [INFO] PluginManage:310 - Check plugin filemanager
2023-11-13 18:59:44,103 [INFO] PluginManage:359 - Loaded plugin filemanager (category:base,tabindex:10)
2023-11-13 18:59:44,104 [INFO] PluginManage:310 - Check plugin ipmanager
2023-11-13 18:59:44,122 [INFO] PluginManage:359 - Loaded plugin ipmanager (category:base,tabindex:5)
2023-11-13 18:59:44,123 [INFO] PluginManage:310 - Check plugin lpbam
2023-11-13 18:59:44,155 [INFO] PluginManage:359 - Loaded plugin lpbam (category:base,tabindex:0)
2023-11-13 18:59:44,155 [INFO] PluginManage:310 - Check plugin memorymap
2023-11-13 18:59:44,190 [INFO] PluginManage:359 - Loaded plugin memorymap (category:base,tabindex:4)
2023-11-13 18:59:44,191 [INFO] PluginManage:310 - Check plugin pinoutandconfiguration
2023-11-13 18:59:44,210 [INFO] PluginManage:359 - Loaded plugin pinoutandconfiguration (category:base,tabindex:1)
2023-11-13 18:59:44,211 [INFO] PluginManage:310 - Check plugin pinoutconfig
2023-11-13 18:59:44,518 [WARN] SupportedApi:132 - Cannot load RTOS API schema: s4s-elt-must-match.1: The content of 'definitions' must match (annotation?, (simpleType | complexType)?, (unique | key | keyref)*)). A problem was found starting at: attribute.
2023-11-13 18:59:44,956 [INFO] PluginManage:359 - Loaded plugin pinoutconfig (category:base,tabindex:0)
2023-11-13 18:59:44,956 [INFO] PluginManage:310 - Check plugin power
2023-11-13 18:59:44,982 [INFO] PluginManage:359 - Loaded plugin power (category:power,tabindex:4)
2023-11-13 18:59:44,982 [INFO] PluginManage:310 - Check plugin projectmanager
2023-11-13 18:59:45,028 [INFO] PluginManage:359 - Loaded plugin projectmanager (category:projectmanager,tabindex:3)
2023-11-13 18:59:45,028 [INFO] PluginManage:310 - Check plugin thirdparty
2023-11-13 18:59:45,417 [INFO] PluginManage:359 - Loaded plugin thirdparty (category:base,tabindex:-1)
2023-11-13 18:59:45,417 [WARN] IntegrityCheckThread:84 - waiting for thirdparty lock release [integrity check]
2023-11-13 18:59:45,418 [INFO] PluginManage:310 - Check plugin tools
2023-11-13 18:59:45,418 [INFO] IntegrityCheckThread:86 - entering critical section [integrity check]
2023-11-13 18:59:45,419 [INFO] ThirdPartyUpdaterWithRetryManager:70 - Updater plugin not ready yet. [1/15]
2023-11-13 18:59:45,423 [INFO] PluginManage:359 - Loaded plugin tools (category:base,tabindex:7)
2023-11-13 18:59:45,424 [INFO] PluginManage:310 - Check plugin tutovideos
2023-11-13 18:59:46,012 [INFO] PluginManage:359 - Loaded plugin tutovideos (category:base,tabindex:-1)
2023-11-13 18:59:46,013 [INFO] PluginManage:310 - Check plugin updater
2023-11-13 18:59:46,052 [INFO] PluginManage:359 - Loaded plugin updater (category:base,tabindex:12)
2023-11-13 18:59:46,052 [INFO] PluginManage:310 - Check plugin userauth
2023-11-13 18:59:46,069 [INFO] UserAuth:113 - Init User Auth plugin
2023-11-13 18:59:46,070 [INFO] PluginManage:359 - Loaded plugin userauth (category:base,tabindex:14)
2023-11-13 18:59:46,073 [INFO] PluginManage:283 - PluginManage : Loaded plugins [17]
2023-11-13 18:59:46,809 [INFO] PinOutPanel:1499 - setPackage(No Configuration,No Configuration)
2023-11-13 18:59:47,068 [INFO] CADModel:165 - CPN selected for project level
2023-11-13 18:59:47,068 [INFO] CADModel:114 - Register for checkConnection events
2023-11-13 18:59:47,099 [INFO] IPUIPlugin:80 - create IPUIPlugin
2023-11-13 18:59:47,100 [INFO] PluginManager:220 - loadIPPluginJar : add mdma
2023-11-13 18:59:47,115 [INFO] IPUIPlugin:80 - create IPUIPlugin
2023-11-13 18:59:47,116 [INFO] PluginManager:220 - loadIPPluginJar : add i2s
2023-11-13 18:59:47,121 [INFO] IPUIPlugin:80 - create IPUIPlugin
2023-11-13 18:59:47,122 [INFO] PluginManager:220 - loadIPPluginJar : add aes
2023-11-13 18:59:47,126 [INFO] IPUIPlugin:80 - create IPUIPlugin
2023-11-13 18:59:47,126 [INFO] PluginManager:220 - loadIPPluginJar : add ts
2023-11-13 18:59:47,130 [INFO] IPUIPlugin:80 - create IPUIPlugin
2023-11-13 18:59:47,131 [INFO] PluginManager:220 - loadIPPluginJar : add tim
2023-11-13 18:59:47,143 [INFO] IPUIPlugin:80 - create IPUIPlugin
2023-11-13 18:59:47,143 [INFO] PluginManager:220 - loadIPPluginJar : add gic
2023-11-13 18:59:47,152 [INFO] IPUIPlugin:80 - create IPUIPlugin
2023-11-13 18:59:47,153 [INFO] PluginManager:220 - loadIPPluginJar : add gpio
2023-11-13 18:59:47,157 [INFO] IPUIPlugin:80 - create IPUIPlugin
2023-11-13 18:59:47,157 [INFO] PluginManager:220 - loadIPPluginJar : add ucpd
2023-11-13 18:59:47,161 [INFO] IPUIPlugin:80 - create IPUIPlugin
2023-11-13 18:59:47,162 [INFO] PluginManager:220 - loadIPPluginJar : add gfxmmu
2023-11-13 18:59:47,167 [INFO] IPUIPlugin:80 - create IPUIPlugin
2023-11-13 18:59:47,168 [INFO] PluginManager:220 - loadIPPluginJar : add can
2023-11-13 18:59:47,174 [INFO] IPUIPlugin:80 - create IPUIPlugin
2023-11-13 18:59:47,174 [INFO] PluginManager:220 - loadIPPluginJar : add cryp
2023-11-13 18:59:47,190 [INFO] IPUIPlugin:80 - create IPUIPlugin
2023-11-13 18:59:47,190 [INFO] PluginManager:220 - loadIPPluginJar : add stm32_wpan
2023-11-13 18:59:47,194 [INFO] IPUIPlugin:80 - create IPUIPlugin
2023-11-13 18:59:47,194 [INFO] PluginManager:220 - loadIPPluginJar : add genericplugin
2023-11-13 18:59:47,203 [INFO] IPUIPlugin:80 - create IPUIPlugin
2023-11-13 18:59:47,203 [INFO] PluginManager:220 - loadIPPluginJar : add usart
2023-11-13 18:59:47,215 [INFO] IPUIPlugin:80 - create IPUIPlugin
2023-11-13 18:59:47,216 [INFO] PluginManager:220 - loadIPPluginJar : add nvic
2023-11-13 18:59:47,226 [INFO] IPUIPlugin:80 - create IPUIPlugin
2023-11-13 18:59:47,227 [INFO] PluginManager:220 - loadIPPluginJar : add touchsensing
2023-11-13 18:59:47,234 [INFO] IPUIPlugin:80 - create IPUIPlugin
2023-11-13 18:59:47,235 [INFO] PluginManager:220 - loadIPPluginJar : add spi
2023-11-13 18:59:47,260 [INFO] IPUIPlugin:80 - create IPUIPlugin
2023-11-13 18:59:47,261 [INFO] PluginManager:220 - loadIPPluginJar : add linkedlist
2023-11-13 18:59:47,269 [INFO] IPUIPlugin:80 - create IPUIPlugin
2023-11-13 18:59:47,269 [INFO] PluginManager:220 - loadIPPluginJar : add opamp
2023-11-13 18:59:47,278 [INFO] IPUIPlugin:80 - create IPUIPlugin
2023-11-13 18:59:47,278 [INFO] PluginManager:220 - loadIPPluginJar : add sai
2023-11-13 18:59:47,286 [INFO] IPUIPlugin:80 - create IPUIPlugin
2023-11-13 18:59:47,287 [INFO] PluginManager:220 - loadIPPluginJar : add ipddr
2023-11-13 18:59:47,293 [INFO] IPUIPlugin:80 - create IPUIPlugin
2023-11-13 18:59:47,293 [INFO] PluginManager:220 - loadIPPluginJar : add usbx
2023-11-13 18:59:47,296 [INFO] IPUIPlugin:80 - create IPUIPlugin
2023-11-13 18:59:47,297 [INFO] PluginManager:220 - loadIPPluginJar : add tsc
2023-11-13 18:59:47,302 [INFO] IPUIPlugin:80 - create IPUIPlugin
2023-11-13 18:59:47,303 [INFO] PluginManager:220 - loadIPPluginJar : add lorawan
2023-11-13 18:59:47,319 [INFO] IPUIPlugin:80 - create IPUIPlugin
2023-11-13 18:59:47,326 [INFO] PluginManager:220 - loadIPPluginJar : add plateformsettings
2023-11-13 18:59:47,341 [INFO] IPUIPlugin:80 - create IPUIPlugin
2023-11-13 18:59:47,342 [INFO] PluginManager:220 - loadIPPluginJar : add dma
2023-11-13 18:59:47,355 [INFO] IPUIPlugin:80 - create IPUIPlugin
2023-11-13 18:59:47,356 [INFO] PluginManager:220 - loadIPPluginJar : add adc
2023-11-13 18:59:47,358 [INFO] IPUIPlugin:80 - create IPUIPlugin
2023-11-13 18:59:47,358 [INFO] PluginManager:220 - loadIPPluginJar : add ltdc
2023-11-13 18:59:47,368 [INFO] IPUIPlugin:80 - create IPUIPlugin
2023-11-13 18:59:47,368 [INFO] PluginManager:220 - loadIPPluginJar : add fmc
2023-11-13 18:59:47,374 [INFO] IPUIPlugin:80 - create IPUIPlugin
2023-11-13 18:59:47,374 [INFO] PluginManager:220 - loadIPPluginJar : add i3c
2023-11-13 18:59:47,380 [INFO] IPUIPlugin:80 - create IPUIPlugin
2023-11-13 18:59:47,380 [INFO] PluginManager:220 - loadIPPluginJar : add i2c
2023-11-13 18:59:47,386 [INFO] IPUIPlugin:80 - create IPUIPlugin
2023-11-13 18:59:47,386 [INFO] PluginManager:220 - loadIPPluginJar : add hash
2023-11-13 18:59:47,390 [INFO] IPUIPlugin:80 - create IPUIPlugin
2023-11-13 18:59:47,390 [INFO] PluginManager:220 - loadIPPluginJar : add fatfs
2023-11-13 18:59:47,393 [INFO] IPUIPlugin:80 - create IPUIPlugin
2023-11-13 18:59:47,394 [INFO] PluginManager:220 - loadIPPluginJar : add comp
2023-11-13 18:59:47,398 [INFO] IPUIPlugin:80 - create IPUIPlugin
2023-11-13 18:59:47,399 [INFO] PluginManager:220 - loadIPPluginJar : add dfsdm
2023-11-13 18:59:47,406 [INFO] IPUIPlugin:80 - create IPUIPlugin
2023-11-13 18:59:47,406 [INFO] PluginManager:220 - loadIPPluginJar : add resmgrutility
2023-11-13 18:59:47,409 [INFO] IPUIPlugin:80 - create IPUIPlugin
2023-11-13 18:59:47,410 [INFO] PluginManager:220 - loadIPPluginJar : add quadspi
2023-11-13 18:59:47,415 [INFO] IPUIPlugin:80 - create IPUIPlugin
2023-11-13 18:59:47,416 [INFO] PluginManager:220 - loadIPPluginJar : add openamp
2023-11-13 18:59:47,421 [INFO] IPUIPlugin:80 - create IPUIPlugin
2023-11-13 18:59:47,422 [INFO] PluginManager:220 - loadIPPluginJar : add gtzc
2023-11-13 18:59:47,426 [INFO] IPUIPlugin:80 - create IPUIPlugin
2023-11-13 18:59:47,427 [INFO] PluginManager:220 - loadIPPluginJar : add dma3
2023-11-13 18:59:47,432 [INFO] IPUIPlugin:80 - create IPUIPlugin
2023-11-13 18:59:47,433 [INFO] PluginManager:220 - loadIPPluginJar : add pdm2pcm
2023-11-13 18:59:47,437 [INFO] IPUIPlugin:80 - create IPUIPlugin
2023-11-13 18:59:47,437 [INFO] PluginManager:220 - loadIPPluginJar : add tracer_emb
2023-11-13 18:59:47,448 [INFO] IPUIPlugin:80 - create IPUIPlugin
2023-11-13 18:59:47,449 [INFO] PluginManager:220 - loadIPPluginJar : add freertos
2023-11-13 18:59:47,598 [INFO] CADModel:165 - CPN selected for project level
2023-11-13 18:59:47,598 [INFO] CADModel:114 - Register for checkConnection events
2023-11-13 18:59:47,598 [FATAL] Updater:308 - Updater called before beeing initialized
2023-11-13 18:59:47,599 [ERROR] CADModel:125 - Updater not yet initialized, retry later 
2023-11-13 18:59:47,911 [INFO] CADModel:165 - CPN selected for project level
2023-11-13 18:59:47,911 [INFO] CADModel:114 - Register for checkConnection events
2023-11-13 18:59:47,911 [FATAL] Updater:308 - Updater called before beeing initialized
2023-11-13 18:59:47,912 [ERROR] CADModel:125 - Updater not yet initialized, retry later 
2023-11-13 18:59:47,921 [FATAL] Updater:308 - Updater called before beeing initialized
2023-11-13 18:59:48,122 [FATAL] Updater:308 - Updater called before beeing initialized
2023-11-13 18:59:48,137 [INFO] DbMcusAds:53 - JSON generation date=Tue Mar 07 10:50:55 EET 2023 (1678179055335)
2023-11-13 18:59:48,138 [FATAL] Updater:308 - Updater called before beeing initialized
2023-11-13 18:59:48,237 [WARN] DetailPanel:346 - Failed to get advertising image, set to default
2023-11-13 18:59:48,420 [INFO] ThirdPartyUpdaterWithRetryManager:70 - Updater plugin not ready yet. [2/15]
2023-11-13 18:59:48,596 [FATAL] Updater:308 - Updater called before beeing initialized
2023-11-13 18:59:48,601 [FATAL] Updater:308 - Updater called before beeing initialized
2023-11-13 18:59:48,601 [FATAL] Updater:308 - Updater called before beeing initialized
2023-11-13 18:59:48,601 [WARN] DetailPanel:346 - Failed to get advertising image, set to default
2023-11-13 18:59:48,604 [FATAL] Updater:308 - Updater called before beeing initialized
2023-11-13 18:59:48,685 [ERROR] Updater:1120 - MainUpdater not yet initialized. External WinMGr cannot be set.
2023-11-13 18:59:48,689 [INFO] Updater:1056 - Updater Version found : 6.9.2
2023-11-13 18:59:48,732 [INFO] ApplicationProperties:184 - Using Application install path: /opt/st/stm32cubeide_1.13.2/plugins/com.st.stm32cube.common.mx_6.9.2.202309101412
2023-11-13 18:59:49,174 [INFO] MainUpdater:2868 - connection check result : 10
2023-11-13 18:59:49,176 [INFO] MainUpdater:285 - Updater Check For Update Now.
2023-11-13 18:59:49,176 [INFO] MicroXplorer:498 - Change Database Version : DB.6.0.92
2023-11-13 18:59:49,188 [INFO] McuFinderGlobals:63 - Set McuFinder mode to 2 (CubeIDE integrated)
2023-11-13 18:59:49,189 [INFO] UserAuth:179 - activating auth plugin
2023-11-13 18:59:49,196 [INFO] UserAuth:393 - Internet connection configuration mode: 1
2023-11-13 18:59:49,226 [INFO] JxBrowserEngine:151 - Initiate JxBrowser Engine with user profile folder
2023-11-13 18:59:49,478 [INFO] CheckServerUpdateThread:120 - End of CheckServer Thread
2023-11-13 18:59:50,924 [INFO] WebApp:157 - Instantiating new browser for Auth
2023-11-13 18:59:51,718 [WARN] PackLoader:240 - Cannot read IP mode file for STMicroelectronics.X-CUBE-SMBUS.2.1.0
2023-11-13 18:59:51,896 [WARN] PackLoader:240 - Cannot read IP mode file for STMicroelectronics.X-CUBE-AZRTOS-F7.1.1.0
2023-11-13 18:59:51,941 [WARN] PackLoader:240 - Cannot read IP mode file for STMicroelectronics.FP-SNS-MOTENV1.4.3.2
2023-11-13 18:59:51,960 [WARN] PackLoader:240 - Cannot read IP mode file for STMicroelectronics.FP-SNS-FLIGHT1.5.0.2
2023-11-13 18:59:51,994 [WARN] PackLoader:240 - Cannot read IP mode file for STMicroelectronics.X-CUBE-DISPLAY.3.0.0
2023-11-13 18:59:52,038 [WARN] PackLoader:240 - Cannot read IP mode file for STMicroelectronics.X-CUBE-BLE1.7.0.0
2023-11-13 18:59:52,053 [WARN] PackLoader:240 - Cannot read IP mode file for emotas.I-CUBE-CANOPEN.1.3.0
2023-11-13 18:59:52,063 [WARN] PackLoader:240 - Cannot read IP mode file for STMicroelectronics.X-CUBE-TOUCHGFX.4.22.1
2023-11-13 18:59:52,075 [WARN] PackLoader:240 - Cannot read IP mode file for STMicroelectronics.FP-SNS-SMARTAG2.1.2.0
2023-11-13 18:59:52,112 [INFO] LogOutputStream:77 - [STDOUT_REDIRECT] 1 : Invalid condition id : UX_CORESTACK_Condition cause : null
2023-11-13 18:59:52,113 [INFO] LogOutputStream:77 - [STDOUT_REDIRECT] 1 : Invalid condition id : UX_CORESTACK_Condition cause : null
2023-11-13 18:59:52,114 [INFO] LogOutputStream:77 - [STDOUT_REDIRECT] 1 : Invalid condition id : UX_CORESTACK_Condition cause : null
2023-11-13 18:59:52,115 [INFO] LogOutputStream:77 - [STDOUT_REDIRECT] 1 : Invalid condition id : UX_CORESTACK_Condition cause : null
2023-11-13 18:59:52,116 [INFO] LogOutputStream:77 - [STDOUT_REDIRECT] 1 : Invalid condition id : UX_CORESTACK_Condition cause : null
2023-11-13 18:59:52,134 [WARN] PackLoader:240 - Cannot read IP mode file for STMicroelectronics.X-CUBE-AZRTOS-WL.2.0.0
2023-11-13 18:59:52,160 [WARN] PackLoader:240 - Cannot read IP mode file for WES.I-CUBE-Cesium.1.3.0
2023-11-13 18:59:52,180 [WARN] PackLoader:240 - Cannot read IP mode file for STMicroelectronics.X-CUBE-BLE2.3.3.0
2023-11-13 18:59:52,201 [WARN] PackLoader:240 - Cannot read IP mode file for STMicroelectronics.X-CUBE-ALGOBUILD.1.3.0
2023-11-13 18:59:52,306 [WARN] PackLoader:240 - Cannot read IP mode file for STMicroelectronics.X-CUBE-AZRTOS-G0.1.1.0
2023-11-13 18:59:52,347 [WARN] PackLoader:240 - Cannot read IP mode file for STMicroelectronics.X-CUBE-NFC4.3.0.0
2023-11-13 18:59:52,411 [WARN] PackLoader:240 - Cannot read IP mode file for STMicroelectronics.X-CUBE-BLEMGR.3.0.0
2023-11-13 18:59:52,441 [WARN] PackLoader:240 - Cannot read IP mode file for STMicroelectronics.FP-ATR-SIGFOX1.3.2.0
2023-11-13 18:59:52,669 [WARN] PackLoader:240 - Cannot read IP mode file for SEGGER.I-CUBE-embOS.1.3.1
2023-11-13 18:59:52,917 [WARN] PackLoader:240 - Cannot read IP mode file for STMicroelectronics.X-CUBE-GNSS1.6.0.0
2023-11-13 18:59:53,163 [INFO] WebApp:753 - Register for checkConnection events
2023-11-13 18:59:53,163 [WARN] PackLoader:240 - Cannot read IP mode file for STMicroelectronics.X-CUBE-AZRTOS-F4.1.1.0
2023-11-13 18:59:53,163 [INFO] WebApp:390 - Apply proxy settings
2023-11-13 18:59:53,164 [INFO] WebApp:475 - Chromium requires no authentication
2023-11-13 18:59:53,253 [INFO] WebApp:418 - Direct internet connection detected
2023-11-13 18:59:53,260 [WARN] PackLoader:240 - Cannot read IP mode file for wolfSSL.I-CUBE-wolfSSL.5.6.3
2023-11-13 18:59:53,343 [WARN] PackLoader:240 - Cannot read IP mode file for STMicroelectronics.X-CUBE-AZRTOS-L5.2.0.0
2023-11-13 18:59:53,561 [WARN] PackLoader:240 - Cannot read IP mode file for STMicroelectronics.X-CUBE-MEMS1.9.6.0
2023-11-13 18:59:53,757 [INFO] WebApp:188 - Starting web application
2023-11-13 18:59:53,758 [INFO] WebApp:520 - Web application path used /opt/st/stm32cubeide_1.13.2/plugins/com.st.stm32cube.common.mx_6.9.2.202309101412/db/plugins/mcufinder/reactClient1/index.html
2023-11-13 18:59:54,298 [WARN] PackLoader:240 - Cannot read IP mode file for STMicroelectronics.X-CUBE-EEPRMA1.4.2.0
2023-11-13 18:59:54,317 [WARN] PackLoader:240 - Cannot read IP mode file for ITTIA_DB.I-CUBE-ITTIADB.8.8.0
2023-11-13 18:59:54,343 [WARN] PackLoader:240 - Cannot read IP mode file for STMicroelectronics.X-CUBE-BLEMGR.2.0.0
2023-11-13 18:59:54,415 [WARN] ConditionMgr:438 - getConditionDescription Invalid condition id : UX DEVICE CLASS RTOS Condition cause : null
2023-11-13 18:59:54,416 [WARN] ConditionMgr:438 - getConditionDescription Invalid condition id : UX DEVICE CLASS RTOS Condition cause : null
2023-11-13 18:59:54,427 [WARN] PackLoader:240 - Cannot read IP mode file for STMicroelectronics.X-CUBE-AZRTOS-H7.3.1.0
2023-11-13 18:59:54,431 [WARN] ConditionMgr:1039 - genDependencies : Invalid condition id : UX DEVICE CLASS RTOS Condition cause : null
2023-11-13 18:59:54,431 [WARN] ConditionMgr:1039 - genDependencies : Invalid condition id : UX DEVICE CLASS RTOS Condition cause : null
2023-11-13 18:59:54,433 [WARN] ConditionMgr:1039 - genDependencies : Invalid condition id : UX DEVICE CLASS RTOS Condition cause : null
2023-11-13 18:59:54,435 [WARN] ConditionMgr:1039 - genDependencies : Invalid condition id : UX DEVICE CLASS RTOS Condition cause : null
2023-11-13 18:59:54,435 [WARN] ConditionMgr:1039 - genDependencies : Invalid condition id : UX DEVICE CLASS RTOS Condition cause : null
2023-11-13 18:59:54,456 [WARN] PackLoader:240 - Cannot read IP mode file for STMicroelectronics.X-CUBE-NFC7.1.0.1
2023-11-13 18:59:54,477 [WARN] PackLoader:240 - Cannot read IP mode file for STMicroelectronics.X-CUBE-NFC6.3.0.0
2023-11-13 18:59:54,527 [WARN] PackLoader:240 - Cannot read IP mode file for STMicroelectronics.X-CUBE-EEPRMA1.4.1.0
2023-11-13 18:59:54,544 [WARN] PackLoader:240 - Cannot read IP mode file for STMicroelectronics.X-CUBE-AI.8.1.0
2023-11-13 18:59:54,633 [WARN] ConditionMgr:438 - getConditionDescription Invalid condition id : LAN8742 Phy interface Condition cause : null
2023-11-13 18:59:54,635 [WARN] PackLoader:240 - Cannot read IP mode file for STMicroelectronics.X-CUBE-AZRTOS-L4.2.0.0
2023-11-13 18:59:54,639 [WARN] ConditionMgr:1039 - genDependencies : Invalid condition id : LAN8742 Phy interface Condition cause : null
2023-11-13 18:59:54,640 [WARN] ConditionMgr:1039 - genDependencies : Invalid condition id : LAN8742 Phy interface Condition cause : null
2023-11-13 18:59:54,643 [WARN] ConditionMgr:1039 - genDependencies : Invalid condition id : LAN8742 Phy interface Condition cause : null
2023-11-13 18:59:54,667 [WARN] PackLoader:240 - Cannot read IP mode file for STMicroelectronics.X-CUBE-SFXS2LP1.4.0.0
2023-11-13 18:59:54,687 [WARN] PackLoader:240 - Cannot read IP mode file for STMicroelectronics.X-CUBE-ISPU.1.1.0
2023-11-13 18:59:54,753 [WARN] ConditionMgr:438 - getConditionDescription Invalid condition id : UX DEVICE CLASS RTOS Condition cause : null
2023-11-13 18:59:54,754 [WARN] ConditionMgr:438 - getConditionDescription Invalid condition id : UX DEVICE CLASS RTOS Condition cause : null
2023-11-13 18:59:54,769 [WARN] PackLoader:240 - Cannot read IP mode file for STMicroelectronics.X-CUBE-AZRTOS-WB.2.0.0
2023-11-13 18:59:54,772 [WARN] ConditionMgr:1039 - genDependencies : Invalid condition id : UX DEVICE CLASS RTOS Condition cause : null
2023-11-13 18:59:54,773 [WARN] ConditionMgr:1039 - genDependencies : Invalid condition id : UX DEVICE CLASS RTOS Condition cause : null
2023-11-13 18:59:54,775 [WARN] ConditionMgr:1039 - genDependencies : Invalid condition id : UX DEVICE CLASS RTOS Condition cause : null
2023-11-13 18:59:54,777 [WARN] ConditionMgr:1039 - genDependencies : Invalid condition id : UX DEVICE CLASS RTOS Condition cause : null
2023-11-13 18:59:54,797 [WARN] ConditionMgr:1039 - genDependencies : Invalid condition id : UX DEVICE CLASS RTOS Condition cause : null
2023-11-13 18:59:54,850 [WARN] PackLoader:240 - Cannot read IP mode file for STMicroelectronics.X-CUBE-SUBG2.5.0.0
2023-11-13 18:59:54,903 [WARN] PackLoader:240 - Cannot read IP mode file for STMicroelectronics.X-CUBE-TOF1.3.3.1
2023-11-13 18:59:54,989 [WARN] PackLoader:240 - Cannot read IP mode file for STMicroelectronics.X-CUBE-AZRTOS-G4.2.0.0
2023-11-13 18:59:55,035 [WARN] PackLoader:240 - Cannot read IP mode file for Infineon.AIROC-Wi-Fi-Bluetooth-STM32.1.5.1
2023-11-13 18:59:55,056 [WARN] PackLoader:240 - Cannot read IP mode file for STMicroelectronics.FP-SNS-MOTENVWB1.1.3.0
2023-11-13 18:59:55,191 [WARN] PackLoader:240 - Cannot read IP mode file for STMicroelectronics.X-CUBE-MEMS1.10.0.0
2023-11-13 18:59:55,728 [WARN] PackLoader:240 - Cannot read IP mode file for STMicroelectronics.X-CUBE-FREERTOS.1.1.0
2023-11-13 18:59:55,739 [WARN] PackLoader:240 - Cannot read IP mode file for portGmbH.I-Cube-SoM-uGOAL.1.1.0
2023-11-13 18:59:55,747 [WARN] PackLoader:240 - Cannot read IP mode file for STMicroelectronics.X-CUBE-ALS.1.0.1
2023-11-13 18:59:55,753 [WARN] PackLoader:240 - Cannot read IP mode file for STMicroelectronics.FP-ATR-ASTRA1.2.0.0
2023-11-13 18:59:55,754 [INFO] ThirdParty:978 - Integrity check success = true
2023-11-13 18:59:55,755 [INFO] IntegrityCheckThread:100 - exiting critical section [integrity check]
2023-11-13 18:59:55,755 [INFO] IntegrityCheckThread:103 - End integrity checks thread
2023-11-13 19:00:14,909 [ERROR] LogOutputStream:75 - [STDERR_REDIRECT] SLF4J: Failed to load class "org.slf4j.impl.StaticLoggerBinder".
2023-11-13 19:00:14,910 [ERROR] LogOutputStream:75 - [STDERR_REDIRECT] SLF4J: Defaulting to no-operation (NOP) logger implementation
2023-11-13 19:00:14,911 [ERROR] LogOutputStream:75 - [STDERR_REDIRECT] SLF4J: See http://www.slf4j.org/codes.html#StaticLoggerBinder for further details.
