2023-11-28 15:55:39,600 [INFO] Activator:176 - 


2023-11-28 15:55:39,604 [INFO] Activator:177 - !SESSION log4j initialized
2023-11-28 15:55:43,722 [INFO] LogOutputStream:77 - [STDOUT_REDIRECT] 
2023-11-28 15:55:44,508 [INFO] ApplicationProperties:184 - Using Application install path: /opt/st/stm32cubeide_1.13.2/plugins/com.st.stm32cube.common.mx_6.9.2.202309101412
2023-11-28 15:55:44,531 [INFO] DbMcusXml:78 - Set database path to: /opt/st/stm32cubeide_1.13.2/plugins/com.st.stm32cube.common.mx_6.9.2.202309101412//db//mcu/
2023-11-28 15:55:44,531 [INFO] ApiDb:274 - Set plugin database path to: /opt/st/stm32cubeide_1.13.2/plugins/com.st.stm32cube.common.mx_6.9.2.202309101412//db//plugins/boardmanager/
2023-11-28 15:55:44,532 [WARN] ApiDb:259 - Overriding images path with different value:  => /opt/st/stm32cubeide_1.13.2/plugins/com.st.stm32cube.common.mx_6.9.2.202309101412//db//plugins/mcufinder/images/
2023-11-28 15:55:44,545 [INFO] ApiDb:250 - Set database path to: /home/mustafa/.stmcufinder/plugins/mcufinder//mcu/
2023-11-28 15:55:44,546 [INFO] DbMcusAds:125 - Set database path to: /home/mustafa/.stmcufinder/plugins/mcufinder//mcu/
2023-11-28 15:55:44,549 [INFO] CrossReferenceDbSqlite:203 - Set database path to: /home/mustafa/.stmcufinder/plugins/mcufinder//mcu/cs/
2023-11-28 15:55:44,671 [INFO] RulesReader:64 - Compatibility file has been processed (293 Rules)
2023-11-28 15:55:44,735 [INFO] DbMcusXml:78 - Set database path to: /opt/st/stm32cubeide_1.13.2/plugins/com.st.stm32cube.common.mx_6.9.2.202309101412//db//mcu/
2023-11-28 15:55:44,735 [INFO] ApiDb:274 - Set plugin database path to: /opt/st/stm32cubeide_1.13.2/plugins/com.st.stm32cube.common.mx_6.9.2.202309101412//db//plugins/boardmanager/
2023-11-28 15:55:44,735 [INFO] ApiDb:261 - Set plugin images path to: /opt/st/stm32cubeide_1.13.2/plugins/com.st.stm32cube.common.mx_6.9.2.202309101412//db//plugins/mcufinder/images/
2023-11-28 15:55:44,735 [WARN] DbFile:41 - Overriding database path with different value: /home/mustafa/.stmcufinder/plugins/mcufinder/ => /home/mustafa/.stmcufinder/plugins/mcufinder
2023-11-28 15:55:44,735 [INFO] ApiDb:250 - Set database path to: /home/mustafa/.stmcufinder/plugins/mcufinder//mcu/
2023-11-28 15:55:44,736 [WARN] DbFile:41 - Overriding database path with different value: /home/mustafa/.stmcufinder/plugins/mcufinder/ => /home/mustafa/.stmcufinder/plugins/mcufinder
2023-11-28 15:55:44,736 [INFO] DbMcusAds:125 - Set database path to: /home/mustafa/.stmcufinder/plugins/mcufinder//mcu/
2023-11-28 15:55:44,736 [WARN] DbFile:41 - Overriding database path with different value: /home/mustafa/.stmcufinder/plugins/mcufinder/ => /home/mustafa/.stmcufinder/plugins/mcufinder
2023-11-28 15:55:44,736 [WARN] DbFile:41 - Overriding database path with different value: /home/mustafa/.stmcufinder/plugins/mcufinder/ => /home/mustafa/.stmcufinder/plugins/mcufinder
2023-11-28 15:55:44,736 [INFO] CrossReferenceDbSqlite:203 - Set database path to: /home/mustafa/.stmcufinder/plugins/mcufinder//mcu/cs/
2023-11-28 15:55:44,808 [INFO] MainPanel:262 - HeapMemory: 268435456
2023-11-28 15:55:44,897 [INFO] DbMcusXml:78 - Set database path to: /opt/st/stm32cubeide_1.13.2/plugins/com.st.stm32cube.common.mx_6.9.2.202309101412//db//mcu/
2023-11-28 15:55:44,898 [INFO] ApiDb:274 - Set plugin database path to: /opt/st/stm32cubeide_1.13.2/plugins/com.st.stm32cube.common.mx_6.9.2.202309101412//db//plugins/boardmanager/
2023-11-28 15:55:44,898 [INFO] ApiDb:261 - Set plugin images path to: /opt/st/stm32cubeide_1.13.2/plugins/com.st.stm32cube.common.mx_6.9.2.202309101412//db//plugins/mcufinder/images/
2023-11-28 15:55:44,900 [WARN] DbFile:41 - Overriding database path with different value: /home/mustafa/.stmcufinder/plugins/mcufinder/ => /home/mustafa/.stmcufinder/plugins/mcufinder
2023-11-28 15:55:44,900 [INFO] ApiDb:250 - Set database path to: /home/mustafa/.stmcufinder/plugins/mcufinder//mcu/
2023-11-28 15:55:44,900 [WARN] DbFile:41 - Overriding database path with different value: /home/mustafa/.stmcufinder/plugins/mcufinder/ => /home/mustafa/.stmcufinder/plugins/mcufinder
2023-11-28 15:55:44,900 [INFO] DbMcusAds:125 - Set database path to: /home/mustafa/.stmcufinder/plugins/mcufinder//mcu/
2023-11-28 15:55:44,901 [WARN] DbFile:41 - Overriding database path with different value: /home/mustafa/.stmcufinder/plugins/mcufinder/ => /home/mustafa/.stmcufinder/plugins/mcufinder
2023-11-28 15:55:44,901 [WARN] DbFile:41 - Overriding database path with different value: /home/mustafa/.stmcufinder/plugins/mcufinder/ => /home/mustafa/.stmcufinder/plugins/mcufinder
2023-11-28 15:55:44,901 [INFO] CrossReferenceDbSqlite:203 - Set database path to: /home/mustafa/.stmcufinder/plugins/mcufinder//mcu/cs/
2023-11-28 15:55:44,916 [INFO] ApplicationProperties:184 - Using Application install path: /opt/st/stm32cubeide_1.13.2/plugins/com.st.stm32cube.common.mx_6.9.2.202309101412
2023-11-28 15:55:44,918 [INFO] PluginManage:196 - Search for loadable plugins [exclusion list=, ]
2023-11-28 15:55:44,919 [INFO] PluginManage:310 - Check plugin analytics
2023-11-28 15:55:45,080 [INFO] AnalyticsPlugin:253 - Accepted Software Licenses: 
2023-11-28 15:55:45,080 [INFO] AnalyticsPlugin:255 - Accepted CMSIS Pack Licenses: 
2023-11-28 15:55:45,081 [INFO] AnalyticsPlugin:257 - Accepted Firmware Licenses: 
2023-11-28 15:55:45,083 [INFO] PluginManage:359 - Loaded plugin analytics (category:tool,tabindex:-1)
2023-11-28 15:55:45,083 [INFO] PluginManage:310 - Check plugin cadmodel
2023-11-28 15:55:45,217 [INFO] CADModel:105 - Init CAD model plugin
2023-11-28 15:55:45,218 [INFO] PluginManage:359 - Loaded plugin cadmodel (category:power,tabindex:5)
2023-11-28 15:55:45,218 [INFO] PluginManage:310 - Check plugin clock
2023-11-28 15:55:45,227 [INFO] PluginManage:359 - Loaded plugin clock (category:base,tabindex:2)
2023-11-28 15:55:45,227 [INFO] PluginManage:310 - Check plugin ddr
2023-11-28 15:55:45,229 [INFO] PluginManage:359 - Loaded plugin ddr (category:tool,tabindex:6)
2023-11-28 15:55:45,229 [INFO] PluginManage:310 - Check plugin filemanager
2023-11-28 15:55:45,346 [INFO] PluginManage:359 - Loaded plugin filemanager (category:base,tabindex:10)
2023-11-28 15:55:45,346 [INFO] PluginManage:310 - Check plugin ipmanager
2023-11-28 15:55:45,351 [INFO] PluginManage:359 - Loaded plugin ipmanager (category:base,tabindex:5)
2023-11-28 15:55:45,351 [INFO] PluginManage:310 - Check plugin lpbam
2023-11-28 15:55:45,360 [INFO] PluginManage:359 - Loaded plugin lpbam (category:base,tabindex:0)
2023-11-28 15:55:45,360 [INFO] PluginManage:310 - Check plugin memorymap
2023-11-28 15:55:45,371 [INFO] PluginManage:359 - Loaded plugin memorymap (category:base,tabindex:4)
2023-11-28 15:55:45,372 [INFO] PluginManage:310 - Check plugin pinoutandconfiguration
2023-11-28 15:55:45,379 [INFO] PluginManage:359 - Loaded plugin pinoutandconfiguration (category:base,tabindex:1)
2023-11-28 15:55:45,379 [INFO] PluginManage:310 - Check plugin pinoutconfig
2023-11-28 15:55:45,460 [WARN] SupportedApi:132 - Cannot load RTOS API schema: s4s-elt-must-match.1: The content of 'definitions' must match (annotation?, (simpleType | complexType)?, (unique | key | keyref)*)). A problem was found starting at: attribute.
2023-11-28 15:55:45,589 [INFO] PluginManage:359 - Loaded plugin pinoutconfig (category:base,tabindex:0)
2023-11-28 15:55:45,590 [INFO] PluginManage:310 - Check plugin power
2023-11-28 15:55:45,604 [INFO] PluginManage:359 - Loaded plugin power (category:power,tabindex:4)
2023-11-28 15:55:45,604 [INFO] PluginManage:310 - Check plugin projectmanager
2023-11-28 15:55:45,620 [INFO] PluginManage:359 - Loaded plugin projectmanager (category:projectmanager,tabindex:3)
2023-11-28 15:55:45,620 [INFO] PluginManage:310 - Check plugin thirdparty
2023-11-28 15:55:45,759 [WARN] IntegrityCheckThread:84 - waiting for thirdparty lock release [integrity check]
2023-11-28 15:55:45,759 [INFO] PluginManage:359 - Loaded plugin thirdparty (category:base,tabindex:-1)
2023-11-28 15:55:45,759 [INFO] IntegrityCheckThread:86 - entering critical section [integrity check]
2023-11-28 15:55:45,759 [INFO] PluginManage:310 - Check plugin tools
2023-11-28 15:55:45,760 [INFO] ThirdPartyUpdaterWithRetryManager:70 - Updater plugin not ready yet. [1/15]
2023-11-28 15:55:45,762 [INFO] PluginManage:359 - Loaded plugin tools (category:base,tabindex:7)
2023-11-28 15:55:45,762 [INFO] PluginManage:310 - Check plugin tutovideos
2023-11-28 15:55:45,945 [INFO] PluginManage:359 - Loaded plugin tutovideos (category:base,tabindex:-1)
2023-11-28 15:55:45,946 [INFO] PluginManage:310 - Check plugin updater
2023-11-28 15:55:45,958 [INFO] PluginManage:359 - Loaded plugin updater (category:base,tabindex:12)
2023-11-28 15:55:45,958 [INFO] PluginManage:310 - Check plugin userauth
2023-11-28 15:55:45,963 [INFO] UserAuth:113 - Init User Auth plugin
2023-11-28 15:55:45,963 [INFO] PluginManage:359 - Loaded plugin userauth (category:base,tabindex:14)
2023-11-28 15:55:45,963 [INFO] PluginManage:283 - PluginManage : Loaded plugins [17]
2023-11-28 15:55:46,147 [INFO] PinOutPanel:1499 - setPackage(No Configuration,No Configuration)
2023-11-28 15:55:46,235 [INFO] CADModel:165 - CPN selected for project level
2023-11-28 15:55:46,236 [INFO] CADModel:114 - Register for checkConnection events
2023-11-28 15:55:46,250 [INFO] IPUIPlugin:80 - create IPUIPlugin
2023-11-28 15:55:46,251 [INFO] PluginManager:220 - loadIPPluginJar : add mdma
2023-11-28 15:55:46,258 [INFO] IPUIPlugin:80 - create IPUIPlugin
2023-11-28 15:55:46,258 [INFO] PluginManager:220 - loadIPPluginJar : add i2s
2023-11-28 15:55:46,261 [INFO] IPUIPlugin:80 - create IPUIPlugin
2023-11-28 15:55:46,262 [INFO] PluginManager:220 - loadIPPluginJar : add aes
2023-11-28 15:55:46,263 [INFO] IPUIPlugin:80 - create IPUIPlugin
2023-11-28 15:55:46,264 [INFO] PluginManager:220 - loadIPPluginJar : add ts
2023-11-28 15:55:46,265 [INFO] IPUIPlugin:80 - create IPUIPlugin
2023-11-28 15:55:46,265 [INFO] PluginManager:220 - loadIPPluginJar : add tim
2023-11-28 15:55:46,271 [INFO] IPUIPlugin:80 - create IPUIPlugin
2023-11-28 15:55:46,271 [INFO] PluginManager:220 - loadIPPluginJar : add gic
2023-11-28 15:55:46,275 [INFO] IPUIPlugin:80 - create IPUIPlugin
2023-11-28 15:55:46,276 [INFO] PluginManager:220 - loadIPPluginJar : add gpio
2023-11-28 15:55:46,277 [INFO] IPUIPlugin:80 - create IPUIPlugin
2023-11-28 15:55:46,278 [INFO] PluginManager:220 - loadIPPluginJar : add ucpd
2023-11-28 15:55:46,281 [INFO] IPUIPlugin:80 - create IPUIPlugin
2023-11-28 15:55:46,281 [INFO] PluginManager:220 - loadIPPluginJar : add gfxmmu
2023-11-28 15:55:46,285 [INFO] IPUIPlugin:80 - create IPUIPlugin
2023-11-28 15:55:46,285 [INFO] PluginManager:220 - loadIPPluginJar : add can
2023-11-28 15:55:46,288 [INFO] IPUIPlugin:80 - create IPUIPlugin
2023-11-28 15:55:46,288 [INFO] PluginManager:220 - loadIPPluginJar : add cryp
2023-11-28 15:55:46,295 [INFO] IPUIPlugin:80 - create IPUIPlugin
2023-11-28 15:55:46,295 [INFO] PluginManager:220 - loadIPPluginJar : add stm32_wpan
2023-11-28 15:55:46,297 [INFO] IPUIPlugin:80 - create IPUIPlugin
2023-11-28 15:55:46,297 [INFO] PluginManager:220 - loadIPPluginJar : add genericplugin
2023-11-28 15:55:46,300 [INFO] IPUIPlugin:80 - create IPUIPlugin
2023-11-28 15:55:46,300 [INFO] PluginManager:220 - loadIPPluginJar : add usart
2023-11-28 15:55:46,304 [INFO] IPUIPlugin:80 - create IPUIPlugin
2023-11-28 15:55:46,304 [INFO] PluginManager:220 - loadIPPluginJar : add nvic
2023-11-28 15:55:46,308 [INFO] IPUIPlugin:80 - create IPUIPlugin
2023-11-28 15:55:46,308 [INFO] PluginManager:220 - loadIPPluginJar : add touchsensing
2023-11-28 15:55:46,310 [INFO] IPUIPlugin:80 - create IPUIPlugin
2023-11-28 15:55:46,311 [INFO] PluginManager:220 - loadIPPluginJar : add spi
2023-11-28 15:55:46,318 [INFO] IPUIPlugin:80 - create IPUIPlugin
2023-11-28 15:55:46,318 [INFO] PluginManager:220 - loadIPPluginJar : add linkedlist
2023-11-28 15:55:46,321 [INFO] IPUIPlugin:80 - create IPUIPlugin
2023-11-28 15:55:46,322 [INFO] PluginManager:220 - loadIPPluginJar : add opamp
2023-11-28 15:55:46,324 [INFO] IPUIPlugin:80 - create IPUIPlugin
2023-11-28 15:55:46,325 [INFO] PluginManager:220 - loadIPPluginJar : add sai
2023-11-28 15:55:46,328 [INFO] IPUIPlugin:80 - create IPUIPlugin
2023-11-28 15:55:46,328 [INFO] PluginManager:220 - loadIPPluginJar : add ipddr
2023-11-28 15:55:46,332 [INFO] IPUIPlugin:80 - create IPUIPlugin
2023-11-28 15:55:46,332 [INFO] PluginManager:220 - loadIPPluginJar : add usbx
2023-11-28 15:55:46,333 [INFO] IPUIPlugin:80 - create IPUIPlugin
2023-11-28 15:55:46,334 [INFO] PluginManager:220 - loadIPPluginJar : add tsc
2023-11-28 15:55:46,337 [INFO] IPUIPlugin:80 - create IPUIPlugin
2023-11-28 15:55:46,337 [INFO] PluginManager:220 - loadIPPluginJar : add lorawan
2023-11-28 15:55:46,344 [INFO] IPUIPlugin:80 - create IPUIPlugin
2023-11-28 15:55:46,347 [INFO] PluginManager:220 - loadIPPluginJar : add plateformsettings
2023-11-28 15:55:46,354 [INFO] IPUIPlugin:80 - create IPUIPlugin
2023-11-28 15:55:46,354 [INFO] PluginManager:220 - loadIPPluginJar : add dma
2023-11-28 15:55:46,361 [INFO] IPUIPlugin:80 - create IPUIPlugin
2023-11-28 15:55:46,361 [INFO] PluginManager:220 - loadIPPluginJar : add adc
2023-11-28 15:55:46,363 [INFO] IPUIPlugin:80 - create IPUIPlugin
2023-11-28 15:55:46,363 [INFO] PluginManager:220 - loadIPPluginJar : add ltdc
2023-11-28 15:55:46,367 [INFO] IPUIPlugin:80 - create IPUIPlugin
2023-11-28 15:55:46,368 [INFO] PluginManager:220 - loadIPPluginJar : add fmc
2023-11-28 15:55:46,371 [INFO] IPUIPlugin:80 - create IPUIPlugin
2023-11-28 15:55:46,372 [INFO] PluginManager:220 - loadIPPluginJar : add i3c
2023-11-28 15:55:46,374 [INFO] IPUIPlugin:80 - create IPUIPlugin
2023-11-28 15:55:46,374 [INFO] PluginManager:220 - loadIPPluginJar : add i2c
2023-11-28 15:55:46,376 [INFO] IPUIPlugin:80 - create IPUIPlugin
2023-11-28 15:55:46,377 [INFO] PluginManager:220 - loadIPPluginJar : add hash
2023-11-28 15:55:46,378 [INFO] IPUIPlugin:80 - create IPUIPlugin
2023-11-28 15:55:46,379 [INFO] PluginManager:220 - loadIPPluginJar : add fatfs
2023-11-28 15:55:46,380 [INFO] IPUIPlugin:80 - create IPUIPlugin
2023-11-28 15:55:46,380 [INFO] PluginManager:220 - loadIPPluginJar : add comp
2023-11-28 15:55:46,382 [INFO] IPUIPlugin:80 - create IPUIPlugin
2023-11-28 15:55:46,382 [INFO] PluginManager:220 - loadIPPluginJar : add dfsdm
2023-11-28 15:55:46,386 [INFO] IPUIPlugin:80 - create IPUIPlugin
2023-11-28 15:55:46,386 [INFO] PluginManager:220 - loadIPPluginJar : add resmgrutility
2023-11-28 15:55:46,388 [INFO] IPUIPlugin:80 - create IPUIPlugin
2023-11-28 15:55:46,388 [INFO] PluginManager:220 - loadIPPluginJar : add quadspi
2023-11-28 15:55:46,390 [INFO] IPUIPlugin:80 - create IPUIPlugin
2023-11-28 15:55:46,391 [INFO] PluginManager:220 - loadIPPluginJar : add openamp
2023-11-28 15:55:46,393 [INFO] IPUIPlugin:80 - create IPUIPlugin
2023-11-28 15:55:46,394 [INFO] PluginManager:220 - loadIPPluginJar : add gtzc
2023-11-28 15:55:46,396 [INFO] IPUIPlugin:80 - create IPUIPlugin
2023-11-28 15:55:46,396 [INFO] PluginManager:220 - loadIPPluginJar : add dma3
2023-11-28 15:55:46,399 [INFO] IPUIPlugin:80 - create IPUIPlugin
2023-11-28 15:55:46,399 [INFO] PluginManager:220 - loadIPPluginJar : add pdm2pcm
2023-11-28 15:55:46,400 [INFO] IPUIPlugin:80 - create IPUIPlugin
2023-11-28 15:55:46,401 [INFO] PluginManager:220 - loadIPPluginJar : add tracer_emb
2023-11-28 15:55:46,406 [INFO] IPUIPlugin:80 - create IPUIPlugin
2023-11-28 15:55:46,406 [INFO] PluginManager:220 - loadIPPluginJar : add freertos
2023-11-28 15:55:46,516 [INFO] CADModel:165 - CPN selected for project level
2023-11-28 15:55:46,516 [INFO] CADModel:114 - Register for checkConnection events
2023-11-28 15:55:46,517 [FATAL] Updater:308 - Updater called before beeing initialized
2023-11-28 15:55:46,518 [ERROR] CADModel:125 - Updater not yet initialized, retry later 
2023-11-28 15:55:46,729 [INFO] CADModel:165 - CPN selected for project level
2023-11-28 15:55:46,729 [INFO] CADModel:114 - Register for checkConnection events
2023-11-28 15:55:46,729 [FATAL] Updater:308 - Updater called before beeing initialized
2023-11-28 15:55:46,729 [ERROR] CADModel:125 - Updater not yet initialized, retry later 
2023-11-28 15:55:46,733 [FATAL] Updater:308 - Updater called before beeing initialized
2023-11-28 15:55:46,824 [FATAL] Updater:308 - Updater called before beeing initialized
2023-11-28 15:55:46,831 [INFO] DbMcusAds:53 - JSON generation date=Tue Mar 07 10:50:55 EET 2023 (1678179055335)
2023-11-28 15:55:46,831 [FATAL] Updater:308 - Updater called before beeing initialized
2023-11-28 15:55:46,865 [WARN] DetailPanel:346 - Failed to get advertising image, set to default
2023-11-28 15:55:46,951 [FATAL] Updater:308 - Updater called before beeing initialized
2023-11-28 15:55:46,952 [FATAL] Updater:308 - Updater called before beeing initialized
2023-11-28 15:55:46,952 [FATAL] Updater:308 - Updater called before beeing initialized
2023-11-28 15:55:46,953 [WARN] DetailPanel:346 - Failed to get advertising image, set to default
2023-11-28 15:55:46,953 [FATAL] Updater:308 - Updater called before beeing initialized
2023-11-28 15:55:46,978 [ERROR] Updater:1120 - MainUpdater not yet initialized. External WinMGr cannot be set.
2023-11-28 15:55:46,980 [INFO] Updater:1056 - Updater Version found : 6.9.2
2023-11-28 15:55:46,995 [INFO] ApplicationProperties:184 - Using Application install path: /opt/st/stm32cubeide_1.13.2/plugins/com.st.stm32cube.common.mx_6.9.2.202309101412
2023-11-28 15:55:47,270 [INFO] MainUpdater:2868 - connection check result : 10
2023-11-28 15:55:47,272 [INFO] MainUpdater:285 - Updater Check For Update Now.
2023-11-28 15:55:47,272 [INFO] MicroXplorer:498 - Change Database Version : DB.6.0.92
2023-11-28 15:55:47,285 [INFO] McuFinderGlobals:63 - Set McuFinder mode to 2 (CubeIDE integrated)
2023-11-28 15:55:47,286 [INFO] UserAuth:179 - activating auth plugin
2023-11-28 15:55:47,292 [INFO] UserAuth:393 - Internet connection configuration mode: 1
2023-11-28 15:55:47,313 [INFO] JxBrowserEngine:151 - Initiate JxBrowser Engine with user profile folder
2023-11-28 15:55:47,498 [INFO] CheckServerUpdateThread:120 - End of CheckServer Thread
2023-11-28 15:55:48,115 [INFO] WebApp:157 - Instantiating new browser for Auth
2023-11-28 15:55:48,914 [WARN] PackLoader:240 - Cannot read IP mode file for STMicroelectronics.X-CUBE-SMBUS.2.1.0
2023-11-28 15:55:48,943 [WARN] PackLoader:240 - Cannot read IP mode file for STMicroelectronics.X-CUBE-AZRTOS-F7.1.1.0
2023-11-28 15:55:48,953 [WARN] PackLoader:240 - Cannot read IP mode file for STMicroelectronics.FP-SNS-MOTENV1.4.3.2
2023-11-28 15:55:48,958 [WARN] PackLoader:240 - Cannot read IP mode file for STMicroelectronics.FP-SNS-FLIGHT1.5.0.2
2023-11-28 15:55:48,965 [WARN] PackLoader:240 - Cannot read IP mode file for STMicroelectronics.X-CUBE-DISPLAY.3.0.0
2023-11-28 15:55:48,976 [WARN] PackLoader:240 - Cannot read IP mode file for STMicroelectronics.X-CUBE-BLE1.7.0.0
2023-11-28 15:55:48,980 [WARN] PackLoader:240 - Cannot read IP mode file for emotas.I-CUBE-CANOPEN.1.3.0
2023-11-28 15:55:48,983 [WARN] PackLoader:240 - Cannot read IP mode file for STMicroelectronics.X-CUBE-TOUCHGFX.4.22.1
2023-11-28 15:55:48,987 [WARN] PackLoader:240 - Cannot read IP mode file for STMicroelectronics.FP-SNS-SMARTAG2.1.2.0
2023-11-28 15:55:48,996 [INFO] LogOutputStream:77 - [STDOUT_REDIRECT] 1 : Invalid condition id : UX_CORESTACK_Condition cause : null
2023-11-28 15:55:48,997 [INFO] LogOutputStream:77 - [STDOUT_REDIRECT] 1 : Invalid condition id : UX_CORESTACK_Condition cause : null
2023-11-28 15:55:48,997 [INFO] LogOutputStream:77 - [STDOUT_REDIRECT] 1 : Invalid condition id : UX_CORESTACK_Condition cause : null
2023-11-28 15:55:48,997 [INFO] LogOutputStream:77 - [STDOUT_REDIRECT] 1 : Invalid condition id : UX_CORESTACK_Condition cause : null
2023-11-28 15:55:48,997 [INFO] LogOutputStream:77 - [STDOUT_REDIRECT] 1 : Invalid condition id : UX_CORESTACK_Condition cause : null
2023-11-28 15:55:49,001 [WARN] PackLoader:240 - Cannot read IP mode file for STMicroelectronics.X-CUBE-AZRTOS-WL.2.0.0
2023-11-28 15:55:49,013 [WARN] PackLoader:240 - Cannot read IP mode file for WES.I-CUBE-Cesium.1.3.0
2023-11-28 15:55:49,018 [WARN] PackLoader:240 - Cannot read IP mode file for STMicroelectronics.X-CUBE-BLE2.3.3.0
2023-11-28 15:55:49,024 [WARN] PackLoader:240 - Cannot read IP mode file for STMicroelectronics.X-CUBE-ALGOBUILD.1.3.0
2023-11-28 15:55:49,040 [WARN] PackLoader:240 - Cannot read IP mode file for STMicroelectronics.X-CUBE-AZRTOS-G0.1.1.0
2023-11-28 15:55:49,047 [WARN] PackLoader:240 - Cannot read IP mode file for STMicroelectronics.X-CUBE-NFC4.3.0.0
2023-11-28 15:55:49,055 [WARN] PackLoader:240 - Cannot read IP mode file for STMicroelectronics.X-CUBE-BLEMGR.3.0.0
2023-11-28 15:55:49,059 [WARN] PackLoader:240 - Cannot read IP mode file for STMicroelectronics.FP-ATR-SIGFOX1.3.2.0
2023-11-28 15:55:49,087 [WARN] PackLoader:240 - Cannot read IP mode file for SEGGER.I-CUBE-embOS.1.3.1
2023-11-28 15:55:49,126 [WARN] PackLoader:240 - Cannot read IP mode file for STMicroelectronics.X-CUBE-GNSS1.6.0.0
2023-11-28 15:55:49,140 [WARN] PackLoader:240 - Cannot read IP mode file for STMicroelectronics.X-CUBE-AZRTOS-F4.1.1.0
2023-11-28 15:55:49,145 [WARN] PackLoader:240 - Cannot read IP mode file for wolfSSL.I-CUBE-wolfSSL.5.6.3
2023-11-28 15:55:49,157 [WARN] PackLoader:240 - Cannot read IP mode file for STMicroelectronics.X-CUBE-AZRTOS-L5.2.0.0
2023-11-28 15:55:49,201 [WARN] PackLoader:240 - Cannot read IP mode file for STMicroelectronics.X-CUBE-MEMS1.9.6.0
2023-11-28 15:55:49,398 [WARN] PackLoader:240 - Cannot read IP mode file for STMicroelectronics.X-CUBE-EEPRMA1.4.2.0
2023-11-28 15:55:49,402 [WARN] PackLoader:240 - Cannot read IP mode file for ITTIA_DB.I-CUBE-ITTIADB.8.8.0
2023-11-28 15:55:49,407 [WARN] PackLoader:240 - Cannot read IP mode file for STMicroelectronics.X-CUBE-BLEMGR.2.0.0
2023-11-28 15:55:49,420 [WARN] ConditionMgr:438 - getConditionDescription Invalid condition id : UX DEVICE CLASS RTOS Condition cause : null
2023-11-28 15:55:49,421 [WARN] ConditionMgr:438 - getConditionDescription Invalid condition id : UX DEVICE CLASS RTOS Condition cause : null
2023-11-28 15:55:49,423 [WARN] PackLoader:240 - Cannot read IP mode file for STMicroelectronics.X-CUBE-AZRTOS-H7.3.1.0
2023-11-28 15:55:49,424 [WARN] ConditionMgr:1039 - genDependencies : Invalid condition id : UX DEVICE CLASS RTOS Condition cause : null
2023-11-28 15:55:49,424 [WARN] ConditionMgr:1039 - genDependencies : Invalid condition id : UX DEVICE CLASS RTOS Condition cause : null
2023-11-28 15:55:49,425 [WARN] ConditionMgr:1039 - genDependencies : Invalid condition id : UX DEVICE CLASS RTOS Condition cause : null
2023-11-28 15:55:49,425 [WARN] ConditionMgr:1039 - genDependencies : Invalid condition id : UX DEVICE CLASS RTOS Condition cause : null
2023-11-28 15:55:49,425 [WARN] ConditionMgr:1039 - genDependencies : Invalid condition id : UX DEVICE CLASS RTOS Condition cause : null
2023-11-28 15:55:49,429 [WARN] PackLoader:240 - Cannot read IP mode file for STMicroelectronics.X-CUBE-NFC7.1.0.1
2023-11-28 15:55:49,434 [WARN] PackLoader:240 - Cannot read IP mode file for STMicroelectronics.X-CUBE-NFC6.3.0.0
2023-11-28 15:55:49,439 [WARN] PackLoader:240 - Cannot read IP mode file for STMicroelectronics.X-CUBE-EEPRMA1.4.1.0
2023-11-28 15:55:49,442 [WARN] PackLoader:240 - Cannot read IP mode file for STMicroelectronics.X-CUBE-AI.8.1.0
2023-11-28 15:55:49,462 [WARN] ConditionMgr:438 - getConditionDescription Invalid condition id : LAN8742 Phy interface Condition cause : null
2023-11-28 15:55:49,463 [WARN] PackLoader:240 - Cannot read IP mode file for STMicroelectronics.X-CUBE-AZRTOS-L4.2.0.0
2023-11-28 15:55:49,463 [WARN] ConditionMgr:1039 - genDependencies : Invalid condition id : LAN8742 Phy interface Condition cause : null
2023-11-28 15:55:49,464 [WARN] ConditionMgr:1039 - genDependencies : Invalid condition id : LAN8742 Phy interface Condition cause : null
2023-11-28 15:55:49,464 [WARN] ConditionMgr:1039 - genDependencies : Invalid condition id : LAN8742 Phy interface Condition cause : null
2023-11-28 15:55:49,469 [WARN] PackLoader:240 - Cannot read IP mode file for STMicroelectronics.X-CUBE-SFXS2LP1.4.0.0
2023-11-28 15:55:49,481 [WARN] PackLoader:240 - Cannot read IP mode file for STMicroelectronics.X-CUBE-ISPU.1.1.0
2023-11-28 15:55:49,496 [WARN] ConditionMgr:438 - getConditionDescription Invalid condition id : UX DEVICE CLASS RTOS Condition cause : null
2023-11-28 15:55:49,497 [WARN] ConditionMgr:438 - getConditionDescription Invalid condition id : UX DEVICE CLASS RTOS Condition cause : null
2023-11-28 15:55:49,500 [WARN] PackLoader:240 - Cannot read IP mode file for STMicroelectronics.X-CUBE-AZRTOS-WB.2.0.0
2023-11-28 15:55:49,500 [WARN] ConditionMgr:1039 - genDependencies : Invalid condition id : UX DEVICE CLASS RTOS Condition cause : null
2023-11-28 15:55:49,501 [WARN] ConditionMgr:1039 - genDependencies : Invalid condition id : UX DEVICE CLASS RTOS Condition cause : null
2023-11-28 15:55:49,501 [WARN] ConditionMgr:1039 - genDependencies : Invalid condition id : UX DEVICE CLASS RTOS Condition cause : null
2023-11-28 15:55:49,502 [WARN] ConditionMgr:1039 - genDependencies : Invalid condition id : UX DEVICE CLASS RTOS Condition cause : null
2023-11-28 15:55:49,502 [WARN] ConditionMgr:1039 - genDependencies : Invalid condition id : UX DEVICE CLASS RTOS Condition cause : null
2023-11-28 15:55:49,514 [WARN] PackLoader:240 - Cannot read IP mode file for STMicroelectronics.X-CUBE-SUBG2.5.0.0
2023-11-28 15:55:49,529 [WARN] PackLoader:240 - Cannot read IP mode file for STMicroelectronics.X-CUBE-TOF1.3.3.1
2023-11-28 15:55:49,546 [WARN] PackLoader:240 - Cannot read IP mode file for STMicroelectronics.X-CUBE-AZRTOS-G4.2.0.0
2023-11-28 15:55:49,557 [WARN] PackLoader:240 - Cannot read IP mode file for Infineon.AIROC-Wi-Fi-Bluetooth-STM32.1.5.1
2023-11-28 15:55:49,562 [WARN] PackLoader:240 - Cannot read IP mode file for STMicroelectronics.FP-SNS-MOTENVWB1.1.3.0
2023-11-28 15:55:49,592 [WARN] PackLoader:240 - Cannot read IP mode file for STMicroelectronics.X-CUBE-MEMS1.10.0.0
2023-11-28 15:55:49,710 [WARN] PackLoader:240 - Cannot read IP mode file for STMicroelectronics.X-CUBE-FREERTOS.1.1.0
2023-11-28 15:55:49,715 [WARN] PackLoader:240 - Cannot read IP mode file for portGmbH.I-Cube-SoM-uGOAL.1.1.0
2023-11-28 15:55:49,719 [WARN] PackLoader:240 - Cannot read IP mode file for STMicroelectronics.X-CUBE-ALS.1.0.1
2023-11-28 15:55:49,722 [WARN] PackLoader:240 - Cannot read IP mode file for STMicroelectronics.FP-ATR-ASTRA1.2.0.0
2023-11-28 15:55:49,735 [WARN] PackLoader:240 - Cannot read IP mode file for STMicroelectronics.X-CUBE-TOF1.3.4.0
2023-11-28 15:55:49,751 [INFO] ThirdParty:978 - Integrity check success = true
2023-11-28 15:55:49,751 [INFO] IntegrityCheckThread:100 - exiting critical section [integrity check]
2023-11-28 15:55:49,751 [INFO] IntegrityCheckThread:103 - End integrity checks thread
2023-11-28 15:55:50,529 [INFO] WebApp:753 - Register for checkConnection events
2023-11-28 15:55:50,529 [INFO] WebApp:390 - Apply proxy settings
2023-11-28 15:55:50,530 [INFO] WebApp:475 - Chromium requires no authentication
2023-11-28 15:55:50,535 [INFO] WebApp:418 - Direct internet connection detected
2023-11-28 15:55:50,650 [INFO] WebApp:188 - Starting web application
2023-11-28 15:55:50,650 [INFO] WebApp:520 - Web application path used /opt/st/stm32cubeide_1.13.2/plugins/com.st.stm32cube.common.mx_6.9.2.202309101412/db/plugins/mcufinder/reactClient1/index.html
2023-11-28 15:56:00,329 [INFO] McuFinderGlobals:63 - Set McuFinder mode to 2 (CubeIDE integrated)
2023-11-28 15:56:00,332 [INFO] MainUpdater:2868 - connection check result : 10
2023-11-28 15:56:00,333 [INFO] McuFinderGlobals:76 - Set McuFinderConnectedMode to true
2023-11-28 15:56:00,747 [ERROR] LogOutputStream:75 - [STDERR_REDIRECT] Exception in thread "AWT-EventQueue-0" java.lang.NullPointerException: Cannot read field "width" because "this.componentInnards" is null
2023-11-28 15:56:00,747 [INFO] ServerAccessManage:473 - Download File mcusAds.json._tmp_
2023-11-28 15:56:00,748 [ERROR] LogOutputStream:75 - [STDERR_REDIRECT] 	at java.desktop/javax.swing.plaf.basic.BasicProgressBarUI.updateSizes(BasicProgressBarUI.java:542)
2023-11-28 15:56:00,748 [ERROR] LogOutputStream:75 - [STDERR_REDIRECT] 	at java.desktop/javax.swing.plaf.basic.BasicProgressBarUI.getBox(BasicProgressBarUI.java:499)
2023-11-28 15:56:00,748 [ERROR] LogOutputStream:75 - [STDERR_REDIRECT] 	at java.desktop/javax.swing.plaf.metal.MetalProgressBarUI.paintIndeterminate(MetalProgressBarUI.java:168)
2023-11-28 15:56:00,748 [ERROR] LogOutputStream:75 - [STDERR_REDIRECT] 	at java.desktop/javax.swing.plaf.basic.BasicProgressBarUI.paint(BasicProgressBarUI.java:464)
2023-11-28 15:56:00,749 [ERROR] LogOutputStream:75 - [STDERR_REDIRECT] 	at java.desktop/javax.swing.plaf.ComponentUI.update(ComponentUI.java:161)
2023-11-28 15:56:00,749 [ERROR] LogOutputStream:75 - [STDERR_REDIRECT] 	at java.desktop/javax.swing.JComponent.paintComponent(JComponent.java:842)
2023-11-28 15:56:00,749 [ERROR] LogOutputStream:75 - [STDERR_REDIRECT] 	at java.desktop/javax.swing.JComponent.paint(JComponent.java:1119)
2023-11-28 15:56:00,749 [ERROR] LogOutputStream:75 - [STDERR_REDIRECT] 	at java.desktop/javax.swing.JComponent.paintToOffscreen(JComponent.java:5311)
2023-11-28 15:56:00,749 [ERROR] LogOutputStream:75 - [STDERR_REDIRECT] 	at java.desktop/javax.swing.BufferStrategyPaintManager.paint(BufferStrategyPaintManager.java:246)
2023-11-28 15:56:00,750 [ERROR] LogOutputStream:75 - [STDERR_REDIRECT] 	at java.desktop/javax.swing.RepaintManager.paint(RepaintManager.java:1337)
2023-11-28 15:56:00,750 [ERROR] LogOutputStream:75 - [STDERR_REDIRECT] 	at java.desktop/javax.swing.JComponent._paintImmediately(JComponent.java:5259)
2023-11-28 15:56:00,750 [ERROR] LogOutputStream:75 - [STDERR_REDIRECT] 	at java.desktop/javax.swing.JComponent.paintImmediately(JComponent.java:5069)
2023-11-28 15:56:00,750 [ERROR] LogOutputStream:75 - [STDERR_REDIRECT] 	at java.desktop/javax.swing.RepaintManager$4.run(RepaintManager.java:879)
2023-11-28 15:56:00,750 [ERROR] LogOutputStream:75 - [STDERR_REDIRECT] 	at java.desktop/javax.swing.RepaintManager$4.run(RepaintManager.java:862)
2023-11-28 15:56:00,751 [ERROR] LogOutputStream:75 - [STDERR_REDIRECT] 	at java.base/java.security.AccessController.doPrivileged(AccessController.java:399)
2023-11-28 15:56:00,751 [ERROR] LogOutputStream:75 - [STDERR_REDIRECT] 	at java.base/java.security.ProtectionDomain$JavaSecurityAccessImpl.doIntersectionPrivilege(ProtectionDomain.java:86)
2023-11-28 15:56:00,751 [ERROR] LogOutputStream:75 - [STDERR_REDIRECT] 	at java.desktop/javax.swing.RepaintManager.paintDirtyRegions(RepaintManager.java:862)
2023-11-28 15:56:00,751 [ERROR] LogOutputStream:75 - [STDERR_REDIRECT] 	at java.desktop/javax.swing.RepaintManager.paintDirtyRegions(RepaintManager.java:835)
2023-11-28 15:56:00,751 [ERROR] LogOutputStream:75 - [STDERR_REDIRECT] 	at java.desktop/javax.swing.RepaintManager.prePaintDirtyRegions(RepaintManager.java:784)
2023-11-28 15:56:00,752 [ERROR] LogOutputStream:75 - [STDERR_REDIRECT] 	at java.desktop/javax.swing.RepaintManager$ProcessingRunnable.run(RepaintManager.java:1898)
2023-11-28 15:56:00,752 [ERROR] LogOutputStream:75 - [STDERR_REDIRECT] 	at java.desktop/java.awt.event.InvocationEvent.dispatch(InvocationEvent.java:318)
2023-11-28 15:56:00,752 [ERROR] LogOutputStream:75 - [STDERR_REDIRECT] 	at java.desktop/java.awt.EventQueue.dispatchEventImpl(EventQueue.java:771)
2023-11-28 15:56:00,752 [ERROR] LogOutputStream:75 - [STDERR_REDIRECT] 	at java.desktop/java.awt.EventQueue$4.run(EventQueue.java:722)
2023-11-28 15:56:00,752 [ERROR] LogOutputStream:75 - [STDERR_REDIRECT] 	at java.desktop/java.awt.EventQueue$4.run(EventQueue.java:716)
2023-11-28 15:56:00,752 [ERROR] LogOutputStream:75 - [STDERR_REDIRECT] 	at java.base/java.security.AccessController.doPrivileged(AccessController.java:399)
2023-11-28 15:56:00,753 [ERROR] LogOutputStream:75 - [STDERR_REDIRECT] 	at java.base/java.security.ProtectionDomain$JavaSecurityAccessImpl.doIntersectionPrivilege(ProtectionDomain.java:86)
2023-11-28 15:56:00,753 [ERROR] LogOutputStream:75 - [STDERR_REDIRECT] 	at java.desktop/java.awt.EventQueue.dispatchEvent(EventQueue.java:741)
2023-11-28 15:56:00,753 [ERROR] LogOutputStream:75 - [STDERR_REDIRECT] 	at java.desktop/java.awt.EventDispatchThread.pumpOneEventForFilters(EventDispatchThread.java:203)
2023-11-28 15:56:00,753 [ERROR] LogOutputStream:75 - [STDERR_REDIRECT] 	at java.desktop/java.awt.EventDispatchThread.pumpEventsForFilter(EventDispatchThread.java:124)
2023-11-28 15:56:00,753 [ERROR] LogOutputStream:75 - [STDERR_REDIRECT] 	at java.desktop/java.awt.EventDispatchThread.pumpEventsForFilter(EventDispatchThread.java:117)
2023-11-28 15:56:00,754 [ERROR] LogOutputStream:75 - [STDERR_REDIRECT] 	at java.desktop/java.awt.WaitDispatchSupport$2.run(WaitDispatchSupport.java:191)
2023-11-28 15:56:00,754 [ERROR] LogOutputStream:75 - [STDERR_REDIRECT] 	at java.desktop/java.awt.WaitDispatchSupport$4.run(WaitDispatchSupport.java:236)
2023-11-28 15:56:00,754 [ERROR] LogOutputStream:75 - [STDERR_REDIRECT] 	at java.desktop/java.awt.WaitDispatchSupport$4.run(WaitDispatchSupport.java:234)
2023-11-28 15:56:00,754 [ERROR] LogOutputStream:75 - [STDERR_REDIRECT] 	at java.base/java.security.AccessController.doPrivileged(AccessController.java:318)
2023-11-28 15:56:00,754 [ERROR] LogOutputStream:75 - [STDERR_REDIRECT] 	at java.desktop/java.awt.WaitDispatchSupport.enter(WaitDispatchSupport.java:234)
2023-11-28 15:56:00,755 [ERROR] LogOutputStream:75 - [STDERR_REDIRECT] 	at java.desktop/java.awt.Dialog.show(Dialog.java:1080)
2023-11-28 15:56:00,755 [ERROR] LogOutputStream:75 - [STDERR_REDIRECT] 	at com.st.microxplorer.plugins.updater.gui.ProgressBarDialog.startProgressBar(ProgressBarDialog.java:154)
2023-11-28 15:56:00,755 [ERROR] LogOutputStream:75 - [STDERR_REDIRECT] 	at com.st.microxplorer.plugins.updater.engine.MainUpdater.loadUrlFiles(MainUpdater.java:2516)
2023-11-28 15:56:00,755 [ERROR] LogOutputStream:75 - [STDERR_REDIRECT] 	at com.st.microxplorer.plugins.updater.Updater.getSpecificTask(Updater.java:366)
2023-11-28 15:56:00,755 [ERROR] LogOutputStream:75 - [STDERR_REDIRECT] 	at com.st.microxplorer.mcufinder.gui.WebUtils.downloadDbFile(WebUtils.java:614)
2023-11-28 15:56:00,756 [ERROR] LogOutputStream:75 - [STDERR_REDIRECT] 	at com.st.microxplorer.mcufinder.gui.WebUtils.downloadDbFiles(WebUtils.java:760)
2023-11-28 15:56:00,756 [ERROR] LogOutputStream:75 - [STDERR_REDIRECT] 	at com.st.stm32cube.common.mx.targetselector.TargetSelectorAdapter$5.run(TargetSelectorAdapter.java:257)
2023-11-28 15:56:00,756 [ERROR] LogOutputStream:75 - [STDERR_REDIRECT] 	at com.st.stm32cube.common.mx.oss.core.awtswtbridge.AwtEnvironment$2.run(AwtEnvironment.java:166)
2023-11-28 15:56:00,756 [ERROR] LogOutputStream:75 - [STDERR_REDIRECT] 	at java.desktop/java.awt.event.InvocationEvent.dispatch(InvocationEvent.java:318)
2023-11-28 15:56:00,757 [ERROR] LogOutputStream:75 - [STDERR_REDIRECT] 	at java.desktop/java.awt.EventQueue.dispatchEventImpl(EventQueue.java:771)
2023-11-28 15:56:00,757 [ERROR] LogOutputStream:75 - [STDERR_REDIRECT] 	at java.desktop/java.awt.EventQueue$4.run(EventQueue.java:722)
2023-11-28 15:56:00,757 [ERROR] LogOutputStream:75 - [STDERR_REDIRECT] 	at java.desktop/java.awt.EventQueue$4.run(EventQueue.java:716)
2023-11-28 15:56:00,757 [ERROR] LogOutputStream:75 - [STDERR_REDIRECT] 	at java.base/java.security.AccessController.doPrivileged(AccessController.java:399)
2023-11-28 15:56:00,757 [ERROR] LogOutputStream:75 - [STDERR_REDIRECT] 	at java.base/java.security.ProtectionDomain$JavaSecurityAccessImpl.doIntersectionPrivilege(ProtectionDomain.java:86)
2023-11-28 15:56:00,757 [ERROR] LogOutputStream:75 - [STDERR_REDIRECT] 	at java.desktop/java.awt.EventQueue.dispatchEvent(EventQueue.java:741)
2023-11-28 15:56:00,757 [ERROR] LogOutputStream:75 - [STDERR_REDIRECT] 	at java.desktop/java.awt.EventDispatchThread.pumpOneEventForFilters(EventDispatchThread.java:203)
2023-11-28 15:56:00,758 [ERROR] LogOutputStream:75 - [STDERR_REDIRECT] 	at java.desktop/java.awt.EventDispatchThread.pumpEventsForFilter(EventDispatchThread.java:124)
2023-11-28 15:56:00,758 [ERROR] LogOutputStream:75 - [STDERR_REDIRECT] 	at java.desktop/java.awt.EventDispatchThread.pumpEventsForHierarchy(EventDispatchThread.java:113)
2023-11-28 15:56:00,758 [ERROR] LogOutputStream:75 - [STDERR_REDIRECT] 	at java.desktop/java.awt.EventDispatchThread.pumpEvents(EventDispatchThread.java:109)
2023-11-28 15:56:00,758 [ERROR] LogOutputStream:75 - [STDERR_REDIRECT] 	at java.desktop/java.awt.EventDispatchThread.pumpEvents(EventDispatchThread.java:101)
2023-11-28 15:56:00,758 [ERROR] LogOutputStream:75 - [STDERR_REDIRECT] 	at java.desktop/java.awt.EventDispatchThread.run(EventDispatchThread.java:90)
2023-11-28 15:56:00,851 [INFO] LoadUrlFilesThread:156 - End of LoadUrlFiles Thread
2023-11-28 15:56:01,163 [INFO] ServerAccessManage:473 - Download File cube-finder-db.zip
2023-11-28 15:56:11,052 [ERROR] LogOutputStream:75 - [STDERR_REDIRECT] SLF4J: Failed to load class "org.slf4j.impl.StaticLoggerBinder".
2023-11-28 15:56:11,052 [ERROR] LogOutputStream:75 - [STDERR_REDIRECT] SLF4J: Defaulting to no-operation (NOP) logger implementation
2023-11-28 15:56:11,052 [ERROR] LogOutputStream:75 - [STDERR_REDIRECT] SLF4J: See http://www.slf4j.org/codes.html#StaticLoggerBinder for further details.
2023-11-28 15:56:12,161 [INFO] FileExtend:240 - Unzip File : cube-finder-db.zip
2023-11-28 15:56:12,161 [INFO] FileExtend:255 - Standard Zip Deflate
2023-11-28 15:56:12,835 [INFO] LoadUrlFilesThread:156 - End of LoadUrlFiles Thread
2023-11-28 15:56:13,354 [INFO] ServerAccessManage:473 - Download File crdb.zip
2023-11-28 15:56:13,773 [INFO] FileExtend:240 - Unzip File : crdb.zip
2023-11-28 15:56:13,773 [INFO] FileExtend:255 - Standard Zip Deflate
2023-11-28 15:56:13,901 [INFO] LoadUrlFilesThread:156 - End of LoadUrlFiles Thread
2023-11-28 15:56:14,078 [INFO] ServerAccessManage:473 - Download File tutoVideoDB.zip
2023-11-28 15:56:14,116 [INFO] FileExtend:240 - Unzip File : tutoVideoDB.zip
2023-11-28 15:56:14,116 [INFO] FileExtend:255 - Standard Zip Deflate
2023-11-28 15:56:14,223 [INFO] LoadUrlFilesThread:156 - End of LoadUrlFiles Thread
2023-11-28 15:56:14,226 [WARN] DbFile:41 - Overriding database path with different value: /home/mustafa/.stmcufinder/plugins/mcufinder/ => /home/mustafa/.stmcufinder/plugins/mcufinder
2023-11-28 15:56:14,396 [INFO] ServerAccessManage:473 - Download File api_config.json
2023-11-28 15:56:14,502 [INFO] LoadUrlFilesThread:156 - End of LoadUrlFiles Thread
2023-11-28 15:56:14,504 [INFO] DbMcusAds:53 - JSON generation date=Tue Mar 07 10:50:55 EET 2023 (1678179055335)
2023-11-28 15:56:14,539 [INFO] LoadUrlFilesThread:185 - End of LoadServerUrlFiles without Thread
2023-11-28 15:56:14,540 [INFO] TargetSelectorAdapter:259 - Refresh data is successful
2023-11-28 15:56:14,631 [INFO] ApiDb:581 - Connected to CubeFinder SQLite database (/home/mustafa/.stmcufinder/plugins/mcufinder/mcu/cube-finder-db.db)
2023-11-28 15:56:14,694 [INFO] ApiDb:668 - CubeFinder database Data Model version=2.1
2023-11-28 15:56:14,695 [INFO] ApiDb:669 - CubeFinder database Configuration version=3.0.39
2023-11-28 15:56:14,695 [INFO] ApiDb:670 - CubeFinder database generation date=2023-11-06 (1699269565)
2023-11-28 15:56:14,695 [INFO] ApiDb:671 - CubeFinder database FW Pack versions=[FP-ATR-ASTRA1_V2.0.0, FP-SNS-FLIGHT1_V5.0.1, FP-SNS-FLIGHT1_V5.0.2, FP-SNS-MOTENV1_V4.3.1, FP-SNS-MOTENV1_V4.3.2, FP-SNS-MOTENVWB1_V1.3.0, FP-SNS-SMARTAG2_V1.2.0, STM32Cube_FW_C0_V1.1.0, STM32Cube_FW_F4_V1.28.0, STM32Cube_FW_F7_V1.17.0, STM32Cube_FW_G0_V1.6.1, STM32Cube_FW_G4_V1.5.1, STM32Cube_FW_H5_V0.5.1, STM32Cube_FW_H5_V1.1.1, STM32Cube_FW_H5_V1.2.0RC2, STM32Cube_FW_H7_V1.11.0, STM32Cube_FW_L0_V1.12.2, STM32Cube_FW_L5_V1.5.0, STM32Cube_FW_U5_V1.3.0RC4, STM32Cube_FW_U5_V1.4.0, STM32Cube_FW_WBA_V1.0.0RC1, STM32Cube_FW_WBA_V1.1.0RC1, STM32Cube_FW_WBA_V1.2.0, STM32Cube_FW_WBA_V1.2.0RC2, STM32Cube_FW_WB_V1.15.0RC1, STM32Cube_FW_WB_V1.16.0, STM32Cube_FW_WB_V1.16.0RC2, STM32Cube_FW_WB_V1.18.0, STM32Cube_FW_WL_V1.3.0, X-CUBE-ALGOBUILD_V1.3.0, X-CUBE-ALS_V1.0.1, X-CUBE-AZRTOS-F4_V1.1.0, X-CUBE-AZRTOS-F7_V1.1.0, X-CUBE-AZRTOS-G0_V1.1.0, X-CUBE-AZRTOS-G4_V2.0.0, X-CUBE-AZRTOS-H7_V3.1.0, X-CUBE-AZRTOS-L4_V1.0.0, X-CUBE-AZRTOS-L4_V2.0.0, X-CUBE-AZRTOS-L5_V1.1.0, X-CUBE-AZRTOS-WB_V2.0.0, X-CUBE-AZRTOS-WL_V2.0.0, X-CUBE-BLE1_V7.0.0, X-CUBE-BLE2_V3.3.0, X-CUBE-BLEMGR_V2.0.0, X-CUBE-EEPRMA1_V4.1.0, X-CUBE-EEPRMA1_V4.2.0, X-CUBE-FREERTOS_V1.1.0, X-CUBE-GNSS1_V6.0.0, X-CUBE-MEMS1_V10.0.0, X-CUBE-MEMS1_V9.1.0, X-CUBE-MEMS1_V9.4.0, X-CUBE-MEMS1_V9.6.0, X-CUBE-NFC4_V3.0.0, X-CUBE-NFC7_V1.0.1, X-CUBE-SFXS2LP1_V4.0.0, X-CUBE-SUBG2_V5.0.0, X-CUBE-TOF1_V3.3.1]
2023-11-28 15:56:16,931 [INFO] ApiDb:240 - Found 323 in-development CPN: [B-G473E-ZEST1S, B-WB1M-WPAN1, B-WL5M-SUBG1, NUCLEO-C031C6, NUCLEO-H503RB, NUCLEO-H563ZI, NUCLEO-U545RE-Q, NUCLEO-U5A5ZJ-Q, NUCLEO-WBA52CG, STEVAL-PROTEUS1, STEVAL-SMARTAG2, STEVAL-STWINBX1, STM320518-EVAL, STM32C0116-DK, STM32C011D6Y3TR, STM32C011D6Y6TR, STM32C011F4P3, STM32C011F4P6, STM32C011F4U3, STM32C011F4U6TR, STM32C011F6P3, STM32C011F6P6, STM32C011F6U3, STM32C011F6U6TR, STM32C011J4M3, STM32C011J4M6, STM32C011J6M3, STM32C011J6M6, STM32C0316-DK, STM32C031C4T3, STM32C031C4T6, STM32C031C4U3, STM32C031C4U6, STM32C031C6T3, STM32C031C6T6, STM32C031C6U3, STM32C031C6U6, STM32C031F4P3, STM32C031F4P6, STM32C031F6P3, STM32C031F6P6, STM32C031G4U3, STM32C031G4U6, STM32C031G6U3, STM32C031G6U6, STM32C031K4T3, STM32C031K4T6, STM32C031K4U3, STM32C031K4U6, STM32C031K6T3, STM32C031K6T6, STM32C031K6U3, STM32C031K6U6, STM32G071K8TXN, STM32G071K8UXN, STM32G081GBU6N, STM32G081KBT6N, STM32G081KBUXN, STM32G0B1CCT6N, STM32G0B1KCT6, STM32G0B1NEY6TR, STM32G0B1RCT6N, STM32G0C1CCT6, STM32G0C1CCT6N, STM32G0C1CCU6N, STM32G0C1CET6N, STM32G0C1CEU6N, STM32G0C1KCT6, STM32G0C1NEY6TR, STM32G0C1RCI6N, STM32G0C1RCT6N, STM32G0C1REI6N, STM32G0C1RET6N, STM32G0C1VCI6, STM32G0C1VEI6, STM32G471CCT6, STM32G471CCU6, STM32G471CET3, STM32G471CET6, STM32G471CEU3, STM32G471CEU6, STM32G471MCT6, STM32G471MET3, STM32G471MET6, STM32G471MEY6TR, STM32G471QCT6, STM32G471QET3, STM32G471RCT6, STM32G471RET3, STM32G471RET6, STM32G471VCH6, STM32G471VCI6, STM32G471VCT6, STM32G471VEH3, STM32G471VEH6, STM32G471VEI3, STM32G471VEI6, STM32G471VET3, STM32G471VET6, STM32G474CCT6, STM32H503CBT6, STM32H503CBU6, STM32H503EBY6TR, STM32H503KBU6, STM32H503RBT6, STM32H562AGI6, STM32H562AII6, STM32H562IGK6, STM32H562IGT6, STM32H562IIK6, STM32H562IIT6, STM32H562RGT6, STM32H562RGV6, STM32H562RIT6, STM32H562RIV6, STM32H562VGT6, STM32H562VIT6, STM32H562ZGT6, STM32H562ZIT6, STM32H563AGI6, STM32H563AII3Q, STM32H563AII6, STM32H563IGK6, STM32H563IGT6, STM32H563IIK3Q, STM32H563IIK6, STM32H563IIT3Q, STM32H563IIT6, STM32H563MIY3QTR, STM32H563RGT6, STM32H563RGV6, STM32H563RIT6, STM32H563RIV6, STM32H563VGT6, STM32H563VIT3Q, STM32H563VIT6, STM32H563ZGT6, STM32H563ZIT3Q, STM32H563ZIT6, STM32H573AII3Q, STM32H573AII6, STM32H573I-DK, STM32H573IIK3Q, STM32H573IIK6, STM32H573IIT3Q, STM32H573IIT6, STM32H573MIY3QTR, STM32H573RIT6, STM32H573RIV6, STM32H573VIT3Q, STM32H573VIT6, STM32H573ZIT3Q, STM32H573ZIT6, STM32L4R5QGI6STR, STM32MP131AAE3, STM32MP131AAF3, STM32MP131AAG3, STM32MP131CAE3, STM32MP131CAF3, STM32MP131CAG3, STM32MP131DAE7, STM32MP131DAF7, STM32MP131DAG7, STM32MP131FAE7, STM32MP131FAF7, STM32MP131FAG7, STM32MP133AAE3, STM32MP133AAF3, STM32MP133AAG3, STM32MP133CAE3, STM32MP133CAF3, STM32MP133CAG3, STM32MP133DAE7, STM32MP133DAF7, STM32MP133DAG7, STM32MP133FAE7, STM32MP133FAF7, STM32MP133FAG7, STM32MP135AAE3, STM32MP135AAF3, STM32MP135AAG3, STM32MP135CAE3, STM32MP135CAF3, STM32MP135CAG3, STM32MP135DAE7, STM32MP135DAF7, STM32MP135DAG7, STM32MP135F-DK, STM32MP135FAE7, STM32MP135FAF7, STM32MP135FAF7T, STM32MP135FAF7U, STM32MP135FAG7, STM32U535CBT6, STM32U535CBT6Q, STM32U535CBU6, STM32U535CBU6Q, STM32U535CCT6, STM32U535CCT6Q, STM32U535CCU6, STM32U535CCU6Q, STM32U535CET6, STM32U535CET6Q, STM32U535CEU6, STM32U535CEU6Q, STM32U535JEY6QTR, STM32U535NCY6QTR, STM32U535NEY6QTR, STM32U535RBI6, STM32U535RBI6Q, STM32U535RBT6, STM32U535RBT6Q, STM32U535RCI6, STM32U535RCI6Q, STM32U535RCT6, STM32U535RCT6Q, STM32U535REI6, STM32U535REI6Q, STM32U535RET6, STM32U535RET6Q, STM32U535VCI6, STM32U535VCI6Q, STM32U535VCT6, STM32U535VCT6Q, STM32U535VEI6, STM32U535VEI6Q, STM32U535VET6, STM32U535VET6Q, STM32U545CET6, STM32U545CET6Q, STM32U545CEU6, STM32U545CEU6Q, STM32U545JEY6QTR, STM32U545NEY6QTR, STM32U545REI6, STM32U545REI6Q, STM32U545RET6, STM32U545RET6Q, STM32U545VEI6, STM32U545VEI6Q, STM32U545VET6, STM32U545VET6Q, STM32U595AIH6, STM32U595AIH6Q, STM32U595AJH6, STM32U595AJH6Q, STM32U595QII6, STM32U595QII6Q, STM32U595QJI6, STM32U595QJI6Q, STM32U595RIT6, STM32U595RIT6Q, STM32U595RJT6, STM32U595RJT6Q, STM32U595VIT6, STM32U595VIT6Q, STM32U595VJT6, STM32U595VJT6Q, STM32U595ZIT6, STM32U595ZIT6Q, STM32U595ZIY6QTR, STM32U595ZJT6, STM32U595ZJT6Q, STM32U595ZJY6QTR, STM32U599BJY6QTR, STM32U599NIH6Q, STM32U599NJH6Q, STM32U599VIT6Q, STM32U599VJT6, STM32U599VJT6Q, STM32U599ZIT6Q, STM32U599ZIY6QTR, STM32U599ZJT6Q, STM32U599ZJY6QTR, STM32U5A5AJH6, STM32U5A5AJH6Q, STM32U5A5QJI6, STM32U5A5QJI6Q, STM32U5A5RJT6, STM32U5A5RJT6Q, STM32U5A5VJT6, STM32U5A5VJT6Q, STM32U5A5ZJT6, STM32U5A5ZJT6Q, STM32U5A5ZJY6QTR, STM32U5A9BJY6QTR, STM32U5A9J-DK, STM32U5A9NJH6Q, STM32U5A9VJT6Q, STM32U5A9ZJT6Q, STM32U5A9ZJY6QTR, STM32U5F7VIT6, STM32U5F7VIT6Q, STM32U5F7VJT6, STM32U5F7VJT6Q, STM32U5F9BJY6QTR, STM32U5F9NJH6Q, STM32U5F9VIT6Q, STM32U5F9VJT6Q, STM32U5F9ZIJ6QTR, STM32U5F9ZIT6Q, STM32U5F9ZJJ6QTR, STM32U5F9ZJT6Q, STM32U5G7VJT6, STM32U5G7VJT6Q, STM32U5G9BJY6QTR, STM32U5G9J-DK1, STM32U5G9J-DK2, STM32U5G9NJH6Q, STM32U5G9VJT6Q, STM32U5G9ZJJ6QTR, STM32U5G9ZJT6Q, STM32WB1MMCH6, STM32WBA52CEU6, STM32WBA52CEU6T, STM32WBA52CGU6, STM32WBA52CGU6T, STM32WBA52KEU6, STM32WBA52KEU6T, STM32WBA52KGU6, STM32WBA52KGU6T, STM32WL5MOCH6, STM32WL5MOCH6TR]
2023-11-28 15:56:16,935 [INFO] DbMcus:217 - Found 3882 MCUs, 3882 are supported
2023-11-28 15:56:16,937 [INFO] ApiDb:423 - Load user favorites file /home/mustafa/.stm32cubeide/favorites.mcus.txt: 0 item(s)
2023-11-28 15:56:16,937 [INFO] ApiDb:427 - User favorites MCUs=[]
2023-11-28 15:56:16,937 [INFO] DbMcus:223 - Set 0 / 0 favorites MCUs
2023-11-28 15:56:17,215 [INFO] ApiDb:668 - CubeFinder database Data Model version=2.1
2023-11-28 15:56:17,215 [INFO] ApiDb:669 - CubeFinder database Configuration version=3.0.39
2023-11-28 15:56:17,215 [INFO] ApiDb:670 - CubeFinder database generation date=2023-11-06 (1699269565)
2023-11-28 15:56:17,215 [INFO] ApiDb:671 - CubeFinder database FW Pack versions=[FP-ATR-ASTRA1_V2.0.0, FP-SNS-FLIGHT1_V5.0.1, FP-SNS-FLIGHT1_V5.0.2, FP-SNS-MOTENV1_V4.3.1, FP-SNS-MOTENV1_V4.3.2, FP-SNS-MOTENVWB1_V1.3.0, FP-SNS-SMARTAG2_V1.2.0, STM32Cube_FW_C0_V1.1.0, STM32Cube_FW_F4_V1.28.0, STM32Cube_FW_F7_V1.17.0, STM32Cube_FW_G0_V1.6.1, STM32Cube_FW_G4_V1.5.1, STM32Cube_FW_H5_V0.5.1, STM32Cube_FW_H5_V1.1.1, STM32Cube_FW_H5_V1.2.0RC2, STM32Cube_FW_H7_V1.11.0, STM32Cube_FW_L0_V1.12.2, STM32Cube_FW_L5_V1.5.0, STM32Cube_FW_U5_V1.3.0RC4, STM32Cube_FW_U5_V1.4.0, STM32Cube_FW_WBA_V1.0.0RC1, STM32Cube_FW_WBA_V1.1.0RC1, STM32Cube_FW_WBA_V1.2.0, STM32Cube_FW_WBA_V1.2.0RC2, STM32Cube_FW_WB_V1.15.0RC1, STM32Cube_FW_WB_V1.16.0, STM32Cube_FW_WB_V1.16.0RC2, STM32Cube_FW_WB_V1.18.0, STM32Cube_FW_WL_V1.3.0, X-CUBE-ALGOBUILD_V1.3.0, X-CUBE-ALS_V1.0.1, X-CUBE-AZRTOS-F4_V1.1.0, X-CUBE-AZRTOS-F7_V1.1.0, X-CUBE-AZRTOS-G0_V1.1.0, X-CUBE-AZRTOS-G4_V2.0.0, X-CUBE-AZRTOS-H7_V3.1.0, X-CUBE-AZRTOS-L4_V1.0.0, X-CUBE-AZRTOS-L4_V2.0.0, X-CUBE-AZRTOS-L5_V1.1.0, X-CUBE-AZRTOS-WB_V2.0.0, X-CUBE-AZRTOS-WL_V2.0.0, X-CUBE-BLE1_V7.0.0, X-CUBE-BLE2_V3.3.0, X-CUBE-BLEMGR_V2.0.0, X-CUBE-EEPRMA1_V4.1.0, X-CUBE-EEPRMA1_V4.2.0, X-CUBE-FREERTOS_V1.1.0, X-CUBE-GNSS1_V6.0.0, X-CUBE-MEMS1_V10.0.0, X-CUBE-MEMS1_V9.1.0, X-CUBE-MEMS1_V9.4.0, X-CUBE-MEMS1_V9.6.0, X-CUBE-NFC4_V3.0.0, X-CUBE-NFC7_V1.0.1, X-CUBE-SFXS2LP1_V4.0.0, X-CUBE-SUBG2_V5.0.0, X-CUBE-TOF1_V3.3.1]
2023-11-28 15:56:17,257 [INFO] DbBoardsSqlite:226 - include board P-NUCLEO-WB55-NUCLEO as a kit item of type 'Nucleo-64'
2023-11-28 15:56:17,257 [INFO] DbBoardsSqlite:226 - include board P-NUCLEO-WB55-USBDONGLE as a kit item of type 'Nucleo USB Dongle'
2023-11-28 15:56:17,258 [INFO] DbBoardsSqlite:226 - include board STEVAL-IDP005V1 as a kit item of type 'Evaluation Board'
2023-11-28 15:56:17,258 [INFO] DbBoardsSqlite:226 - include board STEVAL-IDP005V2 as a kit item of type 'Evaluation Board'
2023-11-28 15:56:17,288 [INFO] ApiDb:240 - Found 323 in-development CPN: [B-G473E-ZEST1S, B-WB1M-WPAN1, B-WL5M-SUBG1, NUCLEO-C031C6, NUCLEO-H503RB, NUCLEO-H563ZI, NUCLEO-U545RE-Q, NUCLEO-U5A5ZJ-Q, NUCLEO-WBA52CG, STEVAL-PROTEUS1, STEVAL-SMARTAG2, STEVAL-STWINBX1, STM320518-EVAL, STM32C0116-DK, STM32C011D6Y3TR, STM32C011D6Y6TR, STM32C011F4P3, STM32C011F4P6, STM32C011F4U3, STM32C011F4U6TR, STM32C011F6P3, STM32C011F6P6, STM32C011F6U3, STM32C011F6U6TR, STM32C011J4M3, STM32C011J4M6, STM32C011J6M3, STM32C011J6M6, STM32C0316-DK, STM32C031C4T3, STM32C031C4T6, STM32C031C4U3, STM32C031C4U6, STM32C031C6T3, STM32C031C6T6, STM32C031C6U3, STM32C031C6U6, STM32C031F4P3, STM32C031F4P6, STM32C031F6P3, STM32C031F6P6, STM32C031G4U3, STM32C031G4U6, STM32C031G6U3, STM32C031G6U6, STM32C031K4T3, STM32C031K4T6, STM32C031K4U3, STM32C031K4U6, STM32C031K6T3, STM32C031K6T6, STM32C031K6U3, STM32C031K6U6, STM32G071K8TXN, STM32G071K8UXN, STM32G081GBU6N, STM32G081KBT6N, STM32G081KBUXN, STM32G0B1CCT6N, STM32G0B1KCT6, STM32G0B1NEY6TR, STM32G0B1RCT6N, STM32G0C1CCT6, STM32G0C1CCT6N, STM32G0C1CCU6N, STM32G0C1CET6N, STM32G0C1CEU6N, STM32G0C1KCT6, STM32G0C1NEY6TR, STM32G0C1RCI6N, STM32G0C1RCT6N, STM32G0C1REI6N, STM32G0C1RET6N, STM32G0C1VCI6, STM32G0C1VEI6, STM32G471CCT6, STM32G471CCU6, STM32G471CET3, STM32G471CET6, STM32G471CEU3, STM32G471CEU6, STM32G471MCT6, STM32G471MET3, STM32G471MET6, STM32G471MEY6TR, STM32G471QCT6, STM32G471QET3, STM32G471RCT6, STM32G471RET3, STM32G471RET6, STM32G471VCH6, STM32G471VCI6, STM32G471VCT6, STM32G471VEH3, STM32G471VEH6, STM32G471VEI3, STM32G471VEI6, STM32G471VET3, STM32G471VET6, STM32G474CCT6, STM32H503CBT6, STM32H503CBU6, STM32H503EBY6TR, STM32H503KBU6, STM32H503RBT6, STM32H562AGI6, STM32H562AII6, STM32H562IGK6, STM32H562IGT6, STM32H562IIK6, STM32H562IIT6, STM32H562RGT6, STM32H562RGV6, STM32H562RIT6, STM32H562RIV6, STM32H562VGT6, STM32H562VIT6, STM32H562ZGT6, STM32H562ZIT6, STM32H563AGI6, STM32H563AII3Q, STM32H563AII6, STM32H563IGK6, STM32H563IGT6, STM32H563IIK3Q, STM32H563IIK6, STM32H563IIT3Q, STM32H563IIT6, STM32H563MIY3QTR, STM32H563RGT6, STM32H563RGV6, STM32H563RIT6, STM32H563RIV6, STM32H563VGT6, STM32H563VIT3Q, STM32H563VIT6, STM32H563ZGT6, STM32H563ZIT3Q, STM32H563ZIT6, STM32H573AII3Q, STM32H573AII6, STM32H573I-DK, STM32H573IIK3Q, STM32H573IIK6, STM32H573IIT3Q, STM32H573IIT6, STM32H573MIY3QTR, STM32H573RIT6, STM32H573RIV6, STM32H573VIT3Q, STM32H573VIT6, STM32H573ZIT3Q, STM32H573ZIT6, STM32L4R5QGI6STR, STM32MP131AAE3, STM32MP131AAF3, STM32MP131AAG3, STM32MP131CAE3, STM32MP131CAF3, STM32MP131CAG3, STM32MP131DAE7, STM32MP131DAF7, STM32MP131DAG7, STM32MP131FAE7, STM32MP131FAF7, STM32MP131FAG7, STM32MP133AAE3, STM32MP133AAF3, STM32MP133AAG3, STM32MP133CAE3, STM32MP133CAF3, STM32MP133CAG3, STM32MP133DAE7, STM32MP133DAF7, STM32MP133DAG7, STM32MP133FAE7, STM32MP133FAF7, STM32MP133FAG7, STM32MP135AAE3, STM32MP135AAF3, STM32MP135AAG3, STM32MP135CAE3, STM32MP135CAF3, STM32MP135CAG3, STM32MP135DAE7, STM32MP135DAF7, STM32MP135DAG7, STM32MP135F-DK, STM32MP135FAE7, STM32MP135FAF7, STM32MP135FAF7T, STM32MP135FAF7U, STM32MP135FAG7, STM32U535CBT6, STM32U535CBT6Q, STM32U535CBU6, STM32U535CBU6Q, STM32U535CCT6, STM32U535CCT6Q, STM32U535CCU6, STM32U535CCU6Q, STM32U535CET6, STM32U535CET6Q, STM32U535CEU6, STM32U535CEU6Q, STM32U535JEY6QTR, STM32U535NCY6QTR, STM32U535NEY6QTR, STM32U535RBI6, STM32U535RBI6Q, STM32U535RBT6, STM32U535RBT6Q, STM32U535RCI6, STM32U535RCI6Q, STM32U535RCT6, STM32U535RCT6Q, STM32U535REI6, STM32U535REI6Q, STM32U535RET6, STM32U535RET6Q, STM32U535VCI6, STM32U535VCI6Q, STM32U535VCT6, STM32U535VCT6Q, STM32U535VEI6, STM32U535VEI6Q, STM32U535VET6, STM32U535VET6Q, STM32U545CET6, STM32U545CET6Q, STM32U545CEU6, STM32U545CEU6Q, STM32U545JEY6QTR, STM32U545NEY6QTR, STM32U545REI6, STM32U545REI6Q, STM32U545RET6, STM32U545RET6Q, STM32U545VEI6, STM32U545VEI6Q, STM32U545VET6, STM32U545VET6Q, STM32U595AIH6, STM32U595AIH6Q, STM32U595AJH6, STM32U595AJH6Q, STM32U595QII6, STM32U595QII6Q, STM32U595QJI6, STM32U595QJI6Q, STM32U595RIT6, STM32U595RIT6Q, STM32U595RJT6, STM32U595RJT6Q, STM32U595VIT6, STM32U595VIT6Q, STM32U595VJT6, STM32U595VJT6Q, STM32U595ZIT6, STM32U595ZIT6Q, STM32U595ZIY6QTR, STM32U595ZJT6, STM32U595ZJT6Q, STM32U595ZJY6QTR, STM32U599BJY6QTR, STM32U599NIH6Q, STM32U599NJH6Q, STM32U599VIT6Q, STM32U599VJT6, STM32U599VJT6Q, STM32U599ZIT6Q, STM32U599ZIY6QTR, STM32U599ZJT6Q, STM32U599ZJY6QTR, STM32U5A5AJH6, STM32U5A5AJH6Q, STM32U5A5QJI6, STM32U5A5QJI6Q, STM32U5A5RJT6, STM32U5A5RJT6Q, STM32U5A5VJT6, STM32U5A5VJT6Q, STM32U5A5ZJT6, STM32U5A5ZJT6Q, STM32U5A5ZJY6QTR, STM32U5A9BJY6QTR, STM32U5A9J-DK, STM32U5A9NJH6Q, STM32U5A9VJT6Q, STM32U5A9ZJT6Q, STM32U5A9ZJY6QTR, STM32U5F7VIT6, STM32U5F7VIT6Q, STM32U5F7VJT6, STM32U5F7VJT6Q, STM32U5F9BJY6QTR, STM32U5F9NJH6Q, STM32U5F9VIT6Q, STM32U5F9VJT6Q, STM32U5F9ZIJ6QTR, STM32U5F9ZIT6Q, STM32U5F9ZJJ6QTR, STM32U5F9ZJT6Q, STM32U5G7VJT6, STM32U5G7VJT6Q, STM32U5G9BJY6QTR, STM32U5G9J-DK1, STM32U5G9J-DK2, STM32U5G9NJH6Q, STM32U5G9VJT6Q, STM32U5G9ZJJ6QTR, STM32U5G9ZJT6Q, STM32WB1MMCH6, STM32WBA52CEU6, STM32WBA52CEU6T, STM32WBA52CGU6, STM32WBA52CGU6T, STM32WBA52KEU6, STM32WBA52KEU6T, STM32WBA52KGU6, STM32WBA52KGU6T, STM32WL5MOCH6, STM32WL5MOCH6TR]
2023-11-28 15:56:17,406 [INFO] BoardInfo:880 - No configuration file found for board P-NUCLEO-WB55
2023-11-28 15:56:17,406 [INFO] DbBoards:157 - Kit is not supported: P-NUCLEO-WB55
2023-11-28 15:56:17,410 [INFO] BoardInfo:880 - No configuration file found for board STEVAL-BFA001V1B
2023-11-28 15:56:17,410 [INFO] DbBoards:157 - Kit is not supported: STEVAL-BFA001V1B
2023-11-28 15:56:17,411 [INFO] BoardInfo:880 - No configuration file found for board STEVAL-BFA001V2B
2023-11-28 15:56:17,411 [INFO] DbBoards:157 - Kit is not supported: STEVAL-BFA001V2B
2023-11-28 15:56:17,414 [INFO] BoardInfo:880 - No configuration file found for board STEVAL-MKBOXPRO
2023-11-28 15:56:17,414 [INFO] DbBoards:157 - Board is not supported: STEVAL-MKBOXPRO
2023-11-28 15:56:17,559 [INFO] DbBoards:161 - Found 191 boards, 187 are supported
2023-11-28 15:56:17,562 [INFO] ApiDb:414 - User favorites file not found: /home/mustafa/.stm32cubeide/favorites.boards.txt
2023-11-28 15:56:17,562 [INFO] DbBoards:190 - Set 0 / 0 favorites Boards
2023-11-28 15:56:17,564 [INFO] ApiDb:668 - CubeFinder database Data Model version=2.1
2023-11-28 15:56:17,564 [INFO] ApiDb:669 - CubeFinder database Configuration version=3.0.39
2023-11-28 15:56:17,564 [INFO] ApiDb:670 - CubeFinder database generation date=2023-11-06 (1699269565)
2023-11-28 15:56:17,564 [INFO] ApiDb:671 - CubeFinder database FW Pack versions=[FP-ATR-ASTRA1_V2.0.0, FP-SNS-FLIGHT1_V5.0.1, FP-SNS-FLIGHT1_V5.0.2, FP-SNS-MOTENV1_V4.3.1, FP-SNS-MOTENV1_V4.3.2, FP-SNS-MOTENVWB1_V1.3.0, FP-SNS-SMARTAG2_V1.2.0, STM32Cube_FW_C0_V1.1.0, STM32Cube_FW_F4_V1.28.0, STM32Cube_FW_F7_V1.17.0, STM32Cube_FW_G0_V1.6.1, STM32Cube_FW_G4_V1.5.1, STM32Cube_FW_H5_V0.5.1, STM32Cube_FW_H5_V1.1.1, STM32Cube_FW_H5_V1.2.0RC2, STM32Cube_FW_H7_V1.11.0, STM32Cube_FW_L0_V1.12.2, STM32Cube_FW_L5_V1.5.0, STM32Cube_FW_U5_V1.3.0RC4, STM32Cube_FW_U5_V1.4.0, STM32Cube_FW_WBA_V1.0.0RC1, STM32Cube_FW_WBA_V1.1.0RC1, STM32Cube_FW_WBA_V1.2.0, STM32Cube_FW_WBA_V1.2.0RC2, STM32Cube_FW_WB_V1.15.0RC1, STM32Cube_FW_WB_V1.16.0, STM32Cube_FW_WB_V1.16.0RC2, STM32Cube_FW_WB_V1.18.0, STM32Cube_FW_WL_V1.3.0, X-CUBE-ALGOBUILD_V1.3.0, X-CUBE-ALS_V1.0.1, X-CUBE-AZRTOS-F4_V1.1.0, X-CUBE-AZRTOS-F7_V1.1.0, X-CUBE-AZRTOS-G0_V1.1.0, X-CUBE-AZRTOS-G4_V2.0.0, X-CUBE-AZRTOS-H7_V3.1.0, X-CUBE-AZRTOS-L4_V1.0.0, X-CUBE-AZRTOS-L4_V2.0.0, X-CUBE-AZRTOS-L5_V1.1.0, X-CUBE-AZRTOS-WB_V2.0.0, X-CUBE-AZRTOS-WL_V2.0.0, X-CUBE-BLE1_V7.0.0, X-CUBE-BLE2_V3.3.0, X-CUBE-BLEMGR_V2.0.0, X-CUBE-EEPRMA1_V4.1.0, X-CUBE-EEPRMA1_V4.2.0, X-CUBE-FREERTOS_V1.1.0, X-CUBE-GNSS1_V6.0.0, X-CUBE-MEMS1_V10.0.0, X-CUBE-MEMS1_V9.1.0, X-CUBE-MEMS1_V9.4.0, X-CUBE-MEMS1_V9.6.0, X-CUBE-NFC4_V3.0.0, X-CUBE-NFC7_V1.0.1, X-CUBE-SFXS2LP1_V4.0.0, X-CUBE-SUBG2_V5.0.0, X-CUBE-TOF1_V3.3.1]
2023-11-28 15:56:18,302 [ERROR] DbExamplesSqlite:437 - Missing JSON key: board_cpn
2023-11-28 15:56:18,302 [ERROR] DbExamplesSqlite:437 - Missing JSON key: board_cpn
2023-11-28 15:56:18,303 [ERROR] DbExamplesSqlite:437 - Missing JSON key: board_cpn
2023-11-28 15:56:18,303 [ERROR] DbExamplesSqlite:437 - Missing JSON key: board_cpn
2023-11-28 15:56:18,345 [INFO] DbExamplesSqlite:395 - Ignored 55 examples not supported by CubeIDE
2023-11-28 15:56:18,345 [INFO] DbExamplesSqlite:396 - Found 7548 examples active
2023-11-28 15:56:18,345 [INFO] DbExamplesSqlite:397 - Found 848 examples obsolete
2023-11-28 15:56:18,346 [INFO] DbExamplesSqlite:398 - Found 0 examples under development
2023-11-28 15:56:18,346 [INFO] DbExamplesSqlite:399 - Found 8 examples not building
2023-11-28 15:56:18,348 [INFO] DbExamples:125 - Found 7501 examples
2023-11-28 15:56:18,491 [ERROR] DbExamples:208 - Found 247 examples with invalid data (board or MCU)
2023-11-28 15:56:18,492 [INFO] DbExamples:222 - Found 93 boards with related examples
2023-11-28 15:56:18,493 [INFO] DbExamples:235 - Found 79 MCUs with related examples
2023-11-28 15:56:18,521 [INFO] ApiDb:414 - User favorites file not found: /home/mustafa/.stm32cubeide/favorites.examples.txt
2023-11-28 15:56:18,521 [INFO] DbExamples:250 - Set 0 / 0 favorites Examples
2023-11-28 15:56:18,624 [INFO] McuFinderGlobals:76 - Set McuFinderConnectedMode to true
2023-11-28 15:56:18,631 [INFO] MultiScanPanel:200 - Auto-refresh data requested => check proxy status ongoing
2023-11-28 15:56:18,633 [INFO] FinderPluginLoader:95 - Searching for filters in installed packs
2023-11-28 15:56:20,117 [INFO] LoadUrlFilesThread:185 - End of LoadServerUrlFiles without Thread
2023-11-28 15:56:20,123 [INFO] DetailPanel:341 - Set advertising image to /home/mustafa/STM32Cube/Repository//en.prom-stm32h5-mcu-finder.jpg
2023-11-28 15:58:07,028 [INFO] MainUpdater:2868 - connection check result : 10
2023-11-28 15:58:07,029 [INFO] MainUpdater:2868 - connection check result : 10
2023-11-28 15:58:07,058 [INFO] MicroXplorer:468 - Change Database Path : 
2023-11-28 15:58:07,059 [INFO] MicroXplorer:498 - Change Database Version : DB.6.0.92
2023-11-28 15:58:07,070 [WARN] ThirdParty:871 - waiting for thirdparty lock release [close project]
2023-11-28 15:58:07,070 [INFO] ThirdParty:873 - entering critical section [close project]
2023-11-28 15:58:07,073 [INFO] ThirdParty:883 - exiting critical section [close project]
2023-11-28 15:58:07,081 [INFO] PinOutPanel:1499 - setPackage(No Configuration,No Configuration)
2023-11-28 15:58:07,096 [INFO] UtilMem:75 - Begin LoadConfig() Used Memory: 669653576 Bytes (956301312)
2023-11-28 15:58:07,099 [INFO] MicroXplorer:468 - Change Database Path : 
2023-11-28 15:58:07,100 [INFO] MicroXplorer:498 - Change Database Version : DB.6.0.92
2023-11-28 15:58:07,100 [INFO] OpenFileManager:308 - Change cursor
2023-11-28 15:58:07,187 [INFO] Mcu:1946 - Initializing MCU STM32F103C8Tx STM32F103C8Tx STM32F103C8T6
2023-11-28 15:58:09,537 [INFO] Context:659 - Trying to add GPIOservice into a context  which must be forbidden
2023-11-28 15:58:10,459 [INFO] ImportTextPane:194 - (OptionalMessage_ERROR) Unable to find key (Mcu.ThirdPartyNb) in loaded IOC file
2023-11-28 15:58:10,459 [INFO] ImportTextPane:194 - (OptionalMessage_ERROR) Unable to find key (Mcu.PinsNb) in loaded IOC file
2023-11-28 15:58:10,460 [INFO] ImportTextPane:194 - (OptionalMessage_ERROR) Unable to find key (Mcu.IPNb) in loaded IOC file
2023-11-28 15:58:11,049 [INFO] RtosManager:555 - Registered RTOS mode: class=CMSIS, group=RTOS, mode=CMSIS_V1, owner=FREERTOS
2023-11-28 15:58:11,050 [INFO] RtosManager:555 - Registered RTOS mode: class=CMSIS, group=RTOS2, mode=CMSIS_V2, owner=FREERTOS
2023-11-28 15:58:11,050 [INFO] RtosManager:555 - Registered RTOS mode: class=RTOS, group=Core, mode=CMSIS_V1, owner=FREERTOS
2023-11-28 15:58:11,051 [INFO] RtosManager:555 - Registered RTOS mode: class=RTOS, group=Core, mode=CMSIS_V2, owner=FREERTOS
2023-11-28 15:58:11,052 [WARN] ModelIntegratedComponent:184 - Missing modes for component STMicroelectronics:FreeRTOS:0.0.1:STMicroelectronics:RTOS:FreeRTOS:Core:::10.2.0:
2023-11-28 15:58:11,100 [WARN] ModelIntegratedComponent:63 - No mode defined for component null
2023-11-28 15:58:11,101 [WARN] ModelIntegratedComponent:63 - No mode defined for component null
2023-11-28 15:58:11,101 [WARN] ModelIntegratedComponent:63 - No mode defined for component null
2023-11-28 15:58:11,101 [WARN] ModelIntegratedComponent:63 - No mode defined for component null
2023-11-28 15:58:11,101 [WARN] ModelIntegratedComponent:63 - No mode defined for component null
2023-11-28 15:58:11,102 [WARN] ModelIntegratedComponent:63 - No mode defined for component null
2023-11-28 15:58:11,102 [WARN] ModelIntegratedComponent:63 - No mode defined for component null
2023-11-28 15:58:11,102 [WARN] ModelIntegratedComponent:63 - No mode defined for component null
2023-11-28 15:58:11,102 [WARN] ModelIntegratedComponent:63 - No mode defined for component null
2023-11-28 15:58:11,102 [WARN] ModelIntegratedComponent:63 - No mode defined for component null
2023-11-28 15:58:11,102 [WARN] ModelIntegratedComponent:63 - No mode defined for component null
2023-11-28 15:58:11,103 [WARN] ModelIntegratedComponent:63 - No mode defined for component null
2023-11-28 15:58:11,103 [WARN] ModelIntegratedComponent:63 - No mode defined for component null
2023-11-28 15:58:11,103 [WARN] ModelIntegratedComponent:63 - No mode defined for component null
2023-11-28 15:58:11,103 [WARN] ModelIntegratedComponent:63 - No mode defined for component null
2023-11-28 15:58:11,103 [WARN] ModelIntegratedComponent:63 - No mode defined for component null
2023-11-28 15:58:11,104 [WARN] ModelIntegratedComponent:63 - No mode defined for component null
2023-11-28 15:58:11,104 [WARN] ModelIntegratedComponent:63 - No mode defined for component null
2023-11-28 15:58:11,104 [WARN] ModelIntegratedComponent:63 - No mode defined for component null
2023-11-28 15:58:11,104 [WARN] ModelIntegratedComponent:63 - No mode defined for component null
2023-11-28 15:58:11,104 [WARN] ModelIntegratedComponent:63 - No mode defined for component null
2023-11-28 15:58:11,105 [WARN] ModelIntegratedComponent:63 - No mode defined for component null
2023-11-28 15:58:11,105 [WARN] ModelIntegratedComponent:63 - No mode defined for component null
2023-11-28 15:58:11,105 [WARN] ModelIntegratedComponent:63 - No mode defined for component null
2023-11-28 15:58:11,105 [WARN] ModelIntegratedComponent:63 - No mode defined for component null
2023-11-28 15:58:11,105 [WARN] ModelIntegratedComponent:63 - No mode defined for component null
2023-11-28 15:58:11,106 [WARN] ModelIntegratedComponent:63 - No mode defined for component null
2023-11-28 15:58:11,106 [WARN] ModelIntegratedComponent:63 - No mode defined for component null
2023-11-28 15:58:11,106 [WARN] ModelIntegratedComponent:63 - No mode defined for component null
2023-11-28 15:58:11,106 [WARN] ModelIntegratedComponent:63 - No mode defined for component null
2023-11-28 15:58:11,106 [WARN] ModelIntegratedComponent:63 - No mode defined for component null
2023-11-28 15:58:11,106 [WARN] ModelIntegratedComponent:63 - No mode defined for component null
2023-11-28 15:58:11,107 [WARN] ModelIntegratedComponent:63 - No mode defined for component null
2023-11-28 15:58:11,421 [INFO] ThirdPartyModel:298 - Start build external matchings
2023-11-28 15:58:13,533 [INFO] ThirdPartyModel:316 - End build external matchings
2023-11-28 15:58:13,827 [INFO] UtilMem:75 - End LoadConfig() Used Memory: 817942120 Bytes (1073741824)
2023-11-28 15:58:13,853 [WARN] ThirdParty:833 - waiting for thirdparty lock release [change project]
2023-11-28 15:58:13,853 [INFO] ThirdParty:835 - entering critical section [change project]
2023-11-28 15:58:13,854 [INFO] ThirdParty:1030 - CMSIS Pack Vendor :STMicroelectronics X-CUBE-ISPU 1.1.0
2023-11-28 15:58:13,854 [INFO] ThirdParty:1030 - CMSIS Pack Vendor :STMicroelectronics USBPD 4.1
2023-11-28 15:58:13,854 [INFO] ThirdParty:1030 - CMSIS Pack Vendor :STMicroelectronics X-CUBE-GNSS1 6.0.0
2023-11-28 15:58:13,854 [INFO] ThirdParty:1030 - CMSIS Pack Vendor :STMicroelectronics USB_HOST 2.0.0
2023-11-28 15:58:13,855 [INFO] ThirdParty:1030 - CMSIS Pack Vendor :STMicroelectronics X-CUBE-AZRTOS-F4 1.1.0
2023-11-28 15:58:13,855 [INFO] ThirdParty:1030 - CMSIS Pack Vendor :STMicroelectronics LIBJPEG 8.0.0
2023-11-28 15:58:13,855 [INFO] ThirdParty:1030 - CMSIS Pack Vendor :wolfSSL I-CUBE-wolfSSL 5.6.3
2023-11-28 15:58:13,855 [INFO] ThirdParty:1030 - CMSIS Pack Vendor :STMicroelectronics X-CUBE-SMBUS 2.1.0
2023-11-28 15:58:13,855 [INFO] ThirdParty:1030 - CMSIS Pack Vendor :STMicroelectronics USB_DEVICE 3.0.0
2023-11-28 15:58:13,855 [INFO] ThirdParty:1030 - CMSIS Pack Vendor :STMicroelectronics X-CUBE-AZRTOS-WB 2.0.0
2023-11-28 15:58:13,855 [INFO] ThirdParty:1030 - CMSIS Pack Vendor :STMicroelectronics X-CUBE-AZRTOS-F7 1.1.0
2023-11-28 15:58:13,856 [INFO] ThirdParty:1030 - CMSIS Pack Vendor :STMicroelectronics X-CUBE-AZRTOS-L5 2.0.0
2023-11-28 15:58:13,856 [INFO] ThirdParty:1030 - CMSIS Pack Vendor :STMicroelectronics USB_DEVICE 2.0.0
2023-11-28 15:58:13,856 [INFO] ThirdParty:1030 - CMSIS Pack Vendor :STMicroelectronics X-CUBE-MEMS1 9.6.0
2023-11-28 15:58:13,856 [INFO] ThirdParty:1030 - CMSIS Pack Vendor :STMicroelectronics X-CUBE-EEPRMA1 4.2.0
2023-11-28 15:58:13,856 [INFO] ThirdParty:1030 - CMSIS Pack Vendor :ITTIA_DB I-CUBE-ITTIADB 8.8.0
2023-11-28 15:58:13,856 [INFO] ThirdParty:1030 - CMSIS Pack Vendor :STMicroelectronics FP-SNS-MOTENV1 4.3.2
2023-11-28 15:58:13,857 [INFO] ThirdParty:1030 - CMSIS Pack Vendor :STMicroelectronics X-CUBE-ALGOBUILD 1.3.0
2023-11-28 15:58:13,857 [INFO] ThirdParty:1030 - CMSIS Pack Vendor :STMicroelectronics FreeRTOS 0.0.1
2023-11-28 15:58:13,857 [INFO] ThirdParty:1030 - CMSIS Pack Vendor :STMicroelectronics X-CUBE-AZRTOS-G0 1.1.0
2023-11-28 15:58:13,857 [INFO] ThirdParty:1030 - CMSIS Pack Vendor :STMicroelectronics X-CUBE-BLEMGR 2.0.0
2023-11-28 15:58:13,857 [INFO] ThirdParty:1030 - CMSIS Pack Vendor :STMicroelectronics X-CUBE-NFC4 3.0.0
2023-11-28 15:58:13,858 [INFO] ThirdParty:1030 - CMSIS Pack Vendor :STMicroelectronics X-CUBE-SUBG2 5.0.0
2023-11-28 15:58:13,858 [INFO] ThirdParty:1030 - CMSIS Pack Vendor :STMicroelectronics STM32_WPAN 1.0.0
2023-11-28 15:58:13,858 [INFO] ThirdParty:1030 - CMSIS Pack Vendor :STMicroelectronics lwIP 2.0.3
2023-11-28 15:58:13,858 [INFO] ThirdParty:1030 - CMSIS Pack Vendor :STMicroelectronics FP-SNS-FLIGHT1 5.0.2
2023-11-28 15:58:13,858 [INFO] ThirdParty:1030 - CMSIS Pack Vendor :STMicroelectronics USB_HOST 1.0.0
2023-11-28 15:58:13,858 [INFO] ThirdParty:1030 - CMSIS Pack Vendor :STMicroelectronics X-CUBE-TOF1 3.3.1
2023-11-28 15:58:13,858 [INFO] ThirdParty:1030 - CMSIS Pack Vendor :STMicroelectronics X-CUBE-AZRTOS-G4 2.0.0
2023-11-28 15:58:13,859 [INFO] ThirdParty:1030 - CMSIS Pack Vendor :STMicroelectronics PDM2PCM 3.1.0
2023-11-28 15:58:13,859 [INFO] ThirdParty:1030 - CMSIS Pack Vendor :STMicroelectronics X-CUBE-AZRTOS-H7 3.1.0
2023-11-28 15:58:13,859 [INFO] ThirdParty:1030 - CMSIS Pack Vendor :Infineon AIROC-Wi-Fi-Bluetooth-STM32 1.5.1
2023-11-28 15:58:13,859 [INFO] ThirdParty:1030 - CMSIS Pack Vendor :STMicroelectronics X-CUBE-BLEMGR 3.0.0
2023-11-28 15:58:13,859 [INFO] ThirdParty:1030 - CMSIS Pack Vendor :STMicroelectronics PDM2PCM 3.3.0
2023-11-28 15:58:13,860 [INFO] ThirdParty:1030 - CMSIS Pack Vendor :STMicroelectronics X-CUBE-DISPLAY 3.0.0
2023-11-28 15:58:13,860 [INFO] ThirdParty:1030 - CMSIS Pack Vendor :STMicroelectronics FP-SNS-MOTENVWB1 1.3.0
2023-11-28 15:58:13,860 [INFO] ThirdParty:1030 - CMSIS Pack Vendor :STMicroelectronics X-CUBE-BLE1 7.0.0
2023-11-28 15:58:13,860 [INFO] ThirdParty:1030 - CMSIS Pack Vendor :STMicroelectronics FP-ATR-SIGFOX1 3.2.0
2023-11-28 15:58:13,860 [INFO] ThirdParty:1030 - CMSIS Pack Vendor :STMicroelectronics HAL Drivers 0.0.0
2023-11-28 15:58:13,860 [INFO] ThirdParty:1030 - CMSIS Pack Vendor :STMicroelectronics MBEDTLS 2.16.2
2023-11-28 15:58:13,861 [INFO] ThirdParty:1030 - CMSIS Pack Vendor :emotas I-CUBE-CANOPEN 1.3.0
2023-11-28 15:58:13,861 [INFO] ThirdParty:1030 - CMSIS Pack Vendor :STMicroelectronics X-CUBE-MEMS1 10.0.0
2023-11-28 15:58:13,861 [INFO] ThirdParty:1030 - CMSIS Pack Vendor :STMicroelectronics X-CUBE-FREERTOS 1.1.0
2023-11-28 15:58:13,861 [INFO] ThirdParty:1030 - CMSIS Pack Vendor :STMicroelectronics X-CUBE-NFC7 1.0.1
2023-11-28 15:58:13,861 [INFO] ThirdParty:1030 - CMSIS Pack Vendor :STMicroelectronics MBEDTLS 2.14.1
2023-11-28 15:58:13,861 [INFO] ThirdParty:1030 - CMSIS Pack Vendor :STMicroelectronics X-CUBE-TOUCHGFX 4.22.1
2023-11-28 15:58:13,862 [INFO] ThirdParty:1030 - CMSIS Pack Vendor :STMicroelectronics X-CUBE-NFC6 3.0.0
2023-11-28 15:58:13,862 [INFO] ThirdParty:1030 - CMSIS Pack Vendor :STMicroelectronics X-CUBE-EEPRMA1 4.1.0
2023-11-28 15:58:13,862 [INFO] ThirdParty:1030 - CMSIS Pack Vendor :portGmbH I-Cube-SoM-uGOAL 1.1.0
2023-11-28 15:58:13,862 [INFO] ThirdParty:1030 - CMSIS Pack Vendor :STMicroelectronics X-CUBE-ALS 1.0.1
2023-11-28 15:58:13,862 [INFO] ThirdParty:1030 - CMSIS Pack Vendor :STMicroelectronics ThreadX 1.0.0
2023-11-28 15:58:13,863 [INFO] ThirdParty:1030 - CMSIS Pack Vendor :STMicroelectronics FP-SNS-SMARTAG2 1.2.0
2023-11-28 15:58:13,863 [INFO] ThirdParty:1030 - CMSIS Pack Vendor :STMicroelectronics X-CUBE-AZRTOS-WL 2.0.0
2023-11-28 15:58:13,863 [INFO] ThirdParty:1030 - CMSIS Pack Vendor :SEGGER I-CUBE-embOS 1.3.1
2023-11-28 15:58:13,863 [INFO] ThirdParty:1030 - CMSIS Pack Vendor :STMicroelectronics USB_DEVICE 1.0.0
2023-11-28 15:58:13,863 [INFO] ThirdParty:1030 - CMSIS Pack Vendor :STMicroelectronics X-CUBE-AI 8.1.0
2023-11-28 15:58:13,864 [INFO] ThirdParty:1030 - CMSIS Pack Vendor :STMicroelectronics X-CUBE-AZRTOS-L4 2.0.0
2023-11-28 15:58:13,864 [INFO] ThirdParty:1030 - CMSIS Pack Vendor :STMicroelectronics ThreadX 0.0.2
2023-11-28 15:58:13,864 [INFO] ThirdParty:1030 - CMSIS Pack Vendor :WES I-CUBE-Cesium 1.3.0
2023-11-28 15:58:13,864 [INFO] ThirdParty:1030 - CMSIS Pack Vendor :STMicroelectronics FP-ATR-ASTRA1 2.0.0
2023-11-28 15:58:13,864 [INFO] ThirdParty:1030 - CMSIS Pack Vendor :STMicroelectronics lwIP 2.1.2
2023-11-28 15:58:13,864 [INFO] ThirdParty:1030 - CMSIS Pack Vendor :STMicroelectronics X-CUBE-SFXS2LP1 4.0.0
2023-11-28 15:58:13,865 [INFO] ThirdParty:1030 - CMSIS Pack Vendor :STMicroelectronics X-CUBE-BLE2 3.3.0
2023-11-28 15:58:13,865 [INFO] ThirdParty:1030 - CMSIS Pack Vendor :STMicroelectronics X-CUBE-TOF1 3.4.0
2023-11-28 15:58:13,865 [INFO] ThirdParty:1030 - CMSIS Pack Vendor :STMicroelectronics PDM2PCM 3.2.0
2023-11-28 15:58:13,865 [INFO] ThirdParty:841 - exiting critical section [change project]
2023-11-28 15:58:14,624 [INFO] PinOutPanel:1499 - setPackage(No Configuration,No Configuration)
2023-11-28 15:58:14,627 [INFO] PinOutPanel:1499 - setPackage(STM32F103C8Tx,LQFP48)
2023-11-28 15:58:15,958 [INFO] UtilMem:75 - Before build in PCC Used Memory: 593749216 Bytes (1073741824)
2023-11-28 15:58:17,884 [INFO] UtilMem:75 - After build in PCC Used Memory: 692841696 Bytes (1073741824)
2023-11-28 15:58:17,985 [INFO] IPUIPlugin:80 - create IPUIPlugin
2023-11-28 15:58:17,986 [INFO] IPUIPlugin:80 - create IPUIPlugin
2023-11-28 15:58:17,987 [INFO] IPUIPlugin:80 - create IPUIPlugin
2023-11-28 15:58:17,987 [INFO] IPUIPlugin:80 - create IPUIPlugin
2023-11-28 15:58:17,988 [INFO] IPUIPlugin:80 - create IPUIPlugin
2023-11-28 15:58:17,988 [INFO] IPUIPlugin:80 - create IPUIPlugin
2023-11-28 15:58:17,989 [INFO] IPUIPlugin:80 - create IPUIPlugin
2023-11-28 15:58:17,990 [INFO] IPUIPlugin:80 - create IPUIPlugin
2023-11-28 15:58:17,990 [INFO] IPUIPlugin:80 - create IPUIPlugin
2023-11-28 15:58:17,991 [INFO] IPUIPlugin:80 - create IPUIPlugin
2023-11-28 15:58:17,992 [INFO] IPUIPlugin:80 - create IPUIPlugin
2023-11-28 15:58:17,992 [INFO] IPUIPlugin:80 - create IPUIPlugin
2023-11-28 15:58:17,993 [INFO] IPUIPlugin:80 - create IPUIPlugin
2023-11-28 15:58:17,994 [INFO] IPUIPlugin:80 - create IPUIPlugin
2023-11-28 15:58:17,995 [INFO] IPUIPlugin:80 - create IPUIPlugin
2023-11-28 15:58:17,995 [INFO] IPUIPlugin:80 - create IPUIPlugin
2023-11-28 15:58:17,996 [INFO] IPUIPlugin:80 - create IPUIPlugin
2023-11-28 15:58:17,997 [INFO] IPUIPlugin:80 - create IPUIPlugin
2023-11-28 15:58:17,997 [INFO] IPUIPlugin:80 - create IPUIPlugin
2023-11-28 15:58:17,997 [INFO] IPUIPlugin:80 - create IPUIPlugin
2023-11-28 15:58:17,998 [INFO] IPUIPlugin:80 - create IPUIPlugin
2023-11-28 15:58:17,998 [INFO] IPUIPlugin:80 - create IPUIPlugin
2023-11-28 15:58:17,999 [INFO] IPUIPlugin:80 - create IPUIPlugin
2023-11-28 15:58:17,999 [INFO] IPUIPlugin:80 - create IPUIPlugin
2023-11-28 15:58:18,000 [INFO] IPUIPlugin:80 - create IPUIPlugin
2023-11-28 15:58:18,002 [INFO] IPUIPlugin:80 - create IPUIPlugin
2023-11-28 15:58:18,003 [INFO] IPUIPlugin:80 - create IPUIPlugin
2023-11-28 15:58:18,368 [INFO] CADModel:165 - CPN selected for project levelSTM32F103C8T6
2023-11-28 15:58:18,369 [INFO] CADModel:114 - Register for checkConnection events
2023-11-28 15:58:18,418 [INFO] OpenFileManager:328 - Restore cursor
2023-11-28 15:58:19,364 [INFO] UtilMem:75 - End SaveConfig() Used Memory: 765715680 Bytes (1073741824)
2023-11-28 15:58:19,470 [INFO] UtilMem:75 - End SaveConfig() Used Memory: 778873680 Bytes (1073741824)
2023-11-28 15:58:20,784 [INFO] BlockDiagram:2759 - set Specific Code input for plugin: NVIC
2023-11-28 15:58:20,785 [INFO] BlockDiagram:2759 - set Specific Code input for plugin: RCC
2023-11-28 15:58:20,786 [INFO] CodeGenerator:799 - code generatio: config db path: /opt/st/stm32cubeide_1.13.2/plugins/com.st.stm32cube.common.mx_6.9.2.202309101412//db/
2023-11-28 15:58:21,458 [INFO] CodeEngine:255 - oldGeneratedFile, /home/mustafa/STM32CubeIDE/workspace_1.13.2/FREERTOS/MXTmpFiles/license.tmp_save
2023-11-28 15:58:22,532 [INFO] CodeEngine:279 - Generated code: /home/mustafa/STM32CubeIDE/workspace_1.13.2/FREERTOS/MXTmpFiles/license.tmp
2023-11-28 15:58:22,549 [INFO] CodeEngine:255 - oldGeneratedFile, /home/mustafa/STM32CubeIDE/workspace_1.13.2/FREERTOS/Core/Src/stm32f1xx_it.c_save
2023-11-28 15:58:23,132 [INFO] CodeEngine:279 - Generated code: /home/mustafa/STM32CubeIDE/workspace_1.13.2/FREERTOS/Core/Src/stm32f1xx_it.c
2023-11-28 15:58:23,138 [INFO] CodeEngine:255 - oldGeneratedFile, /home/mustafa/STM32CubeIDE/workspace_1.13.2/FREERTOS/Core/Inc/stm32f1xx_it.h_save
2023-11-28 15:58:23,497 [INFO] CodeEngine:279 - Generated code: /home/mustafa/STM32CubeIDE/workspace_1.13.2/FREERTOS/Core/Inc/stm32f1xx_it.h
2023-11-28 15:58:23,723 [INFO] CodeEngine:255 - oldGeneratedFile, /home/mustafa/STM32CubeIDE/workspace_1.13.2/FREERTOS/Core/Src/stm32f1xx_hal_msp.c_save
2023-11-28 15:58:24,060 [INFO] CodeEngine:279 - Generated code: /home/mustafa/STM32CubeIDE/workspace_1.13.2/FREERTOS/Core/Src/stm32f1xx_hal_msp.c
2023-11-28 15:58:24,064 [INFO] CodeEngine:255 - oldGeneratedFile, /home/mustafa/STM32CubeIDE/workspace_1.13.2/FREERTOS/MXTmpFiles/system.tmp_save
2023-11-28 15:58:24,272 [INFO] CodeEngine:279 - Generated code: /home/mustafa/STM32CubeIDE/workspace_1.13.2/FREERTOS/MXTmpFiles/system.tmp
2023-11-28 15:58:24,281 [INFO] CodeEngine:311 - oldGeneratedFile, /home/mustafa/STM32CubeIDE/workspace_1.13.2/FREERTOS/Core/Inc/stm32f1xx_hal_conf.h_save
2023-11-28 15:58:24,509 [INFO] CodeEngine:335 - Generated code: /home/mustafa/STM32CubeIDE/workspace_1.13.2/FREERTOS/Core/Inc/stm32f1xx_hal_conf.h
2023-11-28 15:58:24,590 [INFO] CodeEngine:255 - oldGeneratedFile, /home/mustafa/STM32CubeIDE/workspace_1.13.2/FREERTOS/Core/Inc/main.h_save
2023-11-28 15:58:24,864 [INFO] CodeEngine:279 - Generated code: /home/mustafa/STM32CubeIDE/workspace_1.13.2/FREERTOS/Core/Inc/main.h
2023-11-28 15:58:24,870 [INFO] CodeEngine:255 - oldGeneratedFile, /home/mustafa/STM32CubeIDE/workspace_1.13.2/FREERTOS/Core/Src/main.c_save
2023-11-28 15:58:25,268 [INFO] CodeEngine:279 - Generated code: /home/mustafa/STM32CubeIDE/workspace_1.13.2/FREERTOS/Core/Src/main.c
2023-11-28 15:58:26,708 [INFO] ProjectBuilder:3064 - Time for Copy HAL[1] : 71mS.
2023-11-28 15:58:26,720 [INFO] ProjectBuilder:4404 - Project Generator version: 4.1.0
2023-11-28 15:58:27,791 [INFO] ConfigFileManager:1457 - The Die is : DIE410
2023-11-28 15:58:27,826 [INFO] ApiDbMcu:507 - Load IP Config File for FATFS
2023-11-28 15:58:27,919 [INFO] ApiDbMcu:507 - Load IP Config File for FREERTOS
2023-11-28 15:58:27,991 [INFO] ApiDbMcu:507 - Load IP Config File for USB_DEVICE
2023-11-28 15:58:29,986 [INFO] LogOutputStream:77 - [STDOUT_REDIRECT] 
2023-11-28 15:58:37,061 [INFO] ProjectBuilder:4626 - Time for Generating toolchain IDE Files: 10341mS.
2023-11-28 15:58:37,063 [INFO] ProjectBuilder:2935 - Time for Copy CMSIS : 1mS.
2023-11-28 15:58:37,065 [INFO] ProjectBuilder:2935 - Time for Copy CMSIS : 0mS.
2023-11-28 15:58:38,263 [INFO] McuFinderGlobals:76 - Set McuFinderConnectedMode to true
2023-11-28 15:58:38,270 [INFO] ApiDb:448 - Save user favorites file /home/mustafa/.stm32cubeide/favorites.mcus.txt: 0 item(s)
2023-11-28 15:58:38,271 [INFO] ApiDb:452 - User favorites MCUs=[]
2023-11-28 15:59:00,598 [INFO] RtosManager:919 - Current active RTOS is FREERTOS [Cortex-M3NS]
2023-11-28 15:59:01,711 [ERROR] RtosPanel:558 - Can not restore the selected Tab for FREERTOS(A reason can be that the tab is no more available.)
2023-11-28 15:59:01,888 [ERROR] RtosPanel:558 - Can not restore the selected Tab for FREERTOS(A reason can be that the tab is no more available.)
2023-11-28 15:59:21,814 [INFO] UtilMem:75 - End SaveConfig() Used Memory: 700681360 Bytes (1073741824)
2023-11-28 16:00:05,856 [ERROR] RtosPanel:558 - Can not restore the selected Tab for FREERTOS(A reason can be that the tab is no more available.)
2023-11-28 16:00:16,073 [INFO] UtilMem:75 - End SaveConfig() Used Memory: 718521712 Bytes (1073741824)
2023-11-28 16:00:17,859 [INFO] UtilMem:75 - End SaveConfig() Used Memory: 742638960 Bytes (1073741824)
